CRITICAL - 2022-08-03 01:39:55 --> No such file or directory
in APPPATH/Config/Routes.php on line 69.
 1 APPPATH/Config/Routes.php(69): mysqli_connect('localhost', 'root', 'qwerty', 'namasteHub')
 2 SYSTEMPATH/CodeIgniter.php(758): require('APPPATH/Config/Routes.php')
 3 SYSTEMPATH/CodeIgniter.php(415): CodeIgniter\CodeIgniter->tryToRouteIt(Object(CodeIgniter\Router\RouteCollection))
 4 SYSTEMPATH/CodeIgniter.php(345): CodeIgniter\CodeIgniter->handleRequest(null, Object(Config\Cache), false)
 5 SYSTEMPATH/CLI/Console.php(48): CodeIgniter\CodeIgniter->run()
 6 ROOTPATH/spark(86): CodeIgniter\CLI\Console->run()
CRITICAL - 2022-08-03 01:42:24 --> No such file or directory
in APPPATH/Config/Routes.php on line 7.
 1 APPPATH/Config/Routes.php(7): mysqli_connect('localhost', 'root', 'qwerty', 'namasteHub')
 2 SYSTEMPATH/CodeIgniter.php(758): require('APPPATH/Config/Routes.php')
 3 SYSTEMPATH/CodeIgniter.php(415): CodeIgniter\CodeIgniter->tryToRouteIt(null)
 4 SYSTEMPATH/CodeIgniter.php(345): CodeIgniter\CodeIgniter->handleRequest(null, Object(Config\Cache), false)
 5 SYSTEMPATH/CLI/Console.php(48): CodeIgniter\CodeIgniter->run()
 6 ROOTPATH/spark(86): CodeIgniter\CLI\Console->run()
CRITICAL - 2022-08-03 01:43:40 --> No such file or directory
in APPPATH/Config/Routes.php on line 69.
 1 APPPATH/Config/Routes.php(69): mysqli_connect('localhost', 'root', 'qwerty', 'namasteHub')
 2 SYSTEMPATH/CodeIgniter.php(758): require('APPPATH/Config/Routes.php')
 3 SYSTEMPATH/CodeIgniter.php(415): CodeIgniter\CodeIgniter->tryToRouteIt(Object(CodeIgniter\Router\RouteCollection))
 4 SYSTEMPATH/CodeIgniter.php(345): CodeIgniter\CodeIgniter->handleRequest(null, Object(Config\Cache), false)
 5 SYSTEMPATH/CLI/Console.php(48): CodeIgniter\CodeIgniter->run()
 6 ROOTPATH/spark(86): CodeIgniter\CLI\Console->run()
CRITICAL - 2022-08-03 01:45:43 --> Access denied for user 'root'@'localhost' (using password: YES)
in APPPATH/Config/Routes.php on line 69.
 1 APPPATH/Config/Routes.php(69): mysqli_connect('localhost:3306', 'root', 'qwerty', 'namasteHub')
 2 SYSTEMPATH/CodeIgniter.php(758): require('APPPATH/Config/Routes.php')
 3 SYSTEMPATH/CodeIgniter.php(415): CodeIgniter\CodeIgniter->tryToRouteIt(Object(CodeIgniter\Router\RouteCollection))
 4 SYSTEMPATH/CodeIgniter.php(345): CodeIgniter\CodeIgniter->handleRequest(null, Object(Config\Cache), false)
 5 SYSTEMPATH/CLI/Console.php(48): CodeIgniter\CodeIgniter->run()
 6 ROOTPATH/spark(86): CodeIgniter\CLI\Console->run()
CRITICAL - 2022-08-03 01:46:03 --> Access denied for user 'root'@'localhost' (using password: YES)
in APPPATH/Config/Routes.php on line 69.
 1 APPPATH/Config/Routes.php(69): mysqli_connect('localhost:3306', 'root', 'Alandr!d42', 'namasteHub')
 2 SYSTEMPATH/CodeIgniter.php(758): require('APPPATH/Config/Routes.php')
 3 SYSTEMPATH/CodeIgniter.php(415): CodeIgniter\CodeIgniter->tryToRouteIt(Object(CodeIgniter\Router\RouteCollection))
 4 SYSTEMPATH/CodeIgniter.php(345): CodeIgniter\CodeIgniter->handleRequest(null, Object(Config\Cache), false)
 5 SYSTEMPATH/CLI/Console.php(48): CodeIgniter\CodeIgniter->run()
 6 ROOTPATH/spark(86): CodeIgniter\CLI\Console->run()
CRITICAL - 2022-08-03 01:46:44 --> Access denied for user 'root'@'localhost' (using password: YES)
in APPPATH/Config/Routes.php on line 69.
 1 APPPATH/Config/Routes.php(69): mysqli_connect('localhost:3306', 'root', 'qwerty', 'namasteHub')
 2 SYSTEMPATH/CodeIgniter.php(758): require('APPPATH/Config/Routes.php')
 3 SYSTEMPATH/CodeIgniter.php(415): CodeIgniter\CodeIgniter->tryToRouteIt(Object(CodeIgniter\Router\RouteCollection))
 4 SYSTEMPATH/CodeIgniter.php(345): CodeIgniter\CodeIgniter->handleRequest(null, Object(Config\Cache), false)
 5 SYSTEMPATH/CLI/Console.php(48): CodeIgniter\CodeIgniter->run()
 6 ROOTPATH/spark(86): CodeIgniter\CLI\Console->run()
