CRITICAL - 2022-08-18 03:17:49 --> Undefined array key "item"
in APPPATH/Views/Users/register.php on line 16.
 1 APPPATH/Views/Users/register.php(16): CodeIgniter\Debug\Exceptions->errorHandler(2, 'Undefined array key "item"', 'APPPATH/Views/Users/register.php', 16)
 2 SYSTEMPATH/View/View.php(213): include('APPPATH/Views/Users/register.php')
 3 SYSTEMPATH/View/View.php(216): CodeIgniter\View\View->CodeIgniter\View\{closure}()
 4 SYSTEMPATH/Common.php(1135): CodeIgniter\View\View->render('Users/register', [], true)
 5 APPPATH/Controllers/UserAccount.php(25): view('Users/register', [...])
 6 SYSTEMPATH/CodeIgniter.php(896): App\Controllers\UserAccount->register()
 7 SYSTEMPATH/CodeIgniter.php(466): CodeIgniter\CodeIgniter->runController(Object(App\Controllers\UserAccount))
 8 SYSTEMPATH/CodeIgniter.php(349): CodeIgniter\CodeIgniter->handleRequest(null, Object(Config\Cache), false)
 9 FCPATH/index.php(55): CodeIgniter\CodeIgniter->run()
10 SYSTEMPATH/Commands/Server/rewrite.php(43): require_once('FCPATH/index.php')
CRITICAL - 2022-08-18 03:21:22 --> Undefined variable $session
in APPPATH/Views/Users/register.php on line 16.
 1 APPPATH/Views/Users/register.php(16): CodeIgniter\Debug\Exceptions->errorHandler(2, 'Undefined variable $session', 'APPPATH/Views/Users/register.php', 16)
 2 SYSTEMPATH/View/View.php(213): include('APPPATH/Views/Users/register.php')
 3 SYSTEMPATH/View/View.php(216): CodeIgniter\View\View->CodeIgniter\View\{closure}()
 4 SYSTEMPATH/Common.php(1135): CodeIgniter\View\View->render('Users/register', [], true)
 5 APPPATH/Controllers/UserAccount.php(25): view('Users/register', [...])
 6 SYSTEMPATH/CodeIgniter.php(896): App\Controllers\UserAccount->register()
 7 SYSTEMPATH/CodeIgniter.php(466): CodeIgniter\CodeIgniter->runController(Object(App\Controllers\UserAccount))
 8 SYSTEMPATH/CodeIgniter.php(349): CodeIgniter\CodeIgniter->handleRequest(null, Object(Config\Cache), false)
 9 FCPATH/index.php(55): CodeIgniter\CodeIgniter->run()
10 SYSTEMPATH/Commands/Server/rewrite.php(43): require_once('FCPATH/index.php')
CRITICAL - 2022-08-18 06:19:56 --> Undefined variable $email
in APPPATH/Controllers/Admin.php on line 21.
 1 APPPATH/Controllers/Admin.php(21): CodeIgniter\Debug\Exceptions->errorHandler(2, 'Undefined variable $email', 'APPPATH/Controllers/Admin.php', 21)
 2 SYSTEMPATH/CodeIgniter.php(896): App\Controllers\Admin->authoriseAdmin()
 3 SYSTEMPATH/CodeIgniter.php(466): CodeIgniter\CodeIgniter->runController(Object(App\Controllers\Admin))
 4 SYSTEMPATH/CodeIgniter.php(349): CodeIgniter\CodeIgniter->handleRequest(null, Object(Config\Cache), false)
 5 FCPATH/index.php(55): CodeIgniter\CodeIgniter->run()
 6 SYSTEMPATH/Commands/Server/rewrite.php(43): require_once('FCPATH/index.php')
CRITICAL - 2022-08-18 06:23:28 --> Unclosed '{' on line 8
in APPPATH/Views/Users/dashboard.php on line 13.
 1 SYSTEMPATH/View/View.php(216): CodeIgniter\View\View->CodeIgniter\View\{closure}()
 2 SYSTEMPATH/Common.php(1135): CodeIgniter\View\View->render('Users/dashboard', [], true)
 3 APPPATH/Controllers/Login.php(50): view('Users/dashboard')
 4 SYSTEMPATH/CodeIgniter.php(896): App\Controllers\Login->dashboard()
 5 SYSTEMPATH/CodeIgniter.php(466): CodeIgniter\CodeIgniter->runController(Object(App\Controllers\Login))
 6 SYSTEMPATH/CodeIgniter.php(349): CodeIgniter\CodeIgniter->handleRequest(null, Object(Config\Cache), false)
 7 FCPATH/index.php(55): CodeIgniter\CodeIgniter->run()
 8 SYSTEMPATH/Commands/Server/rewrite.php(43): require_once('FCPATH/index.php')
CRITICAL - 2022-08-18 06:24:04 --> Unclosed '{' on line 8
in APPPATH/Views/Users/dashboard.php on line 13.
 1 SYSTEMPATH/View/View.php(216): CodeIgniter\View\View->CodeIgniter\View\{closure}()
 2 SYSTEMPATH/Common.php(1135): CodeIgniter\View\View->render('Users/dashboard', [], true)
 3 APPPATH/Controllers/Login.php(50): view('Users/dashboard')
 4 SYSTEMPATH/CodeIgniter.php(896): App\Controllers\Login->dashboard()
 5 SYSTEMPATH/CodeIgniter.php(466): CodeIgniter\CodeIgniter->runController(Object(App\Controllers\Login))
 6 SYSTEMPATH/CodeIgniter.php(349): CodeIgniter\CodeIgniter->handleRequest(null, Object(Config\Cache), false)
 7 FCPATH/index.php(55): CodeIgniter\CodeIgniter->run()
 8 SYSTEMPATH/Commands/Server/rewrite.php(43): require_once('FCPATH/index.php')
CRITICAL - 2022-08-18 06:24:13 --> Unclosed '{' on line 8
in APPPATH/Views/Users/dashboard.php on line 13.
 1 SYSTEMPATH/View/View.php(216): CodeIgniter\View\View->CodeIgniter\View\{closure}()
 2 SYSTEMPATH/Common.php(1135): CodeIgniter\View\View->render('Users/dashboard', [], true)
 3 APPPATH/Controllers/Login.php(50): view('Users/dashboard')
 4 SYSTEMPATH/CodeIgniter.php(896): App\Controllers\Login->dashboard()
 5 SYSTEMPATH/CodeIgniter.php(466): CodeIgniter\CodeIgniter->runController(Object(App\Controllers\Login))
 6 SYSTEMPATH/CodeIgniter.php(349): CodeIgniter\CodeIgniter->handleRequest(null, Object(Config\Cache), false)
 7 FCPATH/index.php(55): CodeIgniter\CodeIgniter->run()
 8 SYSTEMPATH/Commands/Server/rewrite.php(43): require_once('FCPATH/index.php')
CRITICAL - 2022-08-18 07:25:30 --> Invalid file: Admin/ adminView.php
in SYSTEMPATH/Exceptions/FrameworkException.php on line 33.
 1 SYSTEMPATH/View/View.php(201): CodeIgniter\Exceptions\FrameworkException::forInvalidFile('Admin/ adminView.php')
 2 SYSTEMPATH/Common.php(1135): CodeIgniter\View\View->render('Admin/ adminView', [], true)
 3 APPPATH/Controllers/Admin.php(20): view('Admin/ adminView')
 4 SYSTEMPATH/CodeIgniter.php(896): App\Controllers\Admin->adminView()
 5 SYSTEMPATH/CodeIgniter.php(466): CodeIgniter\CodeIgniter->runController(Object(App\Controllers\Admin))
 6 SYSTEMPATH/CodeIgniter.php(349): CodeIgniter\CodeIgniter->handleRequest(null, Object(Config\Cache), false)
 7 FCPATH/index.php(55): CodeIgniter\CodeIgniter->run()
 8 SYSTEMPATH/Commands/Server/rewrite.php(43): require_once('FCPATH/index.php')
CRITICAL - 2022-08-18 07:47:52 --> Class "App\Controllers\userModel" not found
in APPPATH/Controllers/Admin.php on line 16.
 1 SYSTEMPATH/CodeIgniter.php(896): App\Controllers\Admin->userView()
 2 SYSTEMPATH/CodeIgniter.php(466): CodeIgniter\CodeIgniter->runController(Object(App\Controllers\Admin))
 3 SYSTEMPATH/CodeIgniter.php(349): CodeIgniter\CodeIgniter->handleRequest(null, Object(Config\Cache), false)
 4 FCPATH/index.php(55): CodeIgniter\CodeIgniter->run()
 5 SYSTEMPATH/Commands/Server/rewrite.php(43): require_once('FCPATH/index.php')
CRITICAL - 2022-08-18 07:48:22 --> Undefined property: App\Controllers\Admin::$db
in APPPATH/Controllers/Admin.php on line 18.
 1 APPPATH/Controllers/Admin.php(18): CodeIgniter\Debug\Exceptions->errorHandler(2, 'Undefined property: App\\Controllers\\Admin::$db', 'APPPATH/Controllers/Admin.php', 18)
 2 SYSTEMPATH/CodeIgniter.php(896): App\Controllers\Admin->userView()
 3 SYSTEMPATH/CodeIgniter.php(466): CodeIgniter\CodeIgniter->runController(Object(App\Controllers\Admin))
 4 SYSTEMPATH/CodeIgniter.php(349): CodeIgniter\CodeIgniter->handleRequest(null, Object(Config\Cache), false)
 5 FCPATH/index.php(55): CodeIgniter\CodeIgniter->run()
 6 SYSTEMPATH/Commands/Server/rewrite.php(43): require_once('FCPATH/index.php')
CRITICAL - 2022-08-18 07:49:29 --> Call to undefined method CodeIgniter\Database\MySQLi\Connection::get()
in APPPATH/Controllers/Admin.php on line 18.
 1 SYSTEMPATH/CodeIgniter.php(896): App\Controllers\Admin->userView()
 2 SYSTEMPATH/CodeIgniter.php(466): CodeIgniter\CodeIgniter->runController(Object(App\Controllers\Admin))
 3 SYSTEMPATH/CodeIgniter.php(349): CodeIgniter\CodeIgniter->handleRequest(null, Object(Config\Cache), false)
 4 FCPATH/index.php(55): CodeIgniter\CodeIgniter->run()
 5 SYSTEMPATH/Commands/Server/rewrite.php(43): require_once('FCPATH/index.php')
CRITICAL - 2022-08-18 07:50:58 --> Call to undefined method CodeIgniter\Database\MySQLi\Connection::get()
in APPPATH/Controllers/Admin.php on line 18.
 1 SYSTEMPATH/CodeIgniter.php(896): App\Controllers\Admin->userView()
 2 SYSTEMPATH/CodeIgniter.php(466): CodeIgniter\CodeIgniter->runController(Object(App\Controllers\Admin))
 3 SYSTEMPATH/CodeIgniter.php(349): CodeIgniter\CodeIgniter->handleRequest(null, Object(Config\Cache), false)
 4 FCPATH/index.php(55): CodeIgniter\CodeIgniter->run()
 5 SYSTEMPATH/Commands/Server/rewrite.php(43): require_once('FCPATH/index.php')
CRITICAL - 2022-08-18 07:53:29 --> Undefined property: App\Controllers\Admin::$db
in APPPATH/Controllers/Admin.php on line 18.
 1 APPPATH/Controllers/Admin.php(18): CodeIgniter\Debug\Exceptions->errorHandler(2, 'Undefined property: App\\Controllers\\Admin::$db', 'APPPATH/Controllers/Admin.php', 18)
 2 SYSTEMPATH/CodeIgniter.php(896): App\Controllers\Admin->userView()
 3 SYSTEMPATH/CodeIgniter.php(466): CodeIgniter\CodeIgniter->runController(Object(App\Controllers\Admin))
 4 SYSTEMPATH/CodeIgniter.php(349): CodeIgniter\CodeIgniter->handleRequest(null, Object(Config\Cache), false)
 5 FCPATH/index.php(55): CodeIgniter\CodeIgniter->run()
 6 SYSTEMPATH/Commands/Server/rewrite.php(43): require_once('FCPATH/index.php')
CRITICAL - 2022-08-18 07:53:34 --> Undefined property: App\Controllers\Admin::$db
in APPPATH/Controllers/Admin.php on line 18.
 1 APPPATH/Controllers/Admin.php(18): CodeIgniter\Debug\Exceptions->errorHandler(2, 'Undefined property: App\\Controllers\\Admin::$db', 'APPPATH/Controllers/Admin.php', 18)
 2 SYSTEMPATH/CodeIgniter.php(896): App\Controllers\Admin->userView()
 3 SYSTEMPATH/CodeIgniter.php(466): CodeIgniter\CodeIgniter->runController(Object(App\Controllers\Admin))
 4 SYSTEMPATH/CodeIgniter.php(349): CodeIgniter\CodeIgniter->handleRequest(null, Object(Config\Cache), false)
 5 FCPATH/index.php(55): CodeIgniter\CodeIgniter->run()
 6 SYSTEMPATH/Commands/Server/rewrite.php(43): require_once('FCPATH/index.php')
CRITICAL - 2022-08-18 07:55:11 --> Undefined variable $data
in APPPATH/Controllers/Admin.php on line 19.
 1 APPPATH/Controllers/Admin.php(19): CodeIgniter\Debug\Exceptions->errorHandler(2, 'Undefined variable $data', 'APPPATH/Controllers/Admin.php', 19)
 2 SYSTEMPATH/CodeIgniter.php(896): App\Controllers\Admin->userView()
 3 SYSTEMPATH/CodeIgniter.php(466): CodeIgniter\CodeIgniter->runController(Object(App\Controllers\Admin))
 4 SYSTEMPATH/CodeIgniter.php(349): CodeIgniter\CodeIgniter->handleRequest(null, Object(Config\Cache), false)
 5 FCPATH/index.php(55): CodeIgniter\CodeIgniter->run()
 6 SYSTEMPATH/Commands/Server/rewrite.php(43): require_once('FCPATH/index.php')
CRITICAL - 2022-08-18 07:55:29 --> Call to undefined method CodeIgniter\Database\MySQLi\Result::result()
in APPPATH/Controllers/Admin.php on line 21.
 1 SYSTEMPATH/CodeIgniter.php(896): App\Controllers\Admin->userView()
 2 SYSTEMPATH/CodeIgniter.php(466): CodeIgniter\CodeIgniter->runController(Object(App\Controllers\Admin))
 3 SYSTEMPATH/CodeIgniter.php(349): CodeIgniter\CodeIgniter->handleRequest(null, Object(Config\Cache), false)
 4 FCPATH/index.php(55): CodeIgniter\CodeIgniter->run()
 5 SYSTEMPATH/Commands/Server/rewrite.php(43): require_once('FCPATH/index.php')
CRITICAL - 2022-08-18 07:57:14 --> Undefined property: CodeIgniter\Database\MySQLi\Result::$num_rows
in APPPATH/Controllers/Admin.php on line 20.
 1 APPPATH/Controllers/Admin.php(20): CodeIgniter\Debug\Exceptions->errorHandler(2, 'Undefined property: CodeIgniter\\Database\\MySQLi\\Result::$num_rows', 'APPPATH/Controllers/Admin.php', 20)
 2 SYSTEMPATH/CodeIgniter.php(896): App\Controllers\Admin->userView()
 3 SYSTEMPATH/CodeIgniter.php(466): CodeIgniter\CodeIgniter->runController(Object(App\Controllers\Admin))
 4 SYSTEMPATH/CodeIgniter.php(349): CodeIgniter\CodeIgniter->handleRequest(null, Object(Config\Cache), false)
 5 FCPATH/index.php(55): CodeIgniter\CodeIgniter->run()
 6 SYSTEMPATH/Commands/Server/rewrite.php(43): require_once('FCPATH/index.php')
CRITICAL - 2022-08-18 07:57:15 --> Undefined property: CodeIgniter\Database\MySQLi\Result::$num_rows
in APPPATH/Controllers/Admin.php on line 20.
 1 APPPATH/Controllers/Admin.php(20): CodeIgniter\Debug\Exceptions->errorHandler(2, 'Undefined property: CodeIgniter\\Database\\MySQLi\\Result::$num_rows', 'APPPATH/Controllers/Admin.php', 20)
 2 SYSTEMPATH/CodeIgniter.php(896): App\Controllers\Admin->userView()
 3 SYSTEMPATH/CodeIgniter.php(466): CodeIgniter\CodeIgniter->runController(Object(App\Controllers\Admin))
 4 SYSTEMPATH/CodeIgniter.php(349): CodeIgniter\CodeIgniter->handleRequest(null, Object(Config\Cache), false)
 5 FCPATH/index.php(55): CodeIgniter\CodeIgniter->run()
 6 SYSTEMPATH/Commands/Server/rewrite.php(43): require_once('FCPATH/index.php')
CRITICAL - 2022-08-18 07:58:07 --> Call to undefined method CodeIgniter\Database\MySQLi\Result::fetch_assoc()
in APPPATH/Controllers/Admin.php on line 20.
 1 SYSTEMPATH/CodeIgniter.php(896): App\Controllers\Admin->userView()
 2 SYSTEMPATH/CodeIgniter.php(466): CodeIgniter\CodeIgniter->runController(Object(App\Controllers\Admin))
 3 SYSTEMPATH/CodeIgniter.php(349): CodeIgniter\CodeIgniter->handleRequest(null, Object(Config\Cache), false)
 4 FCPATH/index.php(55): CodeIgniter\CodeIgniter->run()
 5 SYSTEMPATH/Commands/Server/rewrite.php(43): require_once('FCPATH/index.php')
CRITICAL - 2022-08-18 08:04:28 --> Call to undefined method CodeIgniter\Database\MySQLi\Result::result()
in APPPATH/Controllers/Admin.php on line 19.
 1 SYSTEMPATH/CodeIgniter.php(896): App\Controllers\Admin->userView()
 2 SYSTEMPATH/CodeIgniter.php(466): CodeIgniter\CodeIgniter->runController(Object(App\Controllers\Admin))
 3 SYSTEMPATH/CodeIgniter.php(349): CodeIgniter\CodeIgniter->handleRequest(null, Object(Config\Cache), false)
 4 FCPATH/index.php(55): CodeIgniter\CodeIgniter->run()
 5 SYSTEMPATH/Commands/Server/rewrite.php(43): require_once('FCPATH/index.php')
CRITICAL - 2022-08-18 08:04:51 --> Call to undefined method CodeIgniter\Database\MySQLi\Result::result()
in APPPATH/Controllers/Admin.php on line 19.
 1 SYSTEMPATH/CodeIgniter.php(896): App\Controllers\Admin->userView()
 2 SYSTEMPATH/CodeIgniter.php(466): CodeIgniter\CodeIgniter->runController(Object(App\Controllers\Admin))
 3 SYSTEMPATH/CodeIgniter.php(349): CodeIgniter\CodeIgniter->handleRequest(null, Object(Config\Cache), false)
 4 FCPATH/index.php(55): CodeIgniter\CodeIgniter->run()
 5 SYSTEMPATH/Commands/Server/rewrite.php(43): require_once('FCPATH/index.php')
CRITICAL - 2022-08-18 08:05:05 --> Call to undefined method CodeIgniter\Database\MySQLi\Result::result()
in APPPATH/Controllers/Admin.php on line 19.
 1 SYSTEMPATH/CodeIgniter.php(896): App\Controllers\Admin->userView()
 2 SYSTEMPATH/CodeIgniter.php(466): CodeIgniter\CodeIgniter->runController(Object(App\Controllers\Admin))
 3 SYSTEMPATH/CodeIgniter.php(349): CodeIgniter\CodeIgniter->handleRequest(null, Object(Config\Cache), false)
 4 FCPATH/index.php(55): CodeIgniter\CodeIgniter->run()
 5 SYSTEMPATH/Commands/Server/rewrite.php(43): require_once('FCPATH/index.php')
CRITICAL - 2022-08-18 08:05:06 --> Call to undefined method CodeIgniter\Database\MySQLi\Result::result()
in APPPATH/Controllers/Admin.php on line 19.
 1 SYSTEMPATH/CodeIgniter.php(896): App\Controllers\Admin->userView()
 2 SYSTEMPATH/CodeIgniter.php(466): CodeIgniter\CodeIgniter->runController(Object(App\Controllers\Admin))
 3 SYSTEMPATH/CodeIgniter.php(349): CodeIgniter\CodeIgniter->handleRequest(null, Object(Config\Cache), false)
 4 FCPATH/index.php(55): CodeIgniter\CodeIgniter->run()
 5 SYSTEMPATH/Commands/Server/rewrite.php(43): require_once('FCPATH/index.php')
CRITICAL - 2022-08-18 08:05:06 --> Call to undefined method CodeIgniter\Database\MySQLi\Result::result()
in APPPATH/Controllers/Admin.php on line 19.
 1 SYSTEMPATH/CodeIgniter.php(896): App\Controllers\Admin->userView()
 2 SYSTEMPATH/CodeIgniter.php(466): CodeIgniter\CodeIgniter->runController(Object(App\Controllers\Admin))
 3 SYSTEMPATH/CodeIgniter.php(349): CodeIgniter\CodeIgniter->handleRequest(null, Object(Config\Cache), false)
 4 FCPATH/index.php(55): CodeIgniter\CodeIgniter->run()
 5 SYSTEMPATH/Commands/Server/rewrite.php(43): require_once('FCPATH/index.php')
CRITICAL - 2022-08-18 08:06:14 --> Call to undefined method CodeIgniter\Database\MySQLi\Result::result()
in APPPATH/Controllers/Admin.php on line 19.
 1 SYSTEMPATH/CodeIgniter.php(896): App\Controllers\Admin->userView()
 2 SYSTEMPATH/CodeIgniter.php(466): CodeIgniter\CodeIgniter->runController(Object(App\Controllers\Admin))
 3 SYSTEMPATH/CodeIgniter.php(349): CodeIgniter\CodeIgniter->handleRequest(null, Object(Config\Cache), false)
 4 FCPATH/index.php(55): CodeIgniter\CodeIgniter->run()
 5 SYSTEMPATH/Commands/Server/rewrite.php(43): require_once('FCPATH/index.php')
CRITICAL - 2022-08-18 08:06:37 --> Object of class CodeIgniter\Database\MySQLi\Result could not be converted to string
in APPPATH/Controllers/Admin.php on line 22.
 1 SYSTEMPATH/CodeIgniter.php(896): App\Controllers\Admin->userView()
 2 SYSTEMPATH/CodeIgniter.php(466): CodeIgniter\CodeIgniter->runController(Object(App\Controllers\Admin))
 3 SYSTEMPATH/CodeIgniter.php(349): CodeIgniter\CodeIgniter->handleRequest(null, Object(Config\Cache), false)
 4 FCPATH/index.php(55): CodeIgniter\CodeIgniter->run()
 5 SYSTEMPATH/Commands/Server/rewrite.php(43): require_once('FCPATH/index.php')
CRITICAL - 2022-08-18 08:06:37 --> Object of class CodeIgniter\Database\MySQLi\Result could not be converted to string
in APPPATH/Controllers/Admin.php on line 22.
 1 SYSTEMPATH/CodeIgniter.php(896): App\Controllers\Admin->userView()
 2 SYSTEMPATH/CodeIgniter.php(466): CodeIgniter\CodeIgniter->runController(Object(App\Controllers\Admin))
 3 SYSTEMPATH/CodeIgniter.php(349): CodeIgniter\CodeIgniter->handleRequest(null, Object(Config\Cache), false)
 4 FCPATH/index.php(55): CodeIgniter\CodeIgniter->run()
 5 SYSTEMPATH/Commands/Server/rewrite.php(43): require_once('FCPATH/index.php')
CRITICAL - 2022-08-18 08:24:46 --> Invalid file: userView.php
in SYSTEMPATH/Exceptions/FrameworkException.php on line 33.
 1 SYSTEMPATH/View/View.php(201): CodeIgniter\Exceptions\FrameworkException::forInvalidFile('userView.php')
 2 SYSTEMPATH/Common.php(1135): CodeIgniter\View\View->render('userView', [], true)
 3 APPPATH/Controllers/UserAccount.php(147): view('userView', [...])
 4 SYSTEMPATH/CodeIgniter.php(896): App\Controllers\UserAccount->showUserView()
 5 SYSTEMPATH/CodeIgniter.php(466): CodeIgniter\CodeIgniter->runController(Object(App\Controllers\UserAccount))
 6 SYSTEMPATH/CodeIgniter.php(349): CodeIgniter\CodeIgniter->handleRequest(null, Object(Config\Cache), false)
 7 FCPATH/index.php(55): CodeIgniter\CodeIgniter->run()
 8 SYSTEMPATH/Commands/Server/rewrite.php(43): require_once('FCPATH/index.php')
CRITICAL - 2022-08-18 08:25:11 --> Invalid file: userView.php
in SYSTEMPATH/Exceptions/FrameworkException.php on line 33.
 1 SYSTEMPATH/View/View.php(201): CodeIgniter\Exceptions\FrameworkException::forInvalidFile('userView.php')
 2 SYSTEMPATH/Common.php(1135): CodeIgniter\View\View->render('userView', [], true)
 3 APPPATH/Controllers/UserAccount.php(147): view('userView', [...])
 4 SYSTEMPATH/CodeIgniter.php(896): App\Controllers\UserAccount->showUserView()
 5 SYSTEMPATH/CodeIgniter.php(466): CodeIgniter\CodeIgniter->runController(Object(App\Controllers\UserAccount))
 6 SYSTEMPATH/CodeIgniter.php(349): CodeIgniter\CodeIgniter->handleRequest(null, Object(Config\Cache), false)
 7 FCPATH/index.php(55): CodeIgniter\CodeIgniter->run()
 8 SYSTEMPATH/Commands/Server/rewrite.php(43): require_once('FCPATH/index.php')
CRITICAL - 2022-08-18 08:25:32 --> Invalid file: /userView.php
in SYSTEMPATH/Exceptions/FrameworkException.php on line 33.
 1 SYSTEMPATH/View/View.php(201): CodeIgniter\Exceptions\FrameworkException::forInvalidFile('/userView.php')
 2 SYSTEMPATH/Common.php(1135): CodeIgniter\View\View->render('/userView', [], true)
 3 APPPATH/Controllers/UserAccount.php(147): view('/userView', [...])
 4 SYSTEMPATH/CodeIgniter.php(896): App\Controllers\UserAccount->showUserView()
 5 SYSTEMPATH/CodeIgniter.php(466): CodeIgniter\CodeIgniter->runController(Object(App\Controllers\UserAccount))
 6 SYSTEMPATH/CodeIgniter.php(349): CodeIgniter\CodeIgniter->handleRequest(null, Object(Config\Cache), false)
 7 FCPATH/index.php(55): CodeIgniter\CodeIgniter->run()
 8 SYSTEMPATH/Commands/Server/rewrite.php(43): require_once('FCPATH/index.php')
CRITICAL - 2022-08-18 08:51:41 --> Undefined variable $table
in APPPATH/Views/Admin/adminView.php on line 17.
 1 APPPATH/Views/Admin/adminView.php(17): CodeIgniter\Debug\Exceptions->errorHandler(2, 'Undefined variable $table', 'APPPATH/Views/Admin/adminView.php', 17)
 2 SYSTEMPATH/View/View.php(213): include('APPPATH/Views/Admin/adminView.php')
 3 SYSTEMPATH/View/View.php(216): CodeIgniter\View\View->CodeIgniter\View\{closure}()
 4 SYSTEMPATH/Common.php(1135): CodeIgniter\View\View->render('Admin/adminView', [], true)
 5 APPPATH/Controllers/Admin.php(18): view('Admin/adminView')
 6 SYSTEMPATH/CodeIgniter.php(896): App\Controllers\Admin->adminView()
 7 SYSTEMPATH/CodeIgniter.php(466): CodeIgniter\CodeIgniter->runController(Object(App\Controllers\Admin))
 8 SYSTEMPATH/CodeIgniter.php(349): CodeIgniter\CodeIgniter->handleRequest(null, Object(Config\Cache), false)
 9 FCPATH/index.php(55): CodeIgniter\CodeIgniter->run()
10 SYSTEMPATH/Commands/Server/rewrite.php(43): require_once('FCPATH/index.php')
CRITICAL - 2022-08-18 08:51:52 --> Undefined variable $table
in APPPATH/Views/Admin/adminView.php on line 17.
 1 APPPATH/Views/Admin/adminView.php(17): CodeIgniter\Debug\Exceptions->errorHandler(2, 'Undefined variable $table', 'APPPATH/Views/Admin/adminView.php', 17)
 2 SYSTEMPATH/View/View.php(213): include('APPPATH/Views/Admin/adminView.php')
 3 SYSTEMPATH/View/View.php(216): CodeIgniter\View\View->CodeIgniter\View\{closure}()
 4 SYSTEMPATH/Common.php(1135): CodeIgniter\View\View->render('Admin/adminView', [], true)
 5 APPPATH/Controllers/Admin.php(18): view('Admin/adminView')
 6 SYSTEMPATH/CodeIgniter.php(896): App\Controllers\Admin->adminView()
 7 SYSTEMPATH/CodeIgniter.php(466): CodeIgniter\CodeIgniter->runController(Object(App\Controllers\Admin))
 8 SYSTEMPATH/CodeIgniter.php(349): CodeIgniter\CodeIgniter->handleRequest(null, Object(Config\Cache), false)
 9 FCPATH/index.php(55): CodeIgniter\CodeIgniter->run()
10 SYSTEMPATH/Commands/Server/rewrite.php(43): require_once('FCPATH/index.php')
CRITICAL - 2022-08-18 09:18:34 --> Undefined variable $userInfo
in APPPATH/Views/Users/dashboard.php on line 11.
 1 APPPATH/Views/Users/dashboard.php(11): CodeIgniter\Debug\Exceptions->errorHandler(2, 'Undefined variable $userInfo', 'APPPATH/Views/Users/dashboard.php', 11)
 2 SYSTEMPATH/View/View.php(213): include('APPPATH/Views/Users/dashboard.php')
 3 SYSTEMPATH/View/View.php(216): CodeIgniter\View\View->CodeIgniter\View\{closure}()
 4 SYSTEMPATH/Common.php(1135): CodeIgniter\View\View->render('Users/dashboard', [], true)
 5 APPPATH/Controllers/Login.php(50): view('Users/dashboard')
 6 SYSTEMPATH/CodeIgniter.php(896): App\Controllers\Login->dashboard()
 7 SYSTEMPATH/CodeIgniter.php(466): CodeIgniter\CodeIgniter->runController(Object(App\Controllers\Login))
 8 SYSTEMPATH/CodeIgniter.php(349): CodeIgniter\CodeIgniter->handleRequest(null, Object(Config\Cache), false)
 9 FCPATH/index.php(55): CodeIgniter\CodeIgniter->run()
10 SYSTEMPATH/Commands/Server/rewrite.php(43): require_once('FCPATH/index.php')
CRITICAL - 2022-08-18 09:22:21 --> Undefined variable $data
in APPPATH/Views/Users/dashboard.php on line 11.
 1 APPPATH/Views/Users/dashboard.php(11): CodeIgniter\Debug\Exceptions->errorHandler(2, 'Undefined variable $data', 'APPPATH/Views/Users/dashboard.php', 11)
 2 SYSTEMPATH/View/View.php(213): include('APPPATH/Views/Users/dashboard.php')
 3 SYSTEMPATH/View/View.php(216): CodeIgniter\View\View->CodeIgniter\View\{closure}()
 4 SYSTEMPATH/Common.php(1135): CodeIgniter\View\View->render('Users/dashboard', [], true)
 5 APPPATH/Controllers/Login.php(50): view('Users/dashboard')
 6 SYSTEMPATH/CodeIgniter.php(896): App\Controllers\Login->dashboard()
 7 SYSTEMPATH/CodeIgniter.php(466): CodeIgniter\CodeIgniter->runController(Object(App\Controllers\Login))
 8 SYSTEMPATH/CodeIgniter.php(349): CodeIgniter\CodeIgniter->handleRequest(null, Object(Config\Cache), false)
 9 FCPATH/index.php(55): CodeIgniter\CodeIgniter->run()
10 SYSTEMPATH/Commands/Server/rewrite.php(43): require_once('FCPATH/index.php')
CRITICAL - 2022-08-18 09:33:31 --> Undefined variable $row
in APPPATH/Views/Admin/userView.php on line 27.
 1 APPPATH/Views/Admin/userView.php(27): CodeIgniter\Debug\Exceptions->errorHandler(2, 'Undefined variable $row', 'APPPATH/Views/Admin/userView.php', 27)
 2 SYSTEMPATH/View/View.php(213): include('APPPATH/Views/Admin/userView.php')
 3 SYSTEMPATH/View/View.php(216): CodeIgniter\View\View->CodeIgniter\View\{closure}()
 4 SYSTEMPATH/Common.php(1135): CodeIgniter\View\View->render('Admin/userView', [], true)
 5 APPPATH/Controllers/UserAccount.php(147): view('Admin/userView', [...])
 6 SYSTEMPATH/CodeIgniter.php(896): App\Controllers\UserAccount->showUserView()
 7 SYSTEMPATH/CodeIgniter.php(466): CodeIgniter\CodeIgniter->runController(Object(App\Controllers\UserAccount))
 8 SYSTEMPATH/CodeIgniter.php(349): CodeIgniter\CodeIgniter->handleRequest(null, Object(Config\Cache), false)
 9 FCPATH/index.php(55): CodeIgniter\CodeIgniter->run()
10 SYSTEMPATH/Commands/Server/rewrite.php(43): require_once('FCPATH/index.php')
CRITICAL - 2022-08-18 10:31:32 --> Undefined variable $usermodel
in APPPATH/Controllers/UserAccount.php on line 149.
 1 APPPATH/Controllers/UserAccount.php(149): CodeIgniter\Debug\Exceptions->errorHandler(2, 'Undefined variable $usermodel', 'APPPATH/Controllers/UserAccount.php', 149)
 2 SYSTEMPATH/CodeIgniter.php(896): App\Controllers\UserAccount->userEdit('1')
 3 SYSTEMPATH/CodeIgniter.php(466): CodeIgniter\CodeIgniter->runController(Object(App\Controllers\UserAccount))
 4 SYSTEMPATH/CodeIgniter.php(349): CodeIgniter\CodeIgniter->handleRequest(null, Object(Config\Cache), false)
 5 FCPATH/index.php(55): CodeIgniter\CodeIgniter->run()
 6 SYSTEMPATH/Commands/Server/rewrite.php(43): require_once('FCPATH/index.php')
CRITICAL - 2022-08-18 10:32:02 --> Invalid file: userUpdate.php
in SYSTEMPATH/Exceptions/FrameworkException.php on line 33.
 1 SYSTEMPATH/View/View.php(201): CodeIgniter\Exceptions\FrameworkException::forInvalidFile('userUpdate.php')
 2 SYSTEMPATH/Common.php(1135): CodeIgniter\View\View->render('userUpdate', [], true)
 3 APPPATH/Controllers/UserAccount.php(150): view('userUpdate', [...])
 4 SYSTEMPATH/CodeIgniter.php(896): App\Controllers\UserAccount->userEdit('1')
 5 SYSTEMPATH/CodeIgniter.php(466): CodeIgniter\CodeIgniter->runController(Object(App\Controllers\UserAccount))
 6 SYSTEMPATH/CodeIgniter.php(349): CodeIgniter\CodeIgniter->handleRequest(null, Object(Config\Cache), false)
 7 FCPATH/index.php(55): CodeIgniter\CodeIgniter->run()
 8 SYSTEMPATH/Commands/Server/rewrite.php(43): require_once('FCPATH/index.php')
CRITICAL - 2022-08-18 10:32:55 --> Invalid file: userUpdate.php
in SYSTEMPATH/Exceptions/FrameworkException.php on line 33.
 1 SYSTEMPATH/View/View.php(201): CodeIgniter\Exceptions\FrameworkException::forInvalidFile('userUpdate.php')
 2 SYSTEMPATH/Common.php(1135): CodeIgniter\View\View->render('userUpdate', [], true)
 3 APPPATH/Controllers/UserAccount.php(150): view('userUpdate', [...])
 4 SYSTEMPATH/CodeIgniter.php(896): App\Controllers\UserAccount->userEdit('1')
 5 SYSTEMPATH/CodeIgniter.php(466): CodeIgniter\CodeIgniter->runController(Object(App\Controllers\UserAccount))
 6 SYSTEMPATH/CodeIgniter.php(349): CodeIgniter\CodeIgniter->handleRequest(null, Object(Config\Cache), false)
 7 FCPATH/index.php(55): CodeIgniter\CodeIgniter->run()
 8 SYSTEMPATH/Commands/Server/rewrite.php(43): require_once('FCPATH/index.php')
CRITICAL - 2022-08-18 10:34:05 --> Invalid file: /userUpdate.php
in SYSTEMPATH/Exceptions/FrameworkException.php on line 33.
 1 SYSTEMPATH/View/View.php(201): CodeIgniter\Exceptions\FrameworkException::forInvalidFile('/userUpdate.php')
 2 SYSTEMPATH/Common.php(1135): CodeIgniter\View\View->render('/userUpdate', [], true)
 3 APPPATH/Controllers/UserAccount.php(150): view('/userUpdate', [...])
 4 SYSTEMPATH/CodeIgniter.php(896): App\Controllers\UserAccount->userEdit('1')
 5 SYSTEMPATH/CodeIgniter.php(466): CodeIgniter\CodeIgniter->runController(Object(App\Controllers\UserAccount))
 6 SYSTEMPATH/CodeIgniter.php(349): CodeIgniter\CodeIgniter->handleRequest(null, Object(Config\Cache), false)
 7 FCPATH/index.php(55): CodeIgniter\CodeIgniter->run()
 8 SYSTEMPATH/Commands/Server/rewrite.php(43): require_once('FCPATH/index.php')
CRITICAL - 2022-08-18 10:35:00 --> Undefined variable $usermodel
in APPPATH/Controllers/UserAccount.php on line 162.
 1 APPPATH/Controllers/UserAccount.php(162): CodeIgniter\Debug\Exceptions->errorHandler(2, 'Undefined variable $usermodel', 'APPPATH/Controllers/UserAccount.php', 162)
 2 SYSTEMPATH/CodeIgniter.php(896): App\Controllers\UserAccount->userUpdate()
 3 SYSTEMPATH/CodeIgniter.php(466): CodeIgniter\CodeIgniter->runController(Object(App\Controllers\UserAccount))
 4 SYSTEMPATH/CodeIgniter.php(349): CodeIgniter\CodeIgniter->handleRequest(null, Object(Config\Cache), false)
 5 FCPATH/index.php(55): CodeIgniter\CodeIgniter->run()
 6 SYSTEMPATH/Commands/Server/rewrite.php(43): require_once('FCPATH/index.php')
CRITICAL - 2022-08-18 10:53:28 --> syntax error, unexpected token "echo", expecting "," or ";"
in APPPATH/Views/Users/dashboard.php on line 22.
 1 SYSTEMPATH/View/View.php(216): CodeIgniter\View\View->CodeIgniter\View\{closure}()
 2 SYSTEMPATH/Common.php(1135): CodeIgniter\View\View->render('Users/dashboard', [], true)
 3 APPPATH/Controllers/Login.php(49): view('Users/dashboard')
 4 SYSTEMPATH/CodeIgniter.php(896): App\Controllers\Login->dashboard()
 5 SYSTEMPATH/CodeIgniter.php(466): CodeIgniter\CodeIgniter->runController(Object(App\Controllers\Login))
 6 SYSTEMPATH/CodeIgniter.php(349): CodeIgniter\CodeIgniter->handleRequest(null, Object(Config\Cache), false)
 7 FCPATH/index.php(55): CodeIgniter\CodeIgniter->run()
 8 SYSTEMPATH/Commands/Server/rewrite.php(43): require_once('FCPATH/index.php')
CRITICAL - 2022-08-18 10:55:18 --> syntax error, unexpected identifier "table", expecting "," or ";"
in APPPATH/Views/Users/dashboard.php on line 14.
 1 SYSTEMPATH/View/View.php(216): CodeIgniter\View\View->CodeIgniter\View\{closure}()
 2 SYSTEMPATH/Common.php(1135): CodeIgniter\View\View->render('Users/dashboard', [], true)
 3 APPPATH/Controllers/Login.php(49): view('Users/dashboard')
 4 SYSTEMPATH/CodeIgniter.php(896): App\Controllers\Login->dashboard()
 5 SYSTEMPATH/CodeIgniter.php(466): CodeIgniter\CodeIgniter->runController(Object(App\Controllers\Login))
 6 SYSTEMPATH/CodeIgniter.php(349): CodeIgniter\CodeIgniter->handleRequest(null, Object(Config\Cache), false)
 7 FCPATH/index.php(55): CodeIgniter\CodeIgniter->run()
 8 SYSTEMPATH/Commands/Server/rewrite.php(43): require_once('FCPATH/index.php')
CRITICAL - 2022-08-18 11:12:36 --> Trying to access array offset on value of type null
in APPPATH/Views/Users/userUpdate.php on line 15.
 1 APPPATH/Views/Users/userUpdate.php(15): CodeIgniter\Debug\Exceptions->errorHandler(2, 'Trying to access array offset on value of type null', 'APPPATH/Views/Users/userUpdate.php', 15)
 2 SYSTEMPATH/View/View.php(213): include('APPPATH/Views/Users/userUpdate.php')
 3 SYSTEMPATH/View/View.php(216): CodeIgniter\View\View->CodeIgniter\View\{closure}()
 4 SYSTEMPATH/Common.php(1135): CodeIgniter\View\View->render('Users/userUpdate', [], true)
 5 APPPATH/Controllers/UserAccount.php(150): view('Users/userUpdate', [...])
 6 SYSTEMPATH/CodeIgniter.php(896): App\Controllers\UserAccount->userEdit('3')
 7 SYSTEMPATH/CodeIgniter.php(466): CodeIgniter\CodeIgniter->runController(Object(App\Controllers\UserAccount))
 8 SYSTEMPATH/CodeIgniter.php(349): CodeIgniter\CodeIgniter->handleRequest(null, Object(Config\Cache), false)
 9 FCPATH/index.php(55): CodeIgniter\CodeIgniter->run()
10 SYSTEMPATH/Commands/Server/rewrite.php(43): require_once('FCPATH/index.php')
CRITICAL - 2022-08-18 11:35:18 --> Declaration of App\Filters\Auth::before(CodeIgniter\HTTP\RequestInterface $request) must be compatible with CodeIgniter\Filters\FilterInterface::before(CodeIgniter\HTTP\RequestInterface $request, $arguments = null)
in APPPATH/Filters/Auth.php on line 9.
 1 [internal function]: CodeIgniter\Debug\Exceptions->shutdownHandler()
CRITICAL - 2022-08-18 11:42:26 --> Class "Config\Auth" not found
in SYSTEMPATH/Filters/Filters.php on line 166.
 1 SYSTEMPATH/CodeIgniter.php(440): CodeIgniter\Filters\Filters->run('userView', 'before')
 2 SYSTEMPATH/CodeIgniter.php(349): CodeIgniter\CodeIgniter->handleRequest(null, Object(Config\Cache), false)
 3 FCPATH/index.php(55): CodeIgniter\CodeIgniter->run()
 4 SYSTEMPATH/Commands/Server/rewrite.php(43): require_once('FCPATH/index.php')
CRITICAL - 2022-08-18 11:43:01 --> Declaration of App\Filters\Auth::before(CodeIgniter\HTTP\RequestInterface $request) must be compatible with CodeIgniter\Filters\FilterInterface::before(CodeIgniter\HTTP\RequestInterface $request, $arguments = null)
in APPPATH/Filters/Auth.php on line 9.
 1 [internal function]: CodeIgniter\Debug\Exceptions->shutdownHandler()
CRITICAL - 2022-08-18 12:19:11 --> Undefined variable $page_title
in APPPATH/Views/Admin/userView.php on line 3.
 1 APPPATH/Views/Admin/userView.php(3): CodeIgniter\Debug\Exceptions->errorHandler(2, 'Undefined variable $page_title', 'APPPATH/Views/Admin/userView.php', 3)
 2 SYSTEMPATH/View/View.php(213): include('APPPATH/Views/Admin/userView.php')
 3 SYSTEMPATH/View/View.php(216): CodeIgniter\View\View->CodeIgniter\View\{closure}()
 4 SYSTEMPATH/Common.php(1135): CodeIgniter\View\View->render('Admin/userView', [], true)
 5 APPPATH/Controllers/UserAccount.php(146): view('Admin/userView', [...])
 6 SYSTEMPATH/CodeIgniter.php(896): App\Controllers\UserAccount->showUserView()
 7 SYSTEMPATH/CodeIgniter.php(466): CodeIgniter\CodeIgniter->runController(Object(App\Controllers\UserAccount))
 8 SYSTEMPATH/CodeIgniter.php(349): CodeIgniter\CodeIgniter->handleRequest(null, Object(Config\Cache), false)
 9 FCPATH/index.php(55): CodeIgniter\CodeIgniter->run()
10 SYSTEMPATH/Commands/Server/rewrite.php(43): require_once('FCPATH/index.php')
CRITICAL - 2022-08-18 12:21:38 --> Call to undefined function issest()
in APPPATH/Views/Admin/userView.php on line 3.
 1 SYSTEMPATH/View/View.php(213): include()
 2 SYSTEMPATH/View/View.php(216): CodeIgniter\View\View->CodeIgniter\View\{closure}()
 3 SYSTEMPATH/Common.php(1135): CodeIgniter\View\View->render('Admin/userView', [], true)
 4 APPPATH/Controllers/UserAccount.php(146): view('Admin/userView', [...])
 5 SYSTEMPATH/CodeIgniter.php(896): App\Controllers\UserAccount->showUserView()
 6 SYSTEMPATH/CodeIgniter.php(466): CodeIgniter\CodeIgniter->runController(Object(App\Controllers\UserAccount))
 7 SYSTEMPATH/CodeIgniter.php(349): CodeIgniter\CodeIgniter->handleRequest(null, Object(Config\Cache), false)
 8 FCPATH/index.php(55): CodeIgniter\CodeIgniter->run()
 9 SYSTEMPATH/Commands/Server/rewrite.php(43): require_once('FCPATH/index.php')
CRITICAL - 2022-08-18 12:22:02 --> Call to undefined function issest()
in APPPATH/Views/Admin/userView.php on line 3.
 1 SYSTEMPATH/View/View.php(213): include()
 2 SYSTEMPATH/View/View.php(216): CodeIgniter\View\View->CodeIgniter\View\{closure}()
 3 SYSTEMPATH/Common.php(1135): CodeIgniter\View\View->render('Admin/userView', [], true)
 4 APPPATH/Controllers/UserAccount.php(146): view('Admin/userView', [...])
 5 SYSTEMPATH/CodeIgniter.php(896): App\Controllers\UserAccount->showUserView()
 6 SYSTEMPATH/CodeIgniter.php(466): CodeIgniter\CodeIgniter->runController(Object(App\Controllers\UserAccount))
 7 SYSTEMPATH/CodeIgniter.php(349): CodeIgniter\CodeIgniter->handleRequest(null, Object(Config\Cache), false)
 8 FCPATH/index.php(55): CodeIgniter\CodeIgniter->run()
 9 SYSTEMPATH/Commands/Server/rewrite.php(43): require_once('FCPATH/index.php')
CRITICAL - 2022-08-18 12:22:03 --> Call to undefined function issest()
in APPPATH/Views/Admin/userView.php on line 3.
 1 SYSTEMPATH/View/View.php(213): include()
 2 SYSTEMPATH/View/View.php(216): CodeIgniter\View\View->CodeIgniter\View\{closure}()
 3 SYSTEMPATH/Common.php(1135): CodeIgniter\View\View->render('Admin/userView', [], true)
 4 APPPATH/Controllers/UserAccount.php(146): view('Admin/userView', [...])
 5 SYSTEMPATH/CodeIgniter.php(896): App\Controllers\UserAccount->showUserView()
 6 SYSTEMPATH/CodeIgniter.php(466): CodeIgniter\CodeIgniter->runController(Object(App\Controllers\UserAccount))
 7 SYSTEMPATH/CodeIgniter.php(349): CodeIgniter\CodeIgniter->handleRequest(null, Object(Config\Cache), false)
 8 FCPATH/index.php(55): CodeIgniter\CodeIgniter->run()
 9 SYSTEMPATH/Commands/Server/rewrite.php(43): require_once('FCPATH/index.php')
CRITICAL - 2022-08-18 12:23:14 --> Undefined variable $page_title
in APPPATH/Views/homePage.php on line 4.
 1 APPPATH/Views/homePage.php(4): CodeIgniter\Debug\Exceptions->errorHandler(2, 'Undefined variable $page_title', 'APPPATH/Views/homePage.php', 4)
 2 SYSTEMPATH/View/View.php(213): include('APPPATH/Views/homePage.php')
 3 SYSTEMPATH/View/View.php(216): CodeIgniter\View\View->CodeIgniter\View\{closure}()
 4 SYSTEMPATH/Common.php(1135): CodeIgniter\View\View->render('homePage', [], true)
 5 APPPATH/Controllers/Home.php(11): view('homePage')
 6 SYSTEMPATH/CodeIgniter.php(896): App\Controllers\Home->index()
 7 SYSTEMPATH/CodeIgniter.php(466): CodeIgniter\CodeIgniter->runController(Object(App\Controllers\Home))
 8 SYSTEMPATH/CodeIgniter.php(349): CodeIgniter\CodeIgniter->handleRequest(null, Object(Config\Cache), false)
 9 FCPATH/index.php(55): CodeIgniter\CodeIgniter->run()
10 SYSTEMPATH/Commands/Server/rewrite.php(43): require_once('FCPATH/index.php')
CRITICAL - 2022-08-18 12:23:15 --> Undefined variable $page_title
in APPPATH/Views/homePage.php on line 4.
 1 APPPATH/Views/homePage.php(4): CodeIgniter\Debug\Exceptions->errorHandler(2, 'Undefined variable $page_title', 'APPPATH/Views/homePage.php', 4)
 2 SYSTEMPATH/View/View.php(213): include('APPPATH/Views/homePage.php')
 3 SYSTEMPATH/View/View.php(216): CodeIgniter\View\View->CodeIgniter\View\{closure}()
 4 SYSTEMPATH/Common.php(1135): CodeIgniter\View\View->render('homePage', [], true)
 5 APPPATH/Controllers/Home.php(11): view('homePage')
 6 SYSTEMPATH/CodeIgniter.php(896): App\Controllers\Home->index()
 7 SYSTEMPATH/CodeIgniter.php(466): CodeIgniter\CodeIgniter->runController(Object(App\Controllers\Home))
 8 SYSTEMPATH/CodeIgniter.php(349): CodeIgniter\CodeIgniter->handleRequest(null, Object(Config\Cache), false)
 9 FCPATH/index.php(55): CodeIgniter\CodeIgniter->run()
10 SYSTEMPATH/Commands/Server/rewrite.php(43): require_once('FCPATH/index.php')
CRITICAL - 2022-08-18 12:23:16 --> Undefined variable $page_title
in APPPATH/Views/homePage.php on line 4.
 1 APPPATH/Views/homePage.php(4): CodeIgniter\Debug\Exceptions->errorHandler(2, 'Undefined variable $page_title', 'APPPATH/Views/homePage.php', 4)
 2 SYSTEMPATH/View/View.php(213): include('APPPATH/Views/homePage.php')
 3 SYSTEMPATH/View/View.php(216): CodeIgniter\View\View->CodeIgniter\View\{closure}()
 4 SYSTEMPATH/Common.php(1135): CodeIgniter\View\View->render('homePage', [], true)
 5 APPPATH/Controllers/Home.php(11): view('homePage')
 6 SYSTEMPATH/CodeIgniter.php(896): App\Controllers\Home->index()
 7 SYSTEMPATH/CodeIgniter.php(466): CodeIgniter\CodeIgniter->runController(Object(App\Controllers\Home))
 8 SYSTEMPATH/CodeIgniter.php(349): CodeIgniter\CodeIgniter->handleRequest(null, Object(Config\Cache), false)
 9 FCPATH/index.php(55): CodeIgniter\CodeIgniter->run()
10 SYSTEMPATH/Commands/Server/rewrite.php(43): require_once('FCPATH/index.php')
CRITICAL - 2022-08-18 12:42:16 --> Undefined variable $page_title
in APPPATH/Views/homePage.php on line 4.
 1 APPPATH/Views/homePage.php(4): CodeIgniter\Debug\Exceptions->errorHandler(2, 'Undefined variable $page_title', 'APPPATH/Views/homePage.php', 4)
 2 SYSTEMPATH/View/View.php(213): include('APPPATH/Views/homePage.php')
 3 SYSTEMPATH/View/View.php(216): CodeIgniter\View\View->CodeIgniter\View\{closure}()
 4 SYSTEMPATH/Common.php(1135): CodeIgniter\View\View->render('homePage', [], true)
 5 APPPATH/Controllers/Home.php(11): view('homePage')
 6 SYSTEMPATH/CodeIgniter.php(896): App\Controllers\Home->index()
 7 SYSTEMPATH/CodeIgniter.php(466): CodeIgniter\CodeIgniter->runController(Object(App\Controllers\Home))
 8 SYSTEMPATH/CodeIgniter.php(349): CodeIgniter\CodeIgniter->handleRequest(null, Object(Config\Cache), false)
 9 FCPATH/index.php(55): CodeIgniter\CodeIgniter->run()
10 SYSTEMPATH/Commands/Server/rewrite.php(43): require_once('FCPATH/index.php')
CRITICAL - 2022-08-18 12:53:10 --> Call to undefined method App\Models\userModel::count_all_results
in SYSTEMPATH/Model.php on line 773.
 1 APPPATH/Controllers/UserAccount.php(144): CodeIgniter\Model->__call('count_all_results', [])
 2 SYSTEMPATH/CodeIgniter.php(896): App\Controllers\UserAccount->showUserView()
 3 SYSTEMPATH/CodeIgniter.php(466): CodeIgniter\CodeIgniter->runController(Object(App\Controllers\UserAccount))
 4 SYSTEMPATH/CodeIgniter.php(349): CodeIgniter\CodeIgniter->handleRequest(null, Object(Config\Cache), false)
 5 FCPATH/index.php(55): CodeIgniter\CodeIgniter->run()
 6 SYSTEMPATH/Commands/Server/rewrite.php(43): require_once('FCPATH/index.php')
CRITICAL - 2022-08-18 13:00:32 --> Object of class App\Models\userModel could not be converted to string
in APPPATH/Controllers/Login.php on line 51.
 1 SYSTEMPATH/CodeIgniter.php(896): App\Controllers\Login->dashboard()
 2 SYSTEMPATH/CodeIgniter.php(466): CodeIgniter\CodeIgniter->runController(Object(App\Controllers\Login))
 3 SYSTEMPATH/CodeIgniter.php(349): CodeIgniter\CodeIgniter->handleRequest(null, Object(Config\Cache), false)
 4 FCPATH/index.php(55): CodeIgniter\CodeIgniter->run()
 5 SYSTEMPATH/Commands/Server/rewrite.php(43): require_once('FCPATH/index.php')
CRITICAL - 2022-08-18 13:01:04 --> Object of class App\Models\userModel could not be converted to string
in APPPATH/Controllers/Login.php on line 51.
 1 SYSTEMPATH/CodeIgniter.php(896): App\Controllers\Login->dashboard()
 2 SYSTEMPATH/CodeIgniter.php(466): CodeIgniter\CodeIgniter->runController(Object(App\Controllers\Login))
 3 SYSTEMPATH/CodeIgniter.php(349): CodeIgniter\CodeIgniter->handleRequest(null, Object(Config\Cache), false)
 4 FCPATH/index.php(55): CodeIgniter\CodeIgniter->run()
 5 SYSTEMPATH/Commands/Server/rewrite.php(43): require_once('FCPATH/index.php')
CRITICAL - 2022-08-18 13:01:05 --> Object of class App\Models\userModel could not be converted to string
in APPPATH/Controllers/Login.php on line 51.
 1 SYSTEMPATH/CodeIgniter.php(896): App\Controllers\Login->dashboard()
 2 SYSTEMPATH/CodeIgniter.php(466): CodeIgniter\CodeIgniter->runController(Object(App\Controllers\Login))
 3 SYSTEMPATH/CodeIgniter.php(349): CodeIgniter\CodeIgniter->handleRequest(null, Object(Config\Cache), false)
 4 FCPATH/index.php(55): CodeIgniter\CodeIgniter->run()
 5 SYSTEMPATH/Commands/Server/rewrite.php(43): require_once('FCPATH/index.php')
CRITICAL - 2022-08-18 13:02:10 --> Object of class App\Models\userModel could not be converted to string
in APPPATH/Controllers/Login.php on line 52.
 1 SYSTEMPATH/CodeIgniter.php(896): App\Controllers\Login->dashboard()
 2 SYSTEMPATH/CodeIgniter.php(466): CodeIgniter\CodeIgniter->runController(Object(App\Controllers\Login))
 3 SYSTEMPATH/CodeIgniter.php(349): CodeIgniter\CodeIgniter->handleRequest(null, Object(Config\Cache), false)
 4 FCPATH/index.php(55): CodeIgniter\CodeIgniter->run()
 5 SYSTEMPATH/Commands/Server/rewrite.php(43): require_once('FCPATH/index.php')
CRITICAL - 2022-08-18 13:02:11 --> Object of class App\Models\userModel could not be converted to string
in APPPATH/Controllers/Login.php on line 52.
 1 SYSTEMPATH/CodeIgniter.php(896): App\Controllers\Login->dashboard()
 2 SYSTEMPATH/CodeIgniter.php(466): CodeIgniter\CodeIgniter->runController(Object(App\Controllers\Login))
 3 SYSTEMPATH/CodeIgniter.php(349): CodeIgniter\CodeIgniter->handleRequest(null, Object(Config\Cache), false)
 4 FCPATH/index.php(55): CodeIgniter\CodeIgniter->run()
 5 SYSTEMPATH/Commands/Server/rewrite.php(43): require_once('FCPATH/index.php')
CRITICAL - 2022-08-18 13:02:54 --> Object of class App\Models\userModel could not be converted to string
in APPPATH/Controllers/Login.php on line 52.
 1 SYSTEMPATH/CodeIgniter.php(896): App\Controllers\Login->dashboard()
 2 SYSTEMPATH/CodeIgniter.php(466): CodeIgniter\CodeIgniter->runController(Object(App\Controllers\Login))
 3 SYSTEMPATH/CodeIgniter.php(349): CodeIgniter\CodeIgniter->handleRequest(null, Object(Config\Cache), false)
 4 FCPATH/index.php(55): CodeIgniter\CodeIgniter->run()
 5 SYSTEMPATH/Commands/Server/rewrite.php(43): require_once('FCPATH/index.php')
CRITICAL - 2022-08-18 13:05:56 --> Undefined constant "i"
in APPPATH/Views/Admin/userView.php on line 35.
 1 SYSTEMPATH/View/View.php(213): include()
 2 SYSTEMPATH/View/View.php(216): CodeIgniter\View\View->CodeIgniter\View\{closure}()
 3 SYSTEMPATH/Common.php(1135): CodeIgniter\View\View->render('Admin/userView', [], true)
 4 APPPATH/Controllers/UserAccount.php(146): view('Admin/userView', [...])
 5 SYSTEMPATH/CodeIgniter.php(896): App\Controllers\UserAccount->showUserView()
 6 SYSTEMPATH/CodeIgniter.php(466): CodeIgniter\CodeIgniter->runController(Object(App\Controllers\UserAccount))
 7 SYSTEMPATH/CodeIgniter.php(349): CodeIgniter\CodeIgniter->handleRequest(null, Object(Config\Cache), false)
 8 FCPATH/index.php(55): CodeIgniter\CodeIgniter->run()
 9 SYSTEMPATH/Commands/Server/rewrite.php(43): require_once('FCPATH/index.php')
CRITICAL - 2022-08-18 13:22:03 --> max(): Argument #1 ($value) must be of type array, string given
in APPPATH/Views/Users/dashboard.php on line 18.
 1 APPPATH/Views/Users/dashboard.php(18): max('regsitration')
 2 SYSTEMPATH/View/View.php(213): include('APPPATH/Views/Users/dashboard.php')
 3 SYSTEMPATH/View/View.php(216): CodeIgniter\View\View->CodeIgniter\View\{closure}()
 4 SYSTEMPATH/Common.php(1135): CodeIgniter\View\View->render('Users/dashboard', [], true)
 5 APPPATH/Controllers/Login.php(52): view('Users/dashboard', [...])
 6 SYSTEMPATH/CodeIgniter.php(896): App\Controllers\Login->dashboard()
 7 SYSTEMPATH/CodeIgniter.php(466): CodeIgniter\CodeIgniter->runController(Object(App\Controllers\Login))
 8 SYSTEMPATH/CodeIgniter.php(349): CodeIgniter\CodeIgniter->handleRequest(null, Object(Config\Cache), false)
 9 FCPATH/index.php(55): CodeIgniter\CodeIgniter->run()
10 SYSTEMPATH/Commands/Server/rewrite.php(43): require_once('FCPATH/index.php')
CRITICAL - 2022-08-18 13:22:36 --> Undefined array key "regsitration"
in APPPATH/Views/Users/dashboard.php on line 18.
 1 APPPATH/Views/Users/dashboard.php(18): CodeIgniter\Debug\Exceptions->errorHandler(2, 'Undefined array key "regsitration"', 'APPPATH/Views/Users/dashboard.php', 18)
 2 SYSTEMPATH/View/View.php(213): include('APPPATH/Views/Users/dashboard.php')
 3 SYSTEMPATH/View/View.php(216): CodeIgniter\View\View->CodeIgniter\View\{closure}()
 4 SYSTEMPATH/Common.php(1135): CodeIgniter\View\View->render('Users/dashboard', [], true)
 5 APPPATH/Controllers/Login.php(52): view('Users/dashboard', [...])
 6 SYSTEMPATH/CodeIgniter.php(896): App\Controllers\Login->dashboard()
 7 SYSTEMPATH/CodeIgniter.php(466): CodeIgniter\CodeIgniter->runController(Object(App\Controllers\Login))
 8 SYSTEMPATH/CodeIgniter.php(349): CodeIgniter\CodeIgniter->handleRequest(null, Object(Config\Cache), false)
 9 FCPATH/index.php(55): CodeIgniter\CodeIgniter->run()
10 SYSTEMPATH/Commands/Server/rewrite.php(43): require_once('FCPATH/index.php')
CRITICAL - 2022-08-18 13:22:37 --> Undefined array key "regsitration"
in APPPATH/Views/Users/dashboard.php on line 18.
 1 APPPATH/Views/Users/dashboard.php(18): CodeIgniter\Debug\Exceptions->errorHandler(2, 'Undefined array key "regsitration"', 'APPPATH/Views/Users/dashboard.php', 18)
 2 SYSTEMPATH/View/View.php(213): include('APPPATH/Views/Users/dashboard.php')
 3 SYSTEMPATH/View/View.php(216): CodeIgniter\View\View->CodeIgniter\View\{closure}()
 4 SYSTEMPATH/Common.php(1135): CodeIgniter\View\View->render('Users/dashboard', [], true)
 5 APPPATH/Controllers/Login.php(52): view('Users/dashboard', [...])
 6 SYSTEMPATH/CodeIgniter.php(896): App\Controllers\Login->dashboard()
 7 SYSTEMPATH/CodeIgniter.php(466): CodeIgniter\CodeIgniter->runController(Object(App\Controllers\Login))
 8 SYSTEMPATH/CodeIgniter.php(349): CodeIgniter\CodeIgniter->handleRequest(null, Object(Config\Cache), false)
 9 FCPATH/index.php(55): CodeIgniter\CodeIgniter->run()
10 SYSTEMPATH/Commands/Server/rewrite.php(43): require_once('FCPATH/index.php')
CRITICAL - 2022-08-18 13:22:52 --> Undefined constant "regsitration"
in APPPATH/Views/Users/dashboard.php on line 18.
 1 SYSTEMPATH/View/View.php(213): include()
 2 SYSTEMPATH/View/View.php(216): CodeIgniter\View\View->CodeIgniter\View\{closure}()
 3 SYSTEMPATH/Common.php(1135): CodeIgniter\View\View->render('Users/dashboard', [], true)
 4 APPPATH/Controllers/Login.php(52): view('Users/dashboard', [...])
 5 SYSTEMPATH/CodeIgniter.php(896): App\Controllers\Login->dashboard()
 6 SYSTEMPATH/CodeIgniter.php(466): CodeIgniter\CodeIgniter->runController(Object(App\Controllers\Login))
 7 SYSTEMPATH/CodeIgniter.php(349): CodeIgniter\CodeIgniter->handleRequest(null, Object(Config\Cache), false)
 8 FCPATH/index.php(55): CodeIgniter\CodeIgniter->run()
 9 SYSTEMPATH/Commands/Server/rewrite.php(43): require_once('FCPATH/index.php')
CRITICAL - 2022-08-18 13:24:42 --> Undefined array key "regsitartion"
in APPPATH/Views/Users/dashboard.php on line 19.
 1 APPPATH/Views/Users/dashboard.php(19): CodeIgniter\Debug\Exceptions->errorHandler(2, 'Undefined array key "regsitartion"', 'APPPATH/Views/Users/dashboard.php', 19)
 2 SYSTEMPATH/View/View.php(213): include('APPPATH/Views/Users/dashboard.php')
 3 SYSTEMPATH/View/View.php(216): CodeIgniter\View\View->CodeIgniter\View\{closure}()
 4 SYSTEMPATH/Common.php(1135): CodeIgniter\View\View->render('Users/dashboard', [], true)
 5 APPPATH/Controllers/Login.php(52): view('Users/dashboard', [...])
 6 SYSTEMPATH/CodeIgniter.php(896): App\Controllers\Login->dashboard()
 7 SYSTEMPATH/CodeIgniter.php(466): CodeIgniter\CodeIgniter->runController(Object(App\Controllers\Login))
 8 SYSTEMPATH/CodeIgniter.php(349): CodeIgniter\CodeIgniter->handleRequest(null, Object(Config\Cache), false)
 9 FCPATH/index.php(55): CodeIgniter\CodeIgniter->run()
10 SYSTEMPATH/Commands/Server/rewrite.php(43): require_once('FCPATH/index.php')
CRITICAL - 2022-08-18 13:42:49 --> Invalid file: Admin/dashboard.php
in SYSTEMPATH/Exceptions/FrameworkException.php on line 33.
 1 SYSTEMPATH/View/View.php(201): CodeIgniter\Exceptions\FrameworkException::forInvalidFile('Admin/dashboard.php')
 2 SYSTEMPATH/Common.php(1135): CodeIgniter\View\View->render('Admin/dashboard', [], true)
 3 APPPATH/Controllers/Admin.php(60): view('Admin/dashboard', [...])
 4 SYSTEMPATH/CodeIgniter.php(896): App\Controllers\Admin->dashboardAdmin()
 5 SYSTEMPATH/CodeIgniter.php(466): CodeIgniter\CodeIgniter->runController(Object(App\Controllers\Admin))
 6 SYSTEMPATH/CodeIgniter.php(349): CodeIgniter\CodeIgniter->handleRequest(null, Object(Config\Cache), false)
 7 FCPATH/index.php(55): CodeIgniter\CodeIgniter->run()
 8 SYSTEMPATH/Commands/Server/rewrite.php(43): require_once('FCPATH/index.php')
