CRITICAL - 2022-08-17 06:51:50 --> Invalid file: all fields must be filled.php
in SYSTEMPATH/Exceptions/FrameworkException.php on line 33.
 1 SYSTEMPATH/View/View.php(201): CodeIgniter\Exceptions\FrameworkException::forInvalidFile('all fields must be filled.php')
 2 SYSTEMPATH/Common.php(1135): CodeIgniter\View\View->render('all fields must be filled', [], true)
 3 APPPATH/Controllers/userAccount.php(49): view('all fields must be filled')
 4 SYSTEMPATH/CodeIgniter.php(896): App\Controllers\UserAccount->addUser()
 5 SYSTEMPATH/CodeIgniter.php(466): CodeIgniter\CodeIgniter->runController(Object(App\Controllers\UserAccount))
 6 SYSTEMPATH/CodeIgniter.php(349): CodeIgniter\CodeIgniter->handleRequest(null, Object(Config\Cache), false)
 7 FCPATH/index.php(55): CodeIgniter\CodeIgniter->run()
 8 SYSTEMPATH/Commands/Server/rewrite.php(43): require_once('FCPATH/index.php')
CRITICAL - 2022-08-17 06:55:53 --> Undefined variable $errorMessage
in APPPATH/Views/Users/register.php on line 45.
 1 APPPATH/Views/Users/register.php(45): CodeIgniter\Debug\Exceptions->errorHandler(2, 'Undefined variable $errorMessage', 'APPPATH/Views/Users/register.php', 45)
 2 SYSTEMPATH/View/View.php(213): include('APPPATH/Views/Users/register.php')
 3 SYSTEMPATH/View/View.php(216): CodeIgniter\View\View->CodeIgniter\View\{closure}()
 4 SYSTEMPATH/Common.php(1135): CodeIgniter\View\View->render('Users/register', [], true)
 5 APPPATH/Controllers/UserAccount.php(20): view('Users/register')
 6 SYSTEMPATH/CodeIgniter.php(896): App\Controllers\UserAccount->register()
 7 SYSTEMPATH/CodeIgniter.php(466): CodeIgniter\CodeIgniter->runController(Object(App\Controllers\UserAccount))
 8 SYSTEMPATH/CodeIgniter.php(349): CodeIgniter\CodeIgniter->handleRequest(null, Object(Config\Cache), false)
 9 FCPATH/index.php(55): CodeIgniter\CodeIgniter->run()
10 SYSTEMPATH/Commands/Server/rewrite.php(43): require_once('FCPATH/index.php')
CRITICAL - 2022-08-17 08:17:01 --> Undefined property: App\Controllers\UserAccount::$load
in APPPATH/Controllers/userAccount.php on line 50.
 1 APPPATH/Controllers/userAccount.php(50): CodeIgniter\Debug\Exceptions->errorHandler(2, 'Undefined property: App\\Controllers\\UserAccount::$load', 'APPPATH/Controllers/userAccount.php', 50)
 2 SYSTEMPATH/CodeIgniter.php(896): App\Controllers\UserAccount->addUser()
 3 SYSTEMPATH/CodeIgniter.php(466): CodeIgniter\CodeIgniter->runController(Object(App\Controllers\UserAccount))
 4 SYSTEMPATH/CodeIgniter.php(349): CodeIgniter\CodeIgniter->handleRequest(null, Object(Config\Cache), false)
 5 FCPATH/index.php(55): CodeIgniter\CodeIgniter->run()
 6 SYSTEMPATH/Commands/Server/rewrite.php(43): require_once('FCPATH/index.php')
CRITICAL - 2022-08-17 08:17:27 --> Undefined property: App\Controllers\UserAccount::$load
in APPPATH/Controllers/userAccount.php on line 53.
 1 APPPATH/Controllers/userAccount.php(53): CodeIgniter\Debug\Exceptions->errorHandler(2, 'Undefined property: App\\Controllers\\UserAccount::$load', 'APPPATH/Controllers/userAccount.php', 53)
 2 SYSTEMPATH/CodeIgniter.php(896): App\Controllers\UserAccount->addUser()
 3 SYSTEMPATH/CodeIgniter.php(466): CodeIgniter\CodeIgniter->runController(Object(App\Controllers\UserAccount))
 4 SYSTEMPATH/CodeIgniter.php(349): CodeIgniter\CodeIgniter->handleRequest(null, Object(Config\Cache), false)
 5 FCPATH/index.php(55): CodeIgniter\CodeIgniter->run()
 6 SYSTEMPATH/Commands/Server/rewrite.php(43): require_once('FCPATH/index.php')
CRITICAL - 2022-08-17 08:20:38 --> Undefined property: App\Controllers\UserAccount::$load
in APPPATH/Controllers/userAccount.php on line 51.
 1 APPPATH/Controllers/userAccount.php(51): CodeIgniter\Debug\Exceptions->errorHandler(2, 'Undefined property: App\\Controllers\\UserAccount::$load', 'APPPATH/Controllers/userAccount.php', 51)
 2 SYSTEMPATH/CodeIgniter.php(896): App\Controllers\UserAccount->addUser()
 3 SYSTEMPATH/CodeIgniter.php(466): CodeIgniter\CodeIgniter->runController(Object(App\Controllers\UserAccount))
 4 SYSTEMPATH/CodeIgniter.php(349): CodeIgniter\CodeIgniter->handleRequest(null, Object(Config\Cache), false)
 5 FCPATH/index.php(55): CodeIgniter\CodeIgniter->run()
 6 SYSTEMPATH/Commands/Server/rewrite.php(43): require_once('FCPATH/index.php')
CRITICAL - 2022-08-17 08:22:00 --> Undefined variable $msg
in APPPATH/Controllers/userAccount.php on line 50.
 1 APPPATH/Controllers/userAccount.php(50): CodeIgniter\Debug\Exceptions->errorHandler(2, 'Undefined variable $msg', 'APPPATH/Controllers/userAccount.php', 50)
 2 SYSTEMPATH/CodeIgniter.php(896): App\Controllers\UserAccount->addUser()
 3 SYSTEMPATH/CodeIgniter.php(466): CodeIgniter\CodeIgniter->runController(Object(App\Controllers\UserAccount))
 4 SYSTEMPATH/CodeIgniter.php(349): CodeIgniter\CodeIgniter->handleRequest(null, Object(Config\Cache), false)
 5 FCPATH/index.php(55): CodeIgniter\CodeIgniter->run()
 6 SYSTEMPATH/Commands/Server/rewrite.php(43): require_once('FCPATH/index.php')
CRITICAL - 2022-08-17 08:22:59 --> Undefined property: App\Controllers\UserAccount::$load
in APPPATH/Controllers/userAccount.php on line 52.
 1 APPPATH/Controllers/userAccount.php(52): CodeIgniter\Debug\Exceptions->errorHandler(2, 'Undefined property: App\\Controllers\\UserAccount::$load', 'APPPATH/Controllers/userAccount.php', 52)
 2 SYSTEMPATH/CodeIgniter.php(896): App\Controllers\UserAccount->addUser()
 3 SYSTEMPATH/CodeIgniter.php(466): CodeIgniter\CodeIgniter->runController(Object(App\Controllers\UserAccount))
 4 SYSTEMPATH/CodeIgniter.php(349): CodeIgniter\CodeIgniter->handleRequest(null, Object(Config\Cache), false)
 5 FCPATH/index.php(55): CodeIgniter\CodeIgniter->run()
 6 SYSTEMPATH/Commands/Server/rewrite.php(43): require_once('FCPATH/index.php')
CRITICAL - 2022-08-17 08:23:31 --> Undefined property: App\Controllers\UserAccount::$load
in APPPATH/Controllers/userAccount.php on line 52.
 1 APPPATH/Controllers/userAccount.php(52): CodeIgniter\Debug\Exceptions->errorHandler(2, 'Undefined property: App\\Controllers\\UserAccount::$load', 'APPPATH/Controllers/userAccount.php', 52)
 2 SYSTEMPATH/CodeIgniter.php(896): App\Controllers\UserAccount->addUser()
 3 SYSTEMPATH/CodeIgniter.php(466): CodeIgniter\CodeIgniter->runController(Object(App\Controllers\UserAccount))
 4 SYSTEMPATH/CodeIgniter.php(349): CodeIgniter\CodeIgniter->handleRequest(null, Object(Config\Cache), false)
 5 FCPATH/index.php(55): CodeIgniter\CodeIgniter->run()
 6 SYSTEMPATH/Commands/Server/rewrite.php(43): require_once('FCPATH/index.php')
CRITICAL - 2022-08-17 08:24:32 --> Undefined property: App\Controllers\UserAccount::$load
in APPPATH/Controllers/userAccount.php on line 51.
 1 APPPATH/Controllers/userAccount.php(51): CodeIgniter\Debug\Exceptions->errorHandler(2, 'Undefined property: App\\Controllers\\UserAccount::$load', 'APPPATH/Controllers/userAccount.php', 51)
 2 SYSTEMPATH/CodeIgniter.php(896): App\Controllers\UserAccount->addUser()
 3 SYSTEMPATH/CodeIgniter.php(466): CodeIgniter\CodeIgniter->runController(Object(App\Controllers\UserAccount))
 4 SYSTEMPATH/CodeIgniter.php(349): CodeIgniter\CodeIgniter->handleRequest(null, Object(Config\Cache), false)
 5 FCPATH/index.php(55): CodeIgniter\CodeIgniter->run()
 6 SYSTEMPATH/Commands/Server/rewrite.php(43): require_once('FCPATH/index.php')
CRITICAL - 2022-08-17 08:24:58 --> Undefined property: App\Controllers\UserAccount::$load
in APPPATH/Controllers/userAccount.php on line 51.
 1 APPPATH/Controllers/userAccount.php(51): CodeIgniter\Debug\Exceptions->errorHandler(2, 'Undefined property: App\\Controllers\\UserAccount::$load', 'APPPATH/Controllers/userAccount.php', 51)
 2 SYSTEMPATH/CodeIgniter.php(896): App\Controllers\UserAccount->addUser()
 3 SYSTEMPATH/CodeIgniter.php(466): CodeIgniter\CodeIgniter->runController(Object(App\Controllers\UserAccount))
 4 SYSTEMPATH/CodeIgniter.php(349): CodeIgniter\CodeIgniter->handleRequest(null, Object(Config\Cache), false)
 5 FCPATH/index.php(55): CodeIgniter\CodeIgniter->run()
 6 SYSTEMPATH/Commands/Server/rewrite.php(43): require_once('FCPATH/index.php')
CRITICAL - 2022-08-17 08:25:40 --> Undefined property: App\Controllers\UserAccount::$load
in APPPATH/Controllers/userAccount.php on line 51.
 1 APPPATH/Controllers/userAccount.php(51): CodeIgniter\Debug\Exceptions->errorHandler(2, 'Undefined property: App\\Controllers\\UserAccount::$load', 'APPPATH/Controllers/userAccount.php', 51)
 2 SYSTEMPATH/CodeIgniter.php(896): App\Controllers\UserAccount->addUser()
 3 SYSTEMPATH/CodeIgniter.php(466): CodeIgniter\CodeIgniter->runController(Object(App\Controllers\UserAccount))
 4 SYSTEMPATH/CodeIgniter.php(349): CodeIgniter\CodeIgniter->handleRequest(null, Object(Config\Cache), false)
 5 FCPATH/index.php(55): CodeIgniter\CodeIgniter->run()
 6 SYSTEMPATH/Commands/Server/rewrite.php(43): require_once('FCPATH/index.php')
CRITICAL - 2022-08-17 08:25:45 --> Undefined property: App\Controllers\UserAccount::$load
in APPPATH/Controllers/userAccount.php on line 51.
 1 APPPATH/Controllers/userAccount.php(51): CodeIgniter\Debug\Exceptions->errorHandler(2, 'Undefined property: App\\Controllers\\UserAccount::$load', 'APPPATH/Controllers/userAccount.php', 51)
 2 SYSTEMPATH/CodeIgniter.php(896): App\Controllers\UserAccount->addUser()
 3 SYSTEMPATH/CodeIgniter.php(466): CodeIgniter\CodeIgniter->runController(Object(App\Controllers\UserAccount))
 4 SYSTEMPATH/CodeIgniter.php(349): CodeIgniter\CodeIgniter->handleRequest(null, Object(Config\Cache), false)
 5 FCPATH/index.php(55): CodeIgniter\CodeIgniter->run()
 6 SYSTEMPATH/Commands/Server/rewrite.php(43): require_once('FCPATH/index.php')
CRITICAL - 2022-08-17 08:26:05 --> CodeIgniter\HTTP\Response::redirect(): Argument #2 ($method) must be of type string, array given, called in /Applications/XAMPP/xamppfiles/htdocs/namaste-hub/app/Controllers/userAccount.php on line 51
in SYSTEMPATH/HTTP/ResponseTrait.php on line 502.
 1 APPPATH/Controllers/userAccount.php(51): CodeIgniter\HTTP\Response->redirect('register', [...])
 2 SYSTEMPATH/CodeIgniter.php(896): App\Controllers\UserAccount->addUser()
 3 SYSTEMPATH/CodeIgniter.php(466): CodeIgniter\CodeIgniter->runController(Object(App\Controllers\UserAccount))
 4 SYSTEMPATH/CodeIgniter.php(349): CodeIgniter\CodeIgniter->handleRequest(null, Object(Config\Cache), false)
 5 FCPATH/index.php(55): CodeIgniter\CodeIgniter->run()
 6 SYSTEMPATH/Commands/Server/rewrite.php(43): require_once('FCPATH/index.php')
CRITICAL - 2022-08-17 08:26:52 --> Undefined constant "App\Controllers\msg"
in APPPATH/Controllers/userAccount.php on line 50.
 1 SYSTEMPATH/CodeIgniter.php(896): App\Controllers\UserAccount->addUser()
 2 SYSTEMPATH/CodeIgniter.php(466): CodeIgniter\CodeIgniter->runController(Object(App\Controllers\UserAccount))
 3 SYSTEMPATH/CodeIgniter.php(349): CodeIgniter\CodeIgniter->handleRequest(null, Object(Config\Cache), false)
 4 FCPATH/index.php(55): CodeIgniter\CodeIgniter->run()
 5 SYSTEMPATH/Commands/Server/rewrite.php(43): require_once('FCPATH/index.php')
CRITICAL - 2022-08-17 08:29:50 --> Undefined property: App\Controllers\UserAccount::$load
in APPPATH/Controllers/userAccount.php on line 50.
 1 APPPATH/Controllers/userAccount.php(50): CodeIgniter\Debug\Exceptions->errorHandler(2, 'Undefined property: App\\Controllers\\UserAccount::$load', 'APPPATH/Controllers/userAccount.php', 50)
 2 SYSTEMPATH/CodeIgniter.php(896): App\Controllers\UserAccount->addUser()
 3 SYSTEMPATH/CodeIgniter.php(466): CodeIgniter\CodeIgniter->runController(Object(App\Controllers\UserAccount))
 4 SYSTEMPATH/CodeIgniter.php(349): CodeIgniter\CodeIgniter->handleRequest(null, Object(Config\Cache), false)
 5 FCPATH/index.php(55): CodeIgniter\CodeIgniter->run()
 6 SYSTEMPATH/Commands/Server/rewrite.php(43): require_once('FCPATH/index.php')
CRITICAL - 2022-08-17 08:31:29 --> Undefined property: App\Controllers\UserAccount::$load
in APPPATH/Controllers/userAccount.php on line 56.
 1 APPPATH/Controllers/userAccount.php(56): CodeIgniter\Debug\Exceptions->errorHandler(2, 'Undefined property: App\\Controllers\\UserAccount::$load', 'APPPATH/Controllers/userAccount.php', 56)
 2 SYSTEMPATH/CodeIgniter.php(896): App\Controllers\UserAccount->addUser()
 3 SYSTEMPATH/CodeIgniter.php(466): CodeIgniter\CodeIgniter->runController(Object(App\Controllers\UserAccount))
 4 SYSTEMPATH/CodeIgniter.php(349): CodeIgniter\CodeIgniter->handleRequest(null, Object(Config\Cache), false)
 5 FCPATH/index.php(55): CodeIgniter\CodeIgniter->run()
 6 SYSTEMPATH/Commands/Server/rewrite.php(43): require_once('FCPATH/index.php')
CRITICAL - 2022-08-17 08:35:52 --> Undefined property: App\Controllers\UserAccount::$load
in APPPATH/Controllers/userAccount.php on line 56.
 1 APPPATH/Controllers/userAccount.php(56): CodeIgniter\Debug\Exceptions->errorHandler(2, 'Undefined property: App\\Controllers\\UserAccount::$load', 'APPPATH/Controllers/userAccount.php', 56)
 2 SYSTEMPATH/CodeIgniter.php(896): App\Controllers\UserAccount->addUser()
 3 SYSTEMPATH/CodeIgniter.php(466): CodeIgniter\CodeIgniter->runController(Object(App\Controllers\UserAccount))
 4 SYSTEMPATH/CodeIgniter.php(349): CodeIgniter\CodeIgniter->handleRequest(null, Object(Config\Cache), false)
 5 FCPATH/index.php(55): CodeIgniter\CodeIgniter->run()
 6 SYSTEMPATH/Commands/Server/rewrite.php(43): require_once('FCPATH/index.php')
CRITICAL - 2022-08-17 08:36:34 --> Undefined property: App\Controllers\UserAccount::$load
in APPPATH/Controllers/userAccount.php on line 56.
 1 APPPATH/Controllers/userAccount.php(56): CodeIgniter\Debug\Exceptions->errorHandler(2, 'Undefined property: App\\Controllers\\UserAccount::$load', 'APPPATH/Controllers/userAccount.php', 56)
 2 SYSTEMPATH/CodeIgniter.php(896): App\Controllers\UserAccount->addUser()
 3 SYSTEMPATH/CodeIgniter.php(466): CodeIgniter\CodeIgniter->runController(Object(App\Controllers\UserAccount))
 4 SYSTEMPATH/CodeIgniter.php(349): CodeIgniter\CodeIgniter->handleRequest(null, Object(Config\Cache), false)
 5 FCPATH/index.php(55): CodeIgniter\CodeIgniter->run()
 6 SYSTEMPATH/Commands/Server/rewrite.php(43): require_once('FCPATH/index.php')
CRITICAL - 2022-08-17 08:38:43 --> Undefined property: App\Controllers\UserAccount::$load
in APPPATH/Controllers/userAccount.php on line 57.
 1 APPPATH/Controllers/userAccount.php(57): CodeIgniter\Debug\Exceptions->errorHandler(2, 'Undefined property: App\\Controllers\\UserAccount::$load', 'APPPATH/Controllers/userAccount.php', 57)
 2 SYSTEMPATH/CodeIgniter.php(896): App\Controllers\UserAccount->addUser()
 3 SYSTEMPATH/CodeIgniter.php(466): CodeIgniter\CodeIgniter->runController(Object(App\Controllers\UserAccount))
 4 SYSTEMPATH/CodeIgniter.php(349): CodeIgniter\CodeIgniter->handleRequest(null, Object(Config\Cache), false)
 5 FCPATH/index.php(55): CodeIgniter\CodeIgniter->run()
 6 SYSTEMPATH/Commands/Server/rewrite.php(43): require_once('FCPATH/index.php')
CRITICAL - 2022-08-17 08:44:38 --> Undefined property: App\Controllers\UserAccount::$load
in APPPATH/Controllers/userAccount.php on line 57.
 1 APPPATH/Controllers/userAccount.php(57): CodeIgniter\Debug\Exceptions->errorHandler(2, 'Undefined property: App\\Controllers\\UserAccount::$load', 'APPPATH/Controllers/userAccount.php', 57)
 2 SYSTEMPATH/CodeIgniter.php(896): App\Controllers\UserAccount->addUser()
 3 SYSTEMPATH/CodeIgniter.php(466): CodeIgniter\CodeIgniter->runController(Object(App\Controllers\UserAccount))
 4 SYSTEMPATH/CodeIgniter.php(349): CodeIgniter\CodeIgniter->handleRequest(null, Object(Config\Cache), false)
 5 FCPATH/index.php(55): CodeIgniter\CodeIgniter->run()
 6 SYSTEMPATH/Commands/Server/rewrite.php(43): require_once('FCPATH/index.php')
CRITICAL - 2022-08-17 08:51:18 --> Undefined variable $test
in APPPATH/Views/Users/register.php on line 45.
 1 APPPATH/Views/Users/register.php(45): CodeIgniter\Debug\Exceptions->errorHandler(2, 'Undefined variable $test', 'APPPATH/Views/Users/register.php', 45)
 2 SYSTEMPATH/View/View.php(213): include('APPPATH/Views/Users/register.php')
 3 SYSTEMPATH/View/View.php(216): CodeIgniter\View\View->CodeIgniter\View\{closure}()
 4 SYSTEMPATH/Common.php(1135): CodeIgniter\View\View->render('Users/register', [], true)
 5 APPPATH/Controllers/UserAccount.php(20): view('Users/register')
 6 SYSTEMPATH/CodeIgniter.php(896): App\Controllers\UserAccount->register()
 7 SYSTEMPATH/CodeIgniter.php(466): CodeIgniter\CodeIgniter->runController(Object(App\Controllers\UserAccount))
 8 SYSTEMPATH/CodeIgniter.php(349): CodeIgniter\CodeIgniter->handleRequest(null, Object(Config\Cache), false)
 9 FCPATH/index.php(55): CodeIgniter\CodeIgniter->run()
10 SYSTEMPATH/Commands/Server/rewrite.php(43): require_once('FCPATH/index.php')
CRITICAL - 2022-08-17 08:51:22 --> Undefined variable $test
in APPPATH/Views/Users/register.php on line 45.
 1 APPPATH/Views/Users/register.php(45): CodeIgniter\Debug\Exceptions->errorHandler(2, 'Undefined variable $test', 'APPPATH/Views/Users/register.php', 45)
 2 SYSTEMPATH/View/View.php(213): include('APPPATH/Views/Users/register.php')
 3 SYSTEMPATH/View/View.php(216): CodeIgniter\View\View->CodeIgniter\View\{closure}()
 4 SYSTEMPATH/Common.php(1135): CodeIgniter\View\View->render('Users/register', [], true)
 5 APPPATH/Controllers/UserAccount.php(20): view('Users/register')
 6 SYSTEMPATH/CodeIgniter.php(896): App\Controllers\UserAccount->register()
 7 SYSTEMPATH/CodeIgniter.php(466): CodeIgniter\CodeIgniter->runController(Object(App\Controllers\UserAccount))
 8 SYSTEMPATH/CodeIgniter.php(349): CodeIgniter\CodeIgniter->handleRequest(null, Object(Config\Cache), false)
 9 FCPATH/index.php(55): CodeIgniter\CodeIgniter->run()
10 SYSTEMPATH/Commands/Server/rewrite.php(43): require_once('FCPATH/index.php')
CRITICAL - 2022-08-17 08:54:21 --> Undefined variable $test
in APPPATH/Views/Users/register.php on line 45.
 1 APPPATH/Views/Users/register.php(45): CodeIgniter\Debug\Exceptions->errorHandler(2, 'Undefined variable $test', 'APPPATH/Views/Users/register.php', 45)
 2 SYSTEMPATH/View/View.php(213): include('APPPATH/Views/Users/register.php')
 3 SYSTEMPATH/View/View.php(216): CodeIgniter\View\View->CodeIgniter\View\{closure}()
 4 SYSTEMPATH/Common.php(1135): CodeIgniter\View\View->render('Users/register', [], true)
 5 APPPATH/Controllers/UserAccount.php(20): view('Users/register')
 6 SYSTEMPATH/CodeIgniter.php(896): App\Controllers\UserAccount->register()
 7 SYSTEMPATH/CodeIgniter.php(466): CodeIgniter\CodeIgniter->runController(Object(App\Controllers\UserAccount))
 8 SYSTEMPATH/CodeIgniter.php(349): CodeIgniter\CodeIgniter->handleRequest(null, Object(Config\Cache), false)
 9 FCPATH/index.php(55): CodeIgniter\CodeIgniter->run()
10 SYSTEMPATH/Commands/Server/rewrite.php(43): require_once('FCPATH/index.php')
CRITICAL - 2022-08-17 08:54:55 --> Undefined variable $test
in APPPATH/Views/Users/register.php on line 45.
 1 APPPATH/Views/Users/register.php(45): CodeIgniter\Debug\Exceptions->errorHandler(2, 'Undefined variable $test', 'APPPATH/Views/Users/register.php', 45)
 2 SYSTEMPATH/View/View.php(213): include('APPPATH/Views/Users/register.php')
 3 SYSTEMPATH/View/View.php(216): CodeIgniter\View\View->CodeIgniter\View\{closure}()
 4 SYSTEMPATH/Common.php(1135): CodeIgniter\View\View->render('Users/register', [], true)
 5 APPPATH/Controllers/UserAccount.php(20): view('Users/register')
 6 SYSTEMPATH/CodeIgniter.php(896): App\Controllers\UserAccount->register()
 7 SYSTEMPATH/CodeIgniter.php(466): CodeIgniter\CodeIgniter->runController(Object(App\Controllers\UserAccount))
 8 SYSTEMPATH/CodeIgniter.php(349): CodeIgniter\CodeIgniter->handleRequest(null, Object(Config\Cache), false)
 9 FCPATH/index.php(55): CodeIgniter\CodeIgniter->run()
10 SYSTEMPATH/Commands/Server/rewrite.php(43): require_once('FCPATH/index.php')
CRITICAL - 2022-08-17 08:54:56 --> Undefined variable $test
in APPPATH/Views/Users/register.php on line 45.
 1 APPPATH/Views/Users/register.php(45): CodeIgniter\Debug\Exceptions->errorHandler(2, 'Undefined variable $test', 'APPPATH/Views/Users/register.php', 45)
 2 SYSTEMPATH/View/View.php(213): include('APPPATH/Views/Users/register.php')
 3 SYSTEMPATH/View/View.php(216): CodeIgniter\View\View->CodeIgniter\View\{closure}()
 4 SYSTEMPATH/Common.php(1135): CodeIgniter\View\View->render('Users/register', [], true)
 5 APPPATH/Controllers/UserAccount.php(20): view('Users/register')
 6 SYSTEMPATH/CodeIgniter.php(896): App\Controllers\UserAccount->register()
 7 SYSTEMPATH/CodeIgniter.php(466): CodeIgniter\CodeIgniter->runController(Object(App\Controllers\UserAccount))
 8 SYSTEMPATH/CodeIgniter.php(349): CodeIgniter\CodeIgniter->handleRequest(null, Object(Config\Cache), false)
 9 FCPATH/index.php(55): CodeIgniter\CodeIgniter->run()
10 SYSTEMPATH/Commands/Server/rewrite.php(43): require_once('FCPATH/index.php')
CRITICAL - 2022-08-17 08:55:03 --> Undefined variable $test
in APPPATH/Views/Users/register.php on line 45.
 1 APPPATH/Views/Users/register.php(45): CodeIgniter\Debug\Exceptions->errorHandler(2, 'Undefined variable $test', 'APPPATH/Views/Users/register.php', 45)
 2 SYSTEMPATH/View/View.php(213): include('APPPATH/Views/Users/register.php')
 3 SYSTEMPATH/View/View.php(216): CodeIgniter\View\View->CodeIgniter\View\{closure}()
 4 SYSTEMPATH/Common.php(1135): CodeIgniter\View\View->render('Users/register', [], true)
 5 APPPATH/Controllers/UserAccount.php(20): view('Users/register')
 6 SYSTEMPATH/CodeIgniter.php(896): App\Controllers\UserAccount->register()
 7 SYSTEMPATH/CodeIgniter.php(466): CodeIgniter\CodeIgniter->runController(Object(App\Controllers\UserAccount))
 8 SYSTEMPATH/CodeIgniter.php(349): CodeIgniter\CodeIgniter->handleRequest(null, Object(Config\Cache), false)
 9 FCPATH/index.php(55): CodeIgniter\CodeIgniter->run()
10 SYSTEMPATH/Commands/Server/rewrite.php(43): require_once('FCPATH/index.php')
CRITICAL - 2022-08-17 08:56:15 --> Undefined variable $test
in APPPATH/Views/Users/register.php on line 45.
 1 APPPATH/Views/Users/register.php(45): CodeIgniter\Debug\Exceptions->errorHandler(2, 'Undefined variable $test', 'APPPATH/Views/Users/register.php', 45)
 2 SYSTEMPATH/View/View.php(213): include('APPPATH/Views/Users/register.php')
 3 SYSTEMPATH/View/View.php(216): CodeIgniter\View\View->CodeIgniter\View\{closure}()
 4 SYSTEMPATH/Common.php(1135): CodeIgniter\View\View->render('Users/register', [], true)
 5 APPPATH/Controllers/userAccount.php(55): view('Users/register', [...])
 6 SYSTEMPATH/CodeIgniter.php(896): App\Controllers\UserAccount->addUser()
 7 SYSTEMPATH/CodeIgniter.php(466): CodeIgniter\CodeIgniter->runController(Object(App\Controllers\UserAccount))
 8 SYSTEMPATH/CodeIgniter.php(349): CodeIgniter\CodeIgniter->handleRequest(null, Object(Config\Cache), false)
 9 FCPATH/index.php(55): CodeIgniter\CodeIgniter->run()
10 SYSTEMPATH/Commands/Server/rewrite.php(43): require_once('FCPATH/index.php')
CRITICAL - 2022-08-17 08:58:25 --> Undefined variable $errorMessage
in APPPATH/Controllers/userAccount.php on line 60.
 1 APPPATH/Controllers/userAccount.php(60): CodeIgniter\Debug\Exceptions->errorHandler(2, 'Undefined variable $errorMessage', 'APPPATH/Controllers/userAccount.php', 60)
 2 SYSTEMPATH/CodeIgniter.php(896): App\Controllers\UserAccount->addUser()
 3 SYSTEMPATH/CodeIgniter.php(466): CodeIgniter\CodeIgniter->runController(Object(App\Controllers\UserAccount))
 4 SYSTEMPATH/CodeIgniter.php(349): CodeIgniter\CodeIgniter->handleRequest(null, Object(Config\Cache), false)
 5 FCPATH/index.php(55): CodeIgniter\CodeIgniter->run()
 6 SYSTEMPATH/Commands/Server/rewrite.php(43): require_once('FCPATH/index.php')
CRITICAL - 2022-08-17 09:00:13 --> Undefined variable $msg
in APPPATH/Views/Users/register.php on line 45.
 1 APPPATH/Views/Users/register.php(45): CodeIgniter\Debug\Exceptions->errorHandler(2, 'Undefined variable $msg', 'APPPATH/Views/Users/register.php', 45)
 2 SYSTEMPATH/View/View.php(213): include('APPPATH/Views/Users/register.php')
 3 SYSTEMPATH/View/View.php(216): CodeIgniter\View\View->CodeIgniter\View\{closure}()
 4 SYSTEMPATH/Common.php(1135): CodeIgniter\View\View->render('Users/register', [], true)
 5 APPPATH/Controllers/UserAccount.php(19): view('Users/register', [])
 6 SYSTEMPATH/CodeIgniter.php(896): App\Controllers\UserAccount->register()
 7 SYSTEMPATH/CodeIgniter.php(466): CodeIgniter\CodeIgniter->runController(Object(App\Controllers\UserAccount))
 8 SYSTEMPATH/CodeIgniter.php(349): CodeIgniter\CodeIgniter->handleRequest(null, Object(Config\Cache), false)
 9 FCPATH/index.php(55): CodeIgniter\CodeIgniter->run()
10 SYSTEMPATH/Commands/Server/rewrite.php(43): require_once('FCPATH/index.php')
CRITICAL - 2022-08-17 09:41:16 --> base_url(): Argument #2 ($scheme) must be of type ?string, array given, called in /Applications/XAMPP/xamppfiles/htdocs/namaste-hub/app/Controllers/userAccount.php on line 136
in SYSTEMPATH/Helpers/url_helper.php on line 101.
 1 APPPATH/Controllers/userAccount.php(136): base_url('/login', [...])
 2 SYSTEMPATH/CodeIgniter.php(896): App\Controllers\UserAccount->addUser()
 3 SYSTEMPATH/CodeIgniter.php(466): CodeIgniter\CodeIgniter->runController(Object(App\Controllers\UserAccount))
 4 SYSTEMPATH/CodeIgniter.php(349): CodeIgniter\CodeIgniter->handleRequest(null, Object(Config\Cache), false)
 5 FCPATH/index.php(55): CodeIgniter\CodeIgniter->run()
 6 SYSTEMPATH/Commands/Server/rewrite.php(43): require_once('FCPATH/index.php')
CRITICAL - 2022-08-17 09:41:45 --> base_url(): Argument #2 ($scheme) must be of type ?string, array given, called in /Applications/XAMPP/xamppfiles/htdocs/namaste-hub/app/Controllers/userAccount.php on line 136
in SYSTEMPATH/Helpers/url_helper.php on line 101.
 1 APPPATH/Controllers/userAccount.php(136): base_url('/login', [...])
 2 SYSTEMPATH/CodeIgniter.php(896): App\Controllers\UserAccount->addUser()
 3 SYSTEMPATH/CodeIgniter.php(466): CodeIgniter\CodeIgniter->runController(Object(App\Controllers\UserAccount))
 4 SYSTEMPATH/CodeIgniter.php(349): CodeIgniter\CodeIgniter->handleRequest(null, Object(Config\Cache), false)
 5 FCPATH/index.php(55): CodeIgniter\CodeIgniter->run()
 6 SYSTEMPATH/Commands/Server/rewrite.php(43): require_once('FCPATH/index.php')
CRITICAL - 2022-08-17 09:41:55 --> base_url(): Argument #2 ($scheme) must be of type ?string, array given, called in /Applications/XAMPP/xamppfiles/htdocs/namaste-hub/app/Controllers/userAccount.php on line 136
in SYSTEMPATH/Helpers/url_helper.php on line 101.
 1 APPPATH/Controllers/userAccount.php(136): base_url('/login', [...])
 2 SYSTEMPATH/CodeIgniter.php(896): App\Controllers\UserAccount->addUser()
 3 SYSTEMPATH/CodeIgniter.php(466): CodeIgniter\CodeIgniter->runController(Object(App\Controllers\UserAccount))
 4 SYSTEMPATH/CodeIgniter.php(349): CodeIgniter\CodeIgniter->handleRequest(null, Object(Config\Cache), false)
 5 FCPATH/index.php(55): CodeIgniter\CodeIgniter->run()
 6 SYSTEMPATH/Commands/Server/rewrite.php(43): require_once('FCPATH/index.php')
CRITICAL - 2022-08-17 09:42:12 --> base_url(): Argument #2 ($scheme) must be of type ?string, array given, called in /Applications/XAMPP/xamppfiles/htdocs/namaste-hub/app/Controllers/userAccount.php on line 136
in SYSTEMPATH/Helpers/url_helper.php on line 101.
 1 APPPATH/Controllers/userAccount.php(136): base_url('/login', [...])
 2 SYSTEMPATH/CodeIgniter.php(896): App\Controllers\UserAccount->addUser()
 3 SYSTEMPATH/CodeIgniter.php(466): CodeIgniter\CodeIgniter->runController(Object(App\Controllers\UserAccount))
 4 SYSTEMPATH/CodeIgniter.php(349): CodeIgniter\CodeIgniter->handleRequest(null, Object(Config\Cache), false)
 5 FCPATH/index.php(55): CodeIgniter\CodeIgniter->run()
 6 SYSTEMPATH/Commands/Server/rewrite.php(43): require_once('FCPATH/index.php')
CRITICAL - 2022-08-17 09:44:11 --> base_url(): Argument #2 ($scheme) must be of type ?string, array given, called in /Applications/XAMPP/xamppfiles/htdocs/namaste-hub/app/Controllers/userAccount.php on line 136
in SYSTEMPATH/Helpers/url_helper.php on line 101.
 1 APPPATH/Controllers/userAccount.php(136): base_url('/login', [...])
 2 SYSTEMPATH/CodeIgniter.php(896): App\Controllers\UserAccount->addUser()
 3 SYSTEMPATH/CodeIgniter.php(466): CodeIgniter\CodeIgniter->runController(Object(App\Controllers\UserAccount))
 4 SYSTEMPATH/CodeIgniter.php(349): CodeIgniter\CodeIgniter->handleRequest(null, Object(Config\Cache), false)
 5 FCPATH/index.php(55): CodeIgniter\CodeIgniter->run()
 6 SYSTEMPATH/Commands/Server/rewrite.php(43): require_once('FCPATH/index.php')
CRITICAL - 2022-08-17 09:44:24 --> base_url(): Argument #2 ($scheme) must be of type ?string, array given, called in /Applications/XAMPP/xamppfiles/htdocs/namaste-hub/app/Controllers/userAccount.php on line 136
in SYSTEMPATH/Helpers/url_helper.php on line 101.
 1 APPPATH/Controllers/userAccount.php(136): base_url('/login', [...])
 2 SYSTEMPATH/CodeIgniter.php(896): App\Controllers\UserAccount->addUser()
 3 SYSTEMPATH/CodeIgniter.php(466): CodeIgniter\CodeIgniter->runController(Object(App\Controllers\UserAccount))
 4 SYSTEMPATH/CodeIgniter.php(349): CodeIgniter\CodeIgniter->handleRequest(null, Object(Config\Cache), false)
 5 FCPATH/index.php(55): CodeIgniter\CodeIgniter->run()
 6 SYSTEMPATH/Commands/Server/rewrite.php(43): require_once('FCPATH/index.php')
CRITICAL - 2022-08-17 12:05:03 --> Undefined constant "logged_in"
in APPPATH/Views/Assets/header.php on line 15.
 1 SYSTEMPATH/View/View.php(213): include()
 2 SYSTEMPATH/View/View.php(216): CodeIgniter\View\View->CodeIgniter\View\{closure}()
 3 SYSTEMPATH/Common.php(1135): CodeIgniter\View\View->render('Assets/header', [], true)
 4 APPPATH/Views/Users/dashboard.php(3): view('Assets/header')
 5 SYSTEMPATH/View/View.php(213): include('APPPATH/Views/Users/dashboard.php')
 6 SYSTEMPATH/View/View.php(216): CodeIgniter\View\View->CodeIgniter\View\{closure}()
 7 SYSTEMPATH/Common.php(1135): CodeIgniter\View\View->render('Users/dashboard', [], true)
 8 APPPATH/Controllers/Login.php(50): view('Users/dashboard')
 9 SYSTEMPATH/CodeIgniter.php(896): App\Controllers\Login->dashboard()
10 SYSTEMPATH/CodeIgniter.php(466): CodeIgniter\CodeIgniter->runController(Object(App\Controllers\Login))
11 SYSTEMPATH/CodeIgniter.php(349): CodeIgniter\CodeIgniter->handleRequest(null, Object(Config\Cache), false)
12 FCPATH/index.php(55): CodeIgniter\CodeIgniter->run()
13 SYSTEMPATH/Commands/Server/rewrite.php(43): require_once('FCPATH/index.php')
CRITICAL - 2022-08-17 12:41:47 --> Undefined property: CodeIgniter\View\View::$session
in APPPATH/Views/Users/register.php on line 16.
 1 APPPATH/Views/Users/register.php(16): CodeIgniter\Debug\Exceptions->errorHandler(2, 'Undefined property: CodeIgniter\\View\\View::$session', 'APPPATH/Views/Users/register.php', 16)
 2 SYSTEMPATH/View/View.php(213): include('APPPATH/Views/Users/register.php')
 3 SYSTEMPATH/View/View.php(216): CodeIgniter\View\View->CodeIgniter\View\{closure}()
 4 SYSTEMPATH/Common.php(1135): CodeIgniter\View\View->render('Users/register', [], true)
 5 APPPATH/Controllers/UserAccount.php(25): view('Users/register', [...])
 6 SYSTEMPATH/CodeIgniter.php(896): App\Controllers\UserAccount->register()
 7 SYSTEMPATH/CodeIgniter.php(466): CodeIgniter\CodeIgniter->runController(Object(App\Controllers\UserAccount))
 8 SYSTEMPATH/CodeIgniter.php(349): CodeIgniter\CodeIgniter->handleRequest(null, Object(Config\Cache), false)
 9 FCPATH/index.php(55): CodeIgniter\CodeIgniter->run()
10 SYSTEMPATH/Commands/Server/rewrite.php(43): require_once('FCPATH/index.php')
CRITICAL - 2022-08-17 12:42:36 --> Undefined property: CodeIgniter\View\View::$session
in APPPATH/Views/Users/register.php on line 16.
 1 APPPATH/Views/Users/register.php(16): CodeIgniter\Debug\Exceptions->errorHandler(2, 'Undefined property: CodeIgniter\\View\\View::$session', 'APPPATH/Views/Users/register.php', 16)
 2 SYSTEMPATH/View/View.php(213): include('APPPATH/Views/Users/register.php')
 3 SYSTEMPATH/View/View.php(216): CodeIgniter\View\View->CodeIgniter\View\{closure}()
 4 SYSTEMPATH/Common.php(1135): CodeIgniter\View\View->render('Users/register', [], true)
 5 APPPATH/Controllers/UserAccount.php(25): view('Users/register', [...])
 6 SYSTEMPATH/CodeIgniter.php(896): App\Controllers\UserAccount->register()
 7 SYSTEMPATH/CodeIgniter.php(466): CodeIgniter\CodeIgniter->runController(Object(App\Controllers\UserAccount))
 8 SYSTEMPATH/CodeIgniter.php(349): CodeIgniter\CodeIgniter->handleRequest(null, Object(Config\Cache), false)
 9 FCPATH/index.php(55): CodeIgniter\CodeIgniter->run()
10 SYSTEMPATH/Commands/Server/rewrite.php(43): require_once('FCPATH/index.php')
CRITICAL - 2022-08-17 12:42:37 --> Undefined property: CodeIgniter\View\View::$session
in APPPATH/Views/Users/register.php on line 16.
 1 APPPATH/Views/Users/register.php(16): CodeIgniter\Debug\Exceptions->errorHandler(2, 'Undefined property: CodeIgniter\\View\\View::$session', 'APPPATH/Views/Users/register.php', 16)
 2 SYSTEMPATH/View/View.php(213): include('APPPATH/Views/Users/register.php')
 3 SYSTEMPATH/View/View.php(216): CodeIgniter\View\View->CodeIgniter\View\{closure}()
 4 SYSTEMPATH/Common.php(1135): CodeIgniter\View\View->render('Users/register', [], true)
 5 APPPATH/Controllers/UserAccount.php(25): view('Users/register', [...])
 6 SYSTEMPATH/CodeIgniter.php(896): App\Controllers\UserAccount->register()
 7 SYSTEMPATH/CodeIgniter.php(466): CodeIgniter\CodeIgniter->runController(Object(App\Controllers\UserAccount))
 8 SYSTEMPATH/CodeIgniter.php(349): CodeIgniter\CodeIgniter->handleRequest(null, Object(Config\Cache), false)
 9 FCPATH/index.php(55): CodeIgniter\CodeIgniter->run()
10 SYSTEMPATH/Commands/Server/rewrite.php(43): require_once('FCPATH/index.php')
CRITICAL - 2022-08-17 12:42:43 --> Undefined property: CodeIgniter\View\View::$session
in APPPATH/Views/Users/register.php on line 16.
 1 APPPATH/Views/Users/register.php(16): CodeIgniter\Debug\Exceptions->errorHandler(2, 'Undefined property: CodeIgniter\\View\\View::$session', 'APPPATH/Views/Users/register.php', 16)
 2 SYSTEMPATH/View/View.php(213): include('APPPATH/Views/Users/register.php')
 3 SYSTEMPATH/View/View.php(216): CodeIgniter\View\View->CodeIgniter\View\{closure}()
 4 SYSTEMPATH/Common.php(1135): CodeIgniter\View\View->render('Users/register', [], true)
 5 APPPATH/Controllers/UserAccount.php(25): view('Users/register', [...])
 6 SYSTEMPATH/CodeIgniter.php(896): App\Controllers\UserAccount->register()
 7 SYSTEMPATH/CodeIgniter.php(466): CodeIgniter\CodeIgniter->runController(Object(App\Controllers\UserAccount))
 8 SYSTEMPATH/CodeIgniter.php(349): CodeIgniter\CodeIgniter->handleRequest(null, Object(Config\Cache), false)
 9 FCPATH/index.php(55): CodeIgniter\CodeIgniter->run()
10 SYSTEMPATH/Commands/Server/rewrite.php(43): require_once('FCPATH/index.php')
CRITICAL - 2022-08-17 12:45:23 --> Undefined array key "item"
in APPPATH/Views/Users/register.php on line 15.
 1 APPPATH/Views/Users/register.php(15): CodeIgniter\Debug\Exceptions->errorHandler(2, 'Undefined array key "item"', 'APPPATH/Views/Users/register.php', 15)
 2 SYSTEMPATH/View/View.php(213): include('APPPATH/Views/Users/register.php')
 3 SYSTEMPATH/View/View.php(216): CodeIgniter\View\View->CodeIgniter\View\{closure}()
 4 SYSTEMPATH/Common.php(1135): CodeIgniter\View\View->render('Users/register', [], true)
 5 APPPATH/Controllers/UserAccount.php(25): view('Users/register', [...])
 6 SYSTEMPATH/CodeIgniter.php(896): App\Controllers\UserAccount->register()
 7 SYSTEMPATH/CodeIgniter.php(466): CodeIgniter\CodeIgniter->runController(Object(App\Controllers\UserAccount))
 8 SYSTEMPATH/CodeIgniter.php(349): CodeIgniter\CodeIgniter->handleRequest(null, Object(Config\Cache), false)
 9 FCPATH/index.php(55): CodeIgniter\CodeIgniter->run()
10 SYSTEMPATH/Commands/Server/rewrite.php(43): require_once('FCPATH/index.php')
CRITICAL - 2022-08-17 12:45:53 --> Undefined array key "item"
in APPPATH/Views/Users/register.php on line 15.
 1 APPPATH/Views/Users/register.php(15): CodeIgniter\Debug\Exceptions->errorHandler(2, 'Undefined array key "item"', 'APPPATH/Views/Users/register.php', 15)
 2 SYSTEMPATH/View/View.php(213): include('APPPATH/Views/Users/register.php')
 3 SYSTEMPATH/View/View.php(216): CodeIgniter\View\View->CodeIgniter\View\{closure}()
 4 SYSTEMPATH/Common.php(1135): CodeIgniter\View\View->render('Users/register', [], true)
 5 APPPATH/Controllers/UserAccount.php(25): view('Users/register', [...])
 6 SYSTEMPATH/CodeIgniter.php(896): App\Controllers\UserAccount->register()
 7 SYSTEMPATH/CodeIgniter.php(466): CodeIgniter\CodeIgniter->runController(Object(App\Controllers\UserAccount))
 8 SYSTEMPATH/CodeIgniter.php(349): CodeIgniter\CodeIgniter->handleRequest(null, Object(Config\Cache), false)
 9 FCPATH/index.php(55): CodeIgniter\CodeIgniter->run()
10 SYSTEMPATH/Commands/Server/rewrite.php(43): require_once('FCPATH/index.php')
CRITICAL - 2022-08-17 12:47:24 --> Undefined array key "item"
in APPPATH/Views/Users/register.php on line 16.
 1 APPPATH/Views/Users/register.php(16): CodeIgniter\Debug\Exceptions->errorHandler(2, 'Undefined array key "item"', 'APPPATH/Views/Users/register.php', 16)
 2 SYSTEMPATH/View/View.php(213): include('APPPATH/Views/Users/register.php')
 3 SYSTEMPATH/View/View.php(216): CodeIgniter\View\View->CodeIgniter\View\{closure}()
 4 SYSTEMPATH/Common.php(1135): CodeIgniter\View\View->render('Users/register', [], true)
 5 APPPATH/Controllers/UserAccount.php(25): view('Users/register', [...])
 6 SYSTEMPATH/CodeIgniter.php(896): App\Controllers\UserAccount->register()
 7 SYSTEMPATH/CodeIgniter.php(466): CodeIgniter\CodeIgniter->runController(Object(App\Controllers\UserAccount))
 8 SYSTEMPATH/CodeIgniter.php(349): CodeIgniter\CodeIgniter->handleRequest(null, Object(Config\Cache), false)
 9 FCPATH/index.php(55): CodeIgniter\CodeIgniter->run()
10 SYSTEMPATH/Commands/Server/rewrite.php(43): require_once('FCPATH/index.php')
CRITICAL - 2022-08-17 12:48:35 --> Undefined array key "item"
in APPPATH/Views/Users/login.php on line 11.
 1 APPPATH/Views/Users/login.php(11): CodeIgniter\Debug\Exceptions->errorHandler(2, 'Undefined array key "item"', 'APPPATH/Views/Users/login.php', 11)
 2 SYSTEMPATH/View/View.php(213): include('APPPATH/Views/Users/login.php')
 3 SYSTEMPATH/View/View.php(216): CodeIgniter\View\View->CodeIgniter\View\{closure}()
 4 SYSTEMPATH/Common.php(1135): CodeIgniter\View\View->render('Users/login', [], true)
 5 APPPATH/Controllers/Login.php(11): view('Users/login')
 6 SYSTEMPATH/CodeIgniter.php(896): App\Controllers\Login->login()
 7 SYSTEMPATH/CodeIgniter.php(466): CodeIgniter\CodeIgniter->runController(Object(App\Controllers\Login))
 8 SYSTEMPATH/CodeIgniter.php(349): CodeIgniter\CodeIgniter->handleRequest(null, Object(Config\Cache), false)
 9 FCPATH/index.php(55): CodeIgniter\CodeIgniter->run()
10 SYSTEMPATH/Commands/Server/rewrite.php(43): require_once('FCPATH/index.php')
CRITICAL - 2022-08-17 12:48:36 --> Undefined array key "item"
in APPPATH/Views/Users/login.php on line 11.
 1 APPPATH/Views/Users/login.php(11): CodeIgniter\Debug\Exceptions->errorHandler(2, 'Undefined array key "item"', 'APPPATH/Views/Users/login.php', 11)
 2 SYSTEMPATH/View/View.php(213): include('APPPATH/Views/Users/login.php')
 3 SYSTEMPATH/View/View.php(216): CodeIgniter\View\View->CodeIgniter\View\{closure}()
 4 SYSTEMPATH/Common.php(1135): CodeIgniter\View\View->render('Users/login', [], true)
 5 APPPATH/Controllers/Login.php(11): view('Users/login')
 6 SYSTEMPATH/CodeIgniter.php(896): App\Controllers\Login->login()
 7 SYSTEMPATH/CodeIgniter.php(466): CodeIgniter\CodeIgniter->runController(Object(App\Controllers\Login))
 8 SYSTEMPATH/CodeIgniter.php(349): CodeIgniter\CodeIgniter->handleRequest(null, Object(Config\Cache), false)
 9 FCPATH/index.php(55): CodeIgniter\CodeIgniter->run()
10 SYSTEMPATH/Commands/Server/rewrite.php(43): require_once('FCPATH/index.php')
CRITICAL - 2022-08-17 12:48:37 --> Undefined array key "item"
in APPPATH/Views/Users/register.php on line 16.
 1 APPPATH/Views/Users/register.php(16): CodeIgniter\Debug\Exceptions->errorHandler(2, 'Undefined array key "item"', 'APPPATH/Views/Users/register.php', 16)
 2 SYSTEMPATH/View/View.php(213): include('APPPATH/Views/Users/register.php')
 3 SYSTEMPATH/View/View.php(216): CodeIgniter\View\View->CodeIgniter\View\{closure}()
 4 SYSTEMPATH/Common.php(1135): CodeIgniter\View\View->render('Users/register', [], true)
 5 APPPATH/Controllers/UserAccount.php(25): view('Users/register', [...])
 6 SYSTEMPATH/CodeIgniter.php(896): App\Controllers\UserAccount->register()
 7 SYSTEMPATH/CodeIgniter.php(466): CodeIgniter\CodeIgniter->runController(Object(App\Controllers\UserAccount))
 8 SYSTEMPATH/CodeIgniter.php(349): CodeIgniter\CodeIgniter->handleRequest(null, Object(Config\Cache), false)
 9 FCPATH/index.php(55): CodeIgniter\CodeIgniter->run()
10 SYSTEMPATH/Commands/Server/rewrite.php(43): require_once('FCPATH/index.php')
CRITICAL - 2022-08-17 12:48:38 --> Undefined array key "item"
in APPPATH/Views/Users/login.php on line 11.
 1 APPPATH/Views/Users/login.php(11): CodeIgniter\Debug\Exceptions->errorHandler(2, 'Undefined array key "item"', 'APPPATH/Views/Users/login.php', 11)
 2 SYSTEMPATH/View/View.php(213): include('APPPATH/Views/Users/login.php')
 3 SYSTEMPATH/View/View.php(216): CodeIgniter\View\View->CodeIgniter\View\{closure}()
 4 SYSTEMPATH/Common.php(1135): CodeIgniter\View\View->render('Users/login', [], true)
 5 APPPATH/Controllers/Login.php(11): view('Users/login')
 6 SYSTEMPATH/CodeIgniter.php(896): App\Controllers\Login->login()
 7 SYSTEMPATH/CodeIgniter.php(466): CodeIgniter\CodeIgniter->runController(Object(App\Controllers\Login))
 8 SYSTEMPATH/CodeIgniter.php(349): CodeIgniter\CodeIgniter->handleRequest(null, Object(Config\Cache), false)
 9 FCPATH/index.php(55): CodeIgniter\CodeIgniter->run()
10 SYSTEMPATH/Commands/Server/rewrite.php(43): require_once('FCPATH/index.php')
CRITICAL - 2022-08-17 12:48:38 --> Undefined array key "item"
in APPPATH/Views/Users/register.php on line 16.
 1 APPPATH/Views/Users/register.php(16): CodeIgniter\Debug\Exceptions->errorHandler(2, 'Undefined array key "item"', 'APPPATH/Views/Users/register.php', 16)
 2 SYSTEMPATH/View/View.php(213): include('APPPATH/Views/Users/register.php')
 3 SYSTEMPATH/View/View.php(216): CodeIgniter\View\View->CodeIgniter\View\{closure}()
 4 SYSTEMPATH/Common.php(1135): CodeIgniter\View\View->render('Users/register', [], true)
 5 APPPATH/Controllers/UserAccount.php(25): view('Users/register', [...])
 6 SYSTEMPATH/CodeIgniter.php(896): App\Controllers\UserAccount->register()
 7 SYSTEMPATH/CodeIgniter.php(466): CodeIgniter\CodeIgniter->runController(Object(App\Controllers\UserAccount))
 8 SYSTEMPATH/CodeIgniter.php(349): CodeIgniter\CodeIgniter->handleRequest(null, Object(Config\Cache), false)
 9 FCPATH/index.php(55): CodeIgniter\CodeIgniter->run()
10 SYSTEMPATH/Commands/Server/rewrite.php(43): require_once('FCPATH/index.php')
CRITICAL - 2022-08-17 12:48:40 --> Undefined array key "item"
in APPPATH/Views/Users/register.php on line 16.
 1 APPPATH/Views/Users/register.php(16): CodeIgniter\Debug\Exceptions->errorHandler(2, 'Undefined array key "item"', 'APPPATH/Views/Users/register.php', 16)
 2 SYSTEMPATH/View/View.php(213): include('APPPATH/Views/Users/register.php')
 3 SYSTEMPATH/View/View.php(216): CodeIgniter\View\View->CodeIgniter\View\{closure}()
 4 SYSTEMPATH/Common.php(1135): CodeIgniter\View\View->render('Users/register', [], true)
 5 APPPATH/Controllers/UserAccount.php(25): view('Users/register', [...])
 6 SYSTEMPATH/CodeIgniter.php(896): App\Controllers\UserAccount->register()
 7 SYSTEMPATH/CodeIgniter.php(466): CodeIgniter\CodeIgniter->runController(Object(App\Controllers\UserAccount))
 8 SYSTEMPATH/CodeIgniter.php(349): CodeIgniter\CodeIgniter->handleRequest(null, Object(Config\Cache), false)
 9 FCPATH/index.php(55): CodeIgniter\CodeIgniter->run()
10 SYSTEMPATH/Commands/Server/rewrite.php(43): require_once('FCPATH/index.php')
CRITICAL - 2022-08-17 12:49:01 --> Undefined array key "item"
in APPPATH/Views/Users/login.php on line 11.
 1 APPPATH/Views/Users/login.php(11): CodeIgniter\Debug\Exceptions->errorHandler(2, 'Undefined array key "item"', 'APPPATH/Views/Users/login.php', 11)
 2 SYSTEMPATH/View/View.php(213): include('APPPATH/Views/Users/login.php')
 3 SYSTEMPATH/View/View.php(216): CodeIgniter\View\View->CodeIgniter\View\{closure}()
 4 SYSTEMPATH/Common.php(1135): CodeIgniter\View\View->render('Users/login', [], true)
 5 APPPATH/Controllers/Login.php(11): view('Users/login')
 6 SYSTEMPATH/CodeIgniter.php(896): App\Controllers\Login->login()
 7 SYSTEMPATH/CodeIgniter.php(466): CodeIgniter\CodeIgniter->runController(Object(App\Controllers\Login))
 8 SYSTEMPATH/CodeIgniter.php(349): CodeIgniter\CodeIgniter->handleRequest(null, Object(Config\Cache), false)
 9 FCPATH/index.php(55): CodeIgniter\CodeIgniter->run()
10 SYSTEMPATH/Commands/Server/rewrite.php(43): require_once('FCPATH/index.php')
CRITICAL - 2022-08-17 12:49:04 --> Undefined array key "item"
in APPPATH/Views/Users/register.php on line 16.
 1 APPPATH/Views/Users/register.php(16): CodeIgniter\Debug\Exceptions->errorHandler(2, 'Undefined array key "item"', 'APPPATH/Views/Users/register.php', 16)
 2 SYSTEMPATH/View/View.php(213): include('APPPATH/Views/Users/register.php')
 3 SYSTEMPATH/View/View.php(216): CodeIgniter\View\View->CodeIgniter\View\{closure}()
 4 SYSTEMPATH/Common.php(1135): CodeIgniter\View\View->render('Users/register', [], true)
 5 APPPATH/Controllers/UserAccount.php(25): view('Users/register', [...])
 6 SYSTEMPATH/CodeIgniter.php(896): App\Controllers\UserAccount->register()
 7 SYSTEMPATH/CodeIgniter.php(466): CodeIgniter\CodeIgniter->runController(Object(App\Controllers\UserAccount))
 8 SYSTEMPATH/CodeIgniter.php(349): CodeIgniter\CodeIgniter->handleRequest(null, Object(Config\Cache), false)
 9 FCPATH/index.php(55): CodeIgniter\CodeIgniter->run()
10 SYSTEMPATH/Commands/Server/rewrite.php(43): require_once('FCPATH/index.php')
CRITICAL - 2022-08-17 12:49:33 --> Undefined array key "item"
in APPPATH/Views/Users/register.php on line 17.
 1 APPPATH/Views/Users/register.php(17): CodeIgniter\Debug\Exceptions->errorHandler(2, 'Undefined array key "item"', 'APPPATH/Views/Users/register.php', 17)
 2 SYSTEMPATH/View/View.php(213): include('APPPATH/Views/Users/register.php')
 3 SYSTEMPATH/View/View.php(216): CodeIgniter\View\View->CodeIgniter\View\{closure}()
 4 SYSTEMPATH/Common.php(1135): CodeIgniter\View\View->render('Users/register', [], true)
 5 APPPATH/Controllers/UserAccount.php(25): view('Users/register', [...])
 6 SYSTEMPATH/CodeIgniter.php(896): App\Controllers\UserAccount->register()
 7 SYSTEMPATH/CodeIgniter.php(466): CodeIgniter\CodeIgniter->runController(Object(App\Controllers\UserAccount))
 8 SYSTEMPATH/CodeIgniter.php(349): CodeIgniter\CodeIgniter->handleRequest(null, Object(Config\Cache), false)
 9 FCPATH/index.php(55): CodeIgniter\CodeIgniter->run()
10 SYSTEMPATH/Commands/Server/rewrite.php(43): require_once('FCPATH/index.php')
CRITICAL - 2022-08-17 12:49:33 --> Undefined array key "item"
in APPPATH/Views/Users/register.php on line 17.
 1 APPPATH/Views/Users/register.php(17): CodeIgniter\Debug\Exceptions->errorHandler(2, 'Undefined array key "item"', 'APPPATH/Views/Users/register.php', 17)
 2 SYSTEMPATH/View/View.php(213): include('APPPATH/Views/Users/register.php')
 3 SYSTEMPATH/View/View.php(216): CodeIgniter\View\View->CodeIgniter\View\{closure}()
 4 SYSTEMPATH/Common.php(1135): CodeIgniter\View\View->render('Users/register', [], true)
 5 APPPATH/Controllers/UserAccount.php(25): view('Users/register', [...])
 6 SYSTEMPATH/CodeIgniter.php(896): App\Controllers\UserAccount->register()
 7 SYSTEMPATH/CodeIgniter.php(466): CodeIgniter\CodeIgniter->runController(Object(App\Controllers\UserAccount))
 8 SYSTEMPATH/CodeIgniter.php(349): CodeIgniter\CodeIgniter->handleRequest(null, Object(Config\Cache), false)
 9 FCPATH/index.php(55): CodeIgniter\CodeIgniter->run()
10 SYSTEMPATH/Commands/Server/rewrite.php(43): require_once('FCPATH/index.php')
CRITICAL - 2022-08-17 12:49:57 --> Undefined array key "item"
in APPPATH/Views/Users/login.php on line 12.
 1 APPPATH/Views/Users/login.php(12): CodeIgniter\Debug\Exceptions->errorHandler(2, 'Undefined array key "item"', 'APPPATH/Views/Users/login.php', 12)
 2 SYSTEMPATH/View/View.php(213): include('APPPATH/Views/Users/login.php')
 3 SYSTEMPATH/View/View.php(216): CodeIgniter\View\View->CodeIgniter\View\{closure}()
 4 SYSTEMPATH/Common.php(1135): CodeIgniter\View\View->render('Users/login', [], true)
 5 APPPATH/Controllers/Login.php(11): view('Users/login')
 6 SYSTEMPATH/CodeIgniter.php(896): App\Controllers\Login->login()
 7 SYSTEMPATH/CodeIgniter.php(466): CodeIgniter\CodeIgniter->runController(Object(App\Controllers\Login))
 8 SYSTEMPATH/CodeIgniter.php(349): CodeIgniter\CodeIgniter->handleRequest(null, Object(Config\Cache), false)
 9 FCPATH/index.php(55): CodeIgniter\CodeIgniter->run()
10 SYSTEMPATH/Commands/Server/rewrite.php(43): require_once('FCPATH/index.php')
CRITICAL - 2022-08-17 12:50:02 --> Undefined array key "item"
in APPPATH/Views/Users/login.php on line 12.
 1 APPPATH/Views/Users/login.php(12): CodeIgniter\Debug\Exceptions->errorHandler(2, 'Undefined array key "item"', 'APPPATH/Views/Users/login.php', 12)
 2 SYSTEMPATH/View/View.php(213): include('APPPATH/Views/Users/login.php')
 3 SYSTEMPATH/View/View.php(216): CodeIgniter\View\View->CodeIgniter\View\{closure}()
 4 SYSTEMPATH/Common.php(1135): CodeIgniter\View\View->render('Users/login', [], true)
 5 APPPATH/Controllers/Login.php(11): view('Users/login')
 6 SYSTEMPATH/CodeIgniter.php(896): App\Controllers\Login->login()
 7 SYSTEMPATH/CodeIgniter.php(466): CodeIgniter\CodeIgniter->runController(Object(App\Controllers\Login))
 8 SYSTEMPATH/CodeIgniter.php(349): CodeIgniter\CodeIgniter->handleRequest(null, Object(Config\Cache), false)
 9 FCPATH/index.php(55): CodeIgniter\CodeIgniter->run()
10 SYSTEMPATH/Commands/Server/rewrite.php(43): require_once('FCPATH/index.php')
CRITICAL - 2022-08-17 12:50:49 --> Undefined array key "item"
in APPPATH/Views/Users/login.php on line 12.
 1 APPPATH/Views/Users/login.php(12): CodeIgniter\Debug\Exceptions->errorHandler(2, 'Undefined array key "item"', 'APPPATH/Views/Users/login.php', 12)
 2 SYSTEMPATH/View/View.php(213): include('APPPATH/Views/Users/login.php')
 3 SYSTEMPATH/View/View.php(216): CodeIgniter\View\View->CodeIgniter\View\{closure}()
 4 SYSTEMPATH/Common.php(1135): CodeIgniter\View\View->render('Users/login', [], true)
 5 APPPATH/Controllers/Login.php(11): view('Users/login')
 6 SYSTEMPATH/CodeIgniter.php(896): App\Controllers\Login->login()
 7 SYSTEMPATH/CodeIgniter.php(466): CodeIgniter\CodeIgniter->runController(Object(App\Controllers\Login))
 8 SYSTEMPATH/CodeIgniter.php(349): CodeIgniter\CodeIgniter->handleRequest(null, Object(Config\Cache), false)
 9 FCPATH/index.php(55): CodeIgniter\CodeIgniter->run()
10 SYSTEMPATH/Commands/Server/rewrite.php(43): require_once('FCPATH/index.php')
CRITICAL - 2022-08-17 12:52:02 --> Undefined array key "item"
in APPPATH/Views/Users/register.php on line 15.
 1 APPPATH/Views/Users/register.php(15): CodeIgniter\Debug\Exceptions->errorHandler(2, 'Undefined array key "item"', 'APPPATH/Views/Users/register.php', 15)
 2 SYSTEMPATH/View/View.php(213): include('APPPATH/Views/Users/register.php')
 3 SYSTEMPATH/View/View.php(216): CodeIgniter\View\View->CodeIgniter\View\{closure}()
 4 SYSTEMPATH/Common.php(1135): CodeIgniter\View\View->render('Users/register', [], true)
 5 APPPATH/Controllers/UserAccount.php(25): view('Users/register', [...])
 6 SYSTEMPATH/CodeIgniter.php(896): App\Controllers\UserAccount->register()
 7 SYSTEMPATH/CodeIgniter.php(466): CodeIgniter\CodeIgniter->runController(Object(App\Controllers\UserAccount))
 8 SYSTEMPATH/CodeIgniter.php(349): CodeIgniter\CodeIgniter->handleRequest(null, Object(Config\Cache), false)
 9 FCPATH/index.php(55): CodeIgniter\CodeIgniter->run()
10 SYSTEMPATH/Commands/Server/rewrite.php(43): require_once('FCPATH/index.php')
CRITICAL - 2022-08-17 12:52:37 --> Undefined variable $item
in APPPATH/Views/Users/register.php on line 15.
 1 APPPATH/Views/Users/register.php(15): CodeIgniter\Debug\Exceptions->errorHandler(2, 'Undefined variable $item', 'APPPATH/Views/Users/register.php', 15)
 2 SYSTEMPATH/View/View.php(213): include('APPPATH/Views/Users/register.php')
 3 SYSTEMPATH/View/View.php(216): CodeIgniter\View\View->CodeIgniter\View\{closure}()
 4 SYSTEMPATH/Common.php(1135): CodeIgniter\View\View->render('Users/register', [], true)
 5 APPPATH/Controllers/UserAccount.php(25): view('Users/register', [...])
 6 SYSTEMPATH/CodeIgniter.php(896): App\Controllers\UserAccount->register()
 7 SYSTEMPATH/CodeIgniter.php(466): CodeIgniter\CodeIgniter->runController(Object(App\Controllers\UserAccount))
 8 SYSTEMPATH/CodeIgniter.php(349): CodeIgniter\CodeIgniter->handleRequest(null, Object(Config\Cache), false)
 9 FCPATH/index.php(55): CodeIgniter\CodeIgniter->run()
10 SYSTEMPATH/Commands/Server/rewrite.php(43): require_once('FCPATH/index.php')
CRITICAL - 2022-08-17 12:54:20 --> Undefined property: CodeIgniter\View\View::$session
in APPPATH/Views/Users/register.php on line 15.
 1 APPPATH/Views/Users/register.php(15): CodeIgniter\Debug\Exceptions->errorHandler(2, 'Undefined property: CodeIgniter\\View\\View::$session', 'APPPATH/Views/Users/register.php', 15)
 2 SYSTEMPATH/View/View.php(213): include('APPPATH/Views/Users/register.php')
 3 SYSTEMPATH/View/View.php(216): CodeIgniter\View\View->CodeIgniter\View\{closure}()
 4 SYSTEMPATH/Common.php(1135): CodeIgniter\View\View->render('Users/register', [], true)
 5 APPPATH/Controllers/UserAccount.php(25): view('Users/register', [...])
 6 SYSTEMPATH/CodeIgniter.php(896): App\Controllers\UserAccount->register()
 7 SYSTEMPATH/CodeIgniter.php(466): CodeIgniter\CodeIgniter->runController(Object(App\Controllers\UserAccount))
 8 SYSTEMPATH/CodeIgniter.php(349): CodeIgniter\CodeIgniter->handleRequest(null, Object(Config\Cache), false)
 9 FCPATH/index.php(55): CodeIgniter\CodeIgniter->run()
10 SYSTEMPATH/Commands/Server/rewrite.php(43): require_once('FCPATH/index.php')
CRITICAL - 2022-08-17 12:54:21 --> Undefined property: CodeIgniter\View\View::$session
in APPPATH/Views/Users/register.php on line 15.
 1 APPPATH/Views/Users/register.php(15): CodeIgniter\Debug\Exceptions->errorHandler(2, 'Undefined property: CodeIgniter\\View\\View::$session', 'APPPATH/Views/Users/register.php', 15)
 2 SYSTEMPATH/View/View.php(213): include('APPPATH/Views/Users/register.php')
 3 SYSTEMPATH/View/View.php(216): CodeIgniter\View\View->CodeIgniter\View\{closure}()
 4 SYSTEMPATH/Common.php(1135): CodeIgniter\View\View->render('Users/register', [], true)
 5 APPPATH/Controllers/UserAccount.php(25): view('Users/register', [...])
 6 SYSTEMPATH/CodeIgniter.php(896): App\Controllers\UserAccount->register()
 7 SYSTEMPATH/CodeIgniter.php(466): CodeIgniter\CodeIgniter->runController(Object(App\Controllers\UserAccount))
 8 SYSTEMPATH/CodeIgniter.php(349): CodeIgniter\CodeIgniter->handleRequest(null, Object(Config\Cache), false)
 9 FCPATH/index.php(55): CodeIgniter\CodeIgniter->run()
10 SYSTEMPATH/Commands/Server/rewrite.php(43): require_once('FCPATH/index.php')
CRITICAL - 2022-08-17 12:55:36 --> Undefined property: CodeIgniter\View\View::$session
in APPPATH/Views/Users/register.php on line 16.
 1 APPPATH/Views/Users/register.php(16): CodeIgniter\Debug\Exceptions->errorHandler(2, 'Undefined property: CodeIgniter\\View\\View::$session', 'APPPATH/Views/Users/register.php', 16)
 2 SYSTEMPATH/View/View.php(213): include('APPPATH/Views/Users/register.php')
 3 SYSTEMPATH/View/View.php(216): CodeIgniter\View\View->CodeIgniter\View\{closure}()
 4 SYSTEMPATH/Common.php(1135): CodeIgniter\View\View->render('Users/register', [], true)
 5 APPPATH/Controllers/UserAccount.php(25): view('Users/register', [...])
 6 SYSTEMPATH/CodeIgniter.php(896): App\Controllers\UserAccount->register()
 7 SYSTEMPATH/CodeIgniter.php(466): CodeIgniter\CodeIgniter->runController(Object(App\Controllers\UserAccount))
 8 SYSTEMPATH/CodeIgniter.php(349): CodeIgniter\CodeIgniter->handleRequest(null, Object(Config\Cache), false)
 9 FCPATH/index.php(55): CodeIgniter\CodeIgniter->run()
10 SYSTEMPATH/Commands/Server/rewrite.php(43): require_once('FCPATH/index.php')
CRITICAL - 2022-08-17 12:55:37 --> Undefined property: CodeIgniter\View\View::$session
in APPPATH/Views/Users/register.php on line 16.
 1 APPPATH/Views/Users/register.php(16): CodeIgniter\Debug\Exceptions->errorHandler(2, 'Undefined property: CodeIgniter\\View\\View::$session', 'APPPATH/Views/Users/register.php', 16)
 2 SYSTEMPATH/View/View.php(213): include('APPPATH/Views/Users/register.php')
 3 SYSTEMPATH/View/View.php(216): CodeIgniter\View\View->CodeIgniter\View\{closure}()
 4 SYSTEMPATH/Common.php(1135): CodeIgniter\View\View->render('Users/register', [], true)
 5 APPPATH/Controllers/UserAccount.php(25): view('Users/register', [...])
 6 SYSTEMPATH/CodeIgniter.php(896): App\Controllers\UserAccount->register()
 7 SYSTEMPATH/CodeIgniter.php(466): CodeIgniter\CodeIgniter->runController(Object(App\Controllers\UserAccount))
 8 SYSTEMPATH/CodeIgniter.php(349): CodeIgniter\CodeIgniter->handleRequest(null, Object(Config\Cache), false)
 9 FCPATH/index.php(55): CodeIgniter\CodeIgniter->run()
10 SYSTEMPATH/Commands/Server/rewrite.php(43): require_once('FCPATH/index.php')
CRITICAL - 2022-08-17 12:56:59 --> Undefined property: CodeIgniter\View\View::$session
in APPPATH/Views/Users/register.php on line 16.
 1 APPPATH/Views/Users/register.php(16): CodeIgniter\Debug\Exceptions->errorHandler(2, 'Undefined property: CodeIgniter\\View\\View::$session', 'APPPATH/Views/Users/register.php', 16)
 2 SYSTEMPATH/View/View.php(213): include('APPPATH/Views/Users/register.php')
 3 SYSTEMPATH/View/View.php(216): CodeIgniter\View\View->CodeIgniter\View\{closure}()
 4 SYSTEMPATH/Common.php(1135): CodeIgniter\View\View->render('Users/register', [], true)
 5 APPPATH/Controllers/UserAccount.php(25): view('Users/register', [...])
 6 SYSTEMPATH/CodeIgniter.php(896): App\Controllers\UserAccount->register()
 7 SYSTEMPATH/CodeIgniter.php(466): CodeIgniter\CodeIgniter->runController(Object(App\Controllers\UserAccount))
 8 SYSTEMPATH/CodeIgniter.php(349): CodeIgniter\CodeIgniter->handleRequest(null, Object(Config\Cache), false)
 9 FCPATH/index.php(55): CodeIgniter\CodeIgniter->run()
10 SYSTEMPATH/Commands/Server/rewrite.php(43): require_once('FCPATH/index.php')
CRITICAL - 2022-08-17 12:57:39 --> Undefined property: CodeIgniter\View\View::$session
in APPPATH/Views/Users/register.php on line 16.
 1 APPPATH/Views/Users/register.php(16): CodeIgniter\Debug\Exceptions->errorHandler(2, 'Undefined property: CodeIgniter\\View\\View::$session', 'APPPATH/Views/Users/register.php', 16)
 2 SYSTEMPATH/View/View.php(213): include('APPPATH/Views/Users/register.php')
 3 SYSTEMPATH/View/View.php(216): CodeIgniter\View\View->CodeIgniter\View\{closure}()
 4 SYSTEMPATH/Common.php(1135): CodeIgniter\View\View->render('Users/register', [], true)
 5 APPPATH/Controllers/UserAccount.php(25): view('Users/register', [...])
 6 SYSTEMPATH/CodeIgniter.php(896): App\Controllers\UserAccount->register()
 7 SYSTEMPATH/CodeIgniter.php(466): CodeIgniter\CodeIgniter->runController(Object(App\Controllers\UserAccount))
 8 SYSTEMPATH/CodeIgniter.php(349): CodeIgniter\CodeIgniter->handleRequest(null, Object(Config\Cache), false)
 9 FCPATH/index.php(55): CodeIgniter\CodeIgniter->run()
10 SYSTEMPATH/Commands/Server/rewrite.php(43): require_once('FCPATH/index.php')
CRITICAL - 2022-08-17 12:57:39 --> Undefined property: CodeIgniter\View\View::$session
in APPPATH/Views/Users/register.php on line 16.
 1 APPPATH/Views/Users/register.php(16): CodeIgniter\Debug\Exceptions->errorHandler(2, 'Undefined property: CodeIgniter\\View\\View::$session', 'APPPATH/Views/Users/register.php', 16)
 2 SYSTEMPATH/View/View.php(213): include('APPPATH/Views/Users/register.php')
 3 SYSTEMPATH/View/View.php(216): CodeIgniter\View\View->CodeIgniter\View\{closure}()
 4 SYSTEMPATH/Common.php(1135): CodeIgniter\View\View->render('Users/register', [], true)
 5 APPPATH/Controllers/UserAccount.php(25): view('Users/register', [...])
 6 SYSTEMPATH/CodeIgniter.php(896): App\Controllers\UserAccount->register()
 7 SYSTEMPATH/CodeIgniter.php(466): CodeIgniter\CodeIgniter->runController(Object(App\Controllers\UserAccount))
 8 SYSTEMPATH/CodeIgniter.php(349): CodeIgniter\CodeIgniter->handleRequest(null, Object(Config\Cache), false)
 9 FCPATH/index.php(55): CodeIgniter\CodeIgniter->run()
10 SYSTEMPATH/Commands/Server/rewrite.php(43): require_once('FCPATH/index.php')
CRITICAL - 2022-08-17 12:58:24 --> Undefined property: CodeIgniter\View\View::$session
in APPPATH/Views/Users/register.php on line 16.
 1 APPPATH/Views/Users/register.php(16): CodeIgniter\Debug\Exceptions->errorHandler(2, 'Undefined property: CodeIgniter\\View\\View::$session', 'APPPATH/Views/Users/register.php', 16)
 2 SYSTEMPATH/View/View.php(213): include('APPPATH/Views/Users/register.php')
 3 SYSTEMPATH/View/View.php(216): CodeIgniter\View\View->CodeIgniter\View\{closure}()
 4 SYSTEMPATH/Common.php(1135): CodeIgniter\View\View->render('Users/register', [], true)
 5 APPPATH/Controllers/UserAccount.php(25): view('Users/register', [...])
 6 SYSTEMPATH/CodeIgniter.php(896): App\Controllers\UserAccount->register()
 7 SYSTEMPATH/CodeIgniter.php(466): CodeIgniter\CodeIgniter->runController(Object(App\Controllers\UserAccount))
 8 SYSTEMPATH/CodeIgniter.php(349): CodeIgniter\CodeIgniter->handleRequest(null, Object(Config\Cache), false)
 9 FCPATH/index.php(55): CodeIgniter\CodeIgniter->run()
10 SYSTEMPATH/Commands/Server/rewrite.php(43): require_once('FCPATH/index.php')
CRITICAL - 2022-08-17 12:58:41 --> Undefined array key "item"
in APPPATH/Views/Users/register.php on line 16.
 1 APPPATH/Views/Users/register.php(16): CodeIgniter\Debug\Exceptions->errorHandler(2, 'Undefined array key "item"', 'APPPATH/Views/Users/register.php', 16)
 2 SYSTEMPATH/View/View.php(213): include('APPPATH/Views/Users/register.php')
 3 SYSTEMPATH/View/View.php(216): CodeIgniter\View\View->CodeIgniter\View\{closure}()
 4 SYSTEMPATH/Common.php(1135): CodeIgniter\View\View->render('Users/register', [], true)
 5 APPPATH/Controllers/UserAccount.php(25): view('Users/register', [...])
 6 SYSTEMPATH/CodeIgniter.php(896): App\Controllers\UserAccount->register()
 7 SYSTEMPATH/CodeIgniter.php(466): CodeIgniter\CodeIgniter->runController(Object(App\Controllers\UserAccount))
 8 SYSTEMPATH/CodeIgniter.php(349): CodeIgniter\CodeIgniter->handleRequest(null, Object(Config\Cache), false)
 9 FCPATH/index.php(55): CodeIgniter\CodeIgniter->run()
10 SYSTEMPATH/Commands/Server/rewrite.php(43): require_once('FCPATH/index.php')
