CRITICAL - 2022-08-19 08:28:45 --> syntax error, unexpected identifier "admin_logged_in", expecting "," or ";"
in APPPATH/Views/Assets/header.php on line 54.
 1 SYSTEMPATH/View/View.php(216): CodeIgniter\View\View->CodeIgniter\View\{closure}()
 2 SYSTEMPATH/Common.php(1135): CodeIgniter\View\View->render('Assets/header', [], true)
 3 APPPATH/Views/Users/dashboard.php(3): view('Assets/header')
 4 SYSTEMPATH/View/View.php(213): include('APPPATH/Views/Users/dashboard.php')
 5 SYSTEMPATH/View/View.php(216): CodeIgniter\View\View->CodeIgniter\View\{closure}()
 6 SYSTEMPATH/Common.php(1135): CodeIgniter\View\View->render('Users/dashboard', [], true)
 7 APPPATH/Controllers/Login.php(50): view('Users/dashboard')
 8 SYSTEMPATH/CodeIgniter.php(896): App\Controllers\Login->dashboard()
 9 SYSTEMPATH/CodeIgniter.php(466): CodeIgniter\CodeIgniter->runController(Object(App\Controllers\Login))
10 SYSTEMPATH/CodeIgniter.php(349): CodeIgniter\CodeIgniter->handleRequest(null, Object(Config\Cache), false)
11 FCPATH/index.php(55): CodeIgniter\CodeIgniter->run()
12 SYSTEMPATH/Commands/Server/rewrite.php(43): require_once('FCPATH/index.php')
CRITICAL - 2022-08-19 08:29:39 --> syntax error, unexpected identifier "admin_logged_in", expecting "," or ";"
in APPPATH/Views/Assets/header.php on line 55.
 1 SYSTEMPATH/View/View.php(216): CodeIgniter\View\View->CodeIgniter\View\{closure}()
 2 SYSTEMPATH/Common.php(1135): CodeIgniter\View\View->render('Assets/header', [], true)
 3 APPPATH/Views/Admin/userView.php(6): view('Assets/header')
 4 SYSTEMPATH/View/View.php(213): include('APPPATH/Views/Admin/userView.php')
 5 SYSTEMPATH/View/View.php(216): CodeIgniter\View\View->CodeIgniter\View\{closure}()
 6 SYSTEMPATH/Common.php(1135): CodeIgniter\View\View->render('Admin/userView', [], true)
 7 APPPATH/Controllers/UserAccount.php(146): view('Admin/userView', [...])
 8 SYSTEMPATH/CodeIgniter.php(896): App\Controllers\UserAccount->showUserView()
 9 SYSTEMPATH/CodeIgniter.php(466): CodeIgniter\CodeIgniter->runController(Object(App\Controllers\UserAccount))
10 SYSTEMPATH/CodeIgniter.php(349): CodeIgniter\CodeIgniter->handleRequest(null, Object(Config\Cache), false)
11 FCPATH/index.php(55): CodeIgniter\CodeIgniter->run()
12 SYSTEMPATH/Commands/Server/rewrite.php(43): require_once('FCPATH/index.php')
CRITICAL - 2022-08-19 08:29:42 --> syntax error, unexpected identifier "admin_logged_in", expecting "," or ";"
in APPPATH/Views/Assets/header.php on line 55.
 1 SYSTEMPATH/View/View.php(216): CodeIgniter\View\View->CodeIgniter\View\{closure}()
 2 SYSTEMPATH/Common.php(1135): CodeIgniter\View\View->render('Assets/header', [], true)
 3 APPPATH/Views/Admin/userView.php(6): view('Assets/header')
 4 SYSTEMPATH/View/View.php(213): include('APPPATH/Views/Admin/userView.php')
 5 SYSTEMPATH/View/View.php(216): CodeIgniter\View\View->CodeIgniter\View\{closure}()
 6 SYSTEMPATH/Common.php(1135): CodeIgniter\View\View->render('Admin/userView', [], true)
 7 APPPATH/Controllers/UserAccount.php(146): view('Admin/userView', [...])
 8 SYSTEMPATH/CodeIgniter.php(896): App\Controllers\UserAccount->showUserView()
 9 SYSTEMPATH/CodeIgniter.php(466): CodeIgniter\CodeIgniter->runController(Object(App\Controllers\UserAccount))
10 SYSTEMPATH/CodeIgniter.php(349): CodeIgniter\CodeIgniter->handleRequest(null, Object(Config\Cache), false)
11 FCPATH/index.php(55): CodeIgniter\CodeIgniter->run()
12 SYSTEMPATH/Commands/Server/rewrite.php(43): require_once('FCPATH/index.php')
CRITICAL - 2022-08-19 08:30:53 --> syntax error, unexpected identifier "admin_logged_in", expecting "," or ";"
in APPPATH/Views/Assets/header.php on line 55.
 1 SYSTEMPATH/View/View.php(216): CodeIgniter\View\View->CodeIgniter\View\{closure}()
 2 SYSTEMPATH/Common.php(1135): CodeIgniter\View\View->render('Assets/header', [], true)
 3 APPPATH/Views/Admin/userView.php(6): view('Assets/header')
 4 SYSTEMPATH/View/View.php(213): include('APPPATH/Views/Admin/userView.php')
 5 SYSTEMPATH/View/View.php(216): CodeIgniter\View\View->CodeIgniter\View\{closure}()
 6 SYSTEMPATH/Common.php(1135): CodeIgniter\View\View->render('Admin/userView', [], true)
 7 APPPATH/Controllers/UserAccount.php(146): view('Admin/userView', [...])
 8 SYSTEMPATH/CodeIgniter.php(896): App\Controllers\UserAccount->showUserView()
 9 SYSTEMPATH/CodeIgniter.php(466): CodeIgniter\CodeIgniter->runController(Object(App\Controllers\UserAccount))
10 SYSTEMPATH/CodeIgniter.php(349): CodeIgniter\CodeIgniter->handleRequest(null, Object(Config\Cache), false)
11 FCPATH/index.php(55): CodeIgniter\CodeIgniter->run()
12 SYSTEMPATH/Commands/Server/rewrite.php(43): require_once('FCPATH/index.php')
CRITICAL - 2022-08-19 08:46:29 --> Undefined array key "userId"
in APPPATH/Controllers/UserAccount.php on line 191.
 1 APPPATH/Controllers/UserAccount.php(191): CodeIgniter\Debug\Exceptions->errorHandler(2, 'Undefined array key "userId"', 'APPPATH/Controllers/UserAccount.php', 191)
 2 SYSTEMPATH/CodeIgniter.php(896): App\Controllers\UserAccount->profileUpdate()
 3 SYSTEMPATH/CodeIgniter.php(466): CodeIgniter\CodeIgniter->runController(Object(App\Controllers\UserAccount))
 4 SYSTEMPATH/CodeIgniter.php(349): CodeIgniter\CodeIgniter->handleRequest(null, Object(Config\Cache), false)
 5 FCPATH/index.php(55): CodeIgniter\CodeIgniter->run()
 6 SYSTEMPATH/Commands/Server/rewrite.php(43): require_once('FCPATH/index.php')
CRITICAL - 2022-08-19 08:47:01 --> Undefined variable $session
in APPPATH/Controllers/UserAccount.php on line 199.
 1 APPPATH/Controllers/UserAccount.php(199): CodeIgniter\Debug\Exceptions->errorHandler(2, 'Undefined variable $session', 'APPPATH/Controllers/UserAccount.php', 199)
 2 SYSTEMPATH/CodeIgniter.php(896): App\Controllers\UserAccount->profileUpdate()
 3 SYSTEMPATH/CodeIgniter.php(466): CodeIgniter\CodeIgniter->runController(Object(App\Controllers\UserAccount))
 4 SYSTEMPATH/CodeIgniter.php(349): CodeIgniter\CodeIgniter->handleRequest(null, Object(Config\Cache), false)
 5 FCPATH/index.php(55): CodeIgniter\CodeIgniter->run()
 6 SYSTEMPATH/Commands/Server/rewrite.php(43): require_once('FCPATH/index.php')
ERROR - 2022-08-19 10:08:17 --> Column 'name' cannot be null
CRITICAL - 2022-08-19 10:08:17 --> Column 'name' cannot be null
in SYSTEMPATH/Database/MySQLi/Connection.php on line 292.
 1 SYSTEMPATH/Database/MySQLi/Connection.php(292): mysqli->query('INSERT INTO `Classes` (`name`, `description`) VALUES (NULL, NULL)', 0)
 2 SYSTEMPATH/Database/BaseConnection.php(695): CodeIgniter\Database\MySQLi\Connection->execute('INSERT INTO `Classes` (`name`, `description`) VALUES (NULL, NULL)')
 3 SYSTEMPATH/Database/BaseConnection.php(609): CodeIgniter\Database\BaseConnection->simpleQuery('INSERT INTO `Classes` (`name`, `description`) VALUES (NULL, NULL)')
 4 SYSTEMPATH/Database/BaseBuilder.php(1904): CodeIgniter\Database\BaseConnection->query('INSERT INTO `Classes` (`name`, `description`) VALUES (:name:, :description:)', [...], false)
 5 SYSTEMPATH/Model.php(278): CodeIgniter\Database\BaseBuilder->insert()
 6 SYSTEMPATH/BaseModel.php(738): CodeIgniter\Model->doInsert([...])
 7 SYSTEMPATH/Model.php(666): CodeIgniter\BaseModel->insert([...], true)
 8 APPPATH/Controllers/Classes.php(32): CodeIgniter\Model->insert([...])
 9 SYSTEMPATH/CodeIgniter.php(896): App\Controllers\Classes->upload()
10 SYSTEMPATH/CodeIgniter.php(466): CodeIgniter\CodeIgniter->runController(Object(App\Controllers\Classes))
11 SYSTEMPATH/CodeIgniter.php(349): CodeIgniter\CodeIgniter->handleRequest(null, Object(Config\Cache), false)
12 FCPATH/index.php(55): CodeIgniter\CodeIgniter->run()
13 SYSTEMPATH/Commands/Server/rewrite.php(43): require_once('FCPATH/index.php')
CRITICAL - 2022-08-19 10:08:17 --> Allowed memory size of 134217728 bytes exhausted (tried to allocate 109963288 bytes)
in VENDORPATH/laminas/laminas-escaper/src/Escaper.php on line 183.
 1 [internal function]: CodeIgniter\Debug\Exceptions->shutdownHandler()
CRITICAL - 2022-08-19 10:20:00 --> Undefined array key "video"
in APPPATH/Controllers/Classes.php on line 25.
 1 APPPATH/Controllers/Classes.php(25): CodeIgniter\Debug\Exceptions->errorHandler(2, 'Undefined array key "video"', 'APPPATH/Controllers/Classes.php', 25)
 2 SYSTEMPATH/CodeIgniter.php(896): App\Controllers\Classes->upload()
 3 SYSTEMPATH/CodeIgniter.php(466): CodeIgniter\CodeIgniter->runController(Object(App\Controllers\Classes))
 4 SYSTEMPATH/CodeIgniter.php(349): CodeIgniter\CodeIgniter->handleRequest(null, Object(Config\Cache), false)
 5 FCPATH/index.php(55): CodeIgniter\CodeIgniter->run()
 6 SYSTEMPATH/Commands/Server/rewrite.php(43): require_once('FCPATH/index.php')
CRITICAL - 2022-08-19 10:20:00 --> Allowed memory size of 134217728 bytes exhausted (tried to allocate 109961304 bytes)
in VENDORPATH/laminas/laminas-escaper/src/Escaper.php on line 183.
 1 [internal function]: CodeIgniter\Debug\Exceptions->shutdownHandler()
CRITICAL - 2022-08-19 10:22:06 --> Undefined array key "video"
in APPPATH/Controllers/Classes.php on line 25.
 1 APPPATH/Controllers/Classes.php(25): CodeIgniter\Debug\Exceptions->errorHandler(2, 'Undefined array key "video"', 'APPPATH/Controllers/Classes.php', 25)
 2 SYSTEMPATH/CodeIgniter.php(896): App\Controllers\Classes->upload()
 3 SYSTEMPATH/CodeIgniter.php(466): CodeIgniter\CodeIgniter->runController(Object(App\Controllers\Classes))
 4 SYSTEMPATH/CodeIgniter.php(349): CodeIgniter\CodeIgniter->handleRequest(null, Object(Config\Cache), false)
 5 FCPATH/index.php(55): CodeIgniter\CodeIgniter->run()
 6 SYSTEMPATH/Commands/Server/rewrite.php(43): require_once('FCPATH/index.php')
CRITICAL - 2022-08-19 10:24:52 --> Undefined array key "file"
in APPPATH/Controllers/Classes.php on line 25.
 1 APPPATH/Controllers/Classes.php(25): CodeIgniter\Debug\Exceptions->errorHandler(2, 'Undefined array key "file"', 'APPPATH/Controllers/Classes.php', 25)
 2 SYSTEMPATH/CodeIgniter.php(896): App\Controllers\Classes->upload()
 3 SYSTEMPATH/CodeIgniter.php(466): CodeIgniter\CodeIgniter->runController(Object(App\Controllers\Classes))
 4 SYSTEMPATH/CodeIgniter.php(349): CodeIgniter\CodeIgniter->handleRequest(null, Object(Config\Cache), false)
 5 FCPATH/index.php(55): CodeIgniter\CodeIgniter->run()
 6 SYSTEMPATH/Commands/Server/rewrite.php(43): require_once('FCPATH/index.php')
ERROR - 2022-08-19 10:25:44 --> Column 'name' cannot be null
CRITICAL - 2022-08-19 10:25:44 --> Column 'name' cannot be null
in SYSTEMPATH/Database/MySQLi/Connection.php on line 292.
 1 SYSTEMPATH/Database/MySQLi/Connection.php(292): mysqli->query('INSERT INTO `Classes` (`name`, `description`) VALUES (NULL, NULL)', 0)
 2 SYSTEMPATH/Database/BaseConnection.php(695): CodeIgniter\Database\MySQLi\Connection->execute('INSERT INTO `Classes` (`name`, `description`) VALUES (NULL, NULL)')
 3 SYSTEMPATH/Database/BaseConnection.php(609): CodeIgniter\Database\BaseConnection->simpleQuery('INSERT INTO `Classes` (`name`, `description`) VALUES (NULL, NULL)')
 4 SYSTEMPATH/Database/BaseBuilder.php(1904): CodeIgniter\Database\BaseConnection->query('INSERT INTO `Classes` (`name`, `description`) VALUES (:name:, :description:)', [...], false)
 5 SYSTEMPATH/Model.php(278): CodeIgniter\Database\BaseBuilder->insert()
 6 SYSTEMPATH/BaseModel.php(738): CodeIgniter\Model->doInsert([...])
 7 SYSTEMPATH/Model.php(666): CodeIgniter\BaseModel->insert([...], true)
 8 APPPATH/Controllers/Classes.php(34): CodeIgniter\Model->insert([...])
 9 SYSTEMPATH/CodeIgniter.php(896): App\Controllers\Classes->upload()
10 SYSTEMPATH/CodeIgniter.php(466): CodeIgniter\CodeIgniter->runController(Object(App\Controllers\Classes))
11 SYSTEMPATH/CodeIgniter.php(349): CodeIgniter\CodeIgniter->handleRequest(null, Object(Config\Cache), false)
12 FCPATH/index.php(55): CodeIgniter\CodeIgniter->run()
13 SYSTEMPATH/Commands/Server/rewrite.php(43): require_once('FCPATH/index.php')
ERROR - 2022-08-19 10:26:46 --> Column 'name' cannot be null
CRITICAL - 2022-08-19 10:26:46 --> Column 'name' cannot be null
in SYSTEMPATH/Database/MySQLi/Connection.php on line 292.
 1 SYSTEMPATH/Database/MySQLi/Connection.php(292): mysqli->query('INSERT INTO `Classes` (`name`, `description`) VALUES (NULL, NULL)', 0)
 2 SYSTEMPATH/Database/BaseConnection.php(695): CodeIgniter\Database\MySQLi\Connection->execute('INSERT INTO `Classes` (`name`, `description`) VALUES (NULL, NULL)')
 3 SYSTEMPATH/Database/BaseConnection.php(609): CodeIgniter\Database\BaseConnection->simpleQuery('INSERT INTO `Classes` (`name`, `description`) VALUES (NULL, NULL)')
 4 SYSTEMPATH/Database/BaseBuilder.php(1904): CodeIgniter\Database\BaseConnection->query('INSERT INTO `Classes` (`name`, `description`) VALUES (:name:, :description:)', [...], false)
 5 SYSTEMPATH/Model.php(278): CodeIgniter\Database\BaseBuilder->insert()
 6 SYSTEMPATH/BaseModel.php(738): CodeIgniter\Model->doInsert([...])
 7 SYSTEMPATH/Model.php(666): CodeIgniter\BaseModel->insert([...], true)
 8 APPPATH/Controllers/Classes.php(34): CodeIgniter\Model->insert([...])
 9 SYSTEMPATH/CodeIgniter.php(896): App\Controllers\Classes->upload()
10 SYSTEMPATH/CodeIgniter.php(466): CodeIgniter\CodeIgniter->runController(Object(App\Controllers\Classes))
11 SYSTEMPATH/CodeIgniter.php(349): CodeIgniter\CodeIgniter->handleRequest(null, Object(Config\Cache), false)
12 FCPATH/index.php(55): CodeIgniter\CodeIgniter->run()
13 SYSTEMPATH/Commands/Server/rewrite.php(43): require_once('FCPATH/index.php')
ERROR - 2022-08-19 10:27:34 --> Column 'name' cannot be null
CRITICAL - 2022-08-19 10:27:34 --> Column 'name' cannot be null
in SYSTEMPATH/Database/MySQLi/Connection.php on line 292.
 1 SYSTEMPATH/Database/MySQLi/Connection.php(292): mysqli->query('INSERT INTO `Classes` (`name`, `description`) VALUES (NULL, NULL)', 0)
 2 SYSTEMPATH/Database/BaseConnection.php(695): CodeIgniter\Database\MySQLi\Connection->execute('INSERT INTO `Classes` (`name`, `description`) VALUES (NULL, NULL)')
 3 SYSTEMPATH/Database/BaseConnection.php(609): CodeIgniter\Database\BaseConnection->simpleQuery('INSERT INTO `Classes` (`name`, `description`) VALUES (NULL, NULL)')
 4 SYSTEMPATH/Database/BaseBuilder.php(1904): CodeIgniter\Database\BaseConnection->query('INSERT INTO `Classes` (`name`, `description`) VALUES (:name:, :description:)', [...], false)
 5 SYSTEMPATH/Model.php(278): CodeIgniter\Database\BaseBuilder->insert()
 6 SYSTEMPATH/BaseModel.php(738): CodeIgniter\Model->doInsert([...])
 7 SYSTEMPATH/Model.php(666): CodeIgniter\BaseModel->insert([...], true)
 8 APPPATH/Controllers/Classes.php(34): CodeIgniter\Model->insert([...])
 9 SYSTEMPATH/CodeIgniter.php(896): App\Controllers\Classes->upload()
10 SYSTEMPATH/CodeIgniter.php(466): CodeIgniter\CodeIgniter->runController(Object(App\Controllers\Classes))
11 SYSTEMPATH/CodeIgniter.php(349): CodeIgniter\CodeIgniter->handleRequest(null, Object(Config\Cache), false)
12 FCPATH/index.php(55): CodeIgniter\CodeIgniter->run()
13 SYSTEMPATH/Commands/Server/rewrite.php(43): require_once('FCPATH/index.php')
CRITICAL - 2022-08-19 11:00:40 --> Undefined property: App\Controllers\Classes::$video.mp4
in APPPATH/Controllers/Classes.php on line 30.
 1 APPPATH/Controllers/Classes.php(30): CodeIgniter\Debug\Exceptions->errorHandler(2, 'Undefined property: App\\Controllers\\Classes::$video.mp4', 'APPPATH/Controllers/Classes.php', 30)
 2 SYSTEMPATH/CodeIgniter.php(896): App\Controllers\Classes->upload()
 3 SYSTEMPATH/CodeIgniter.php(466): CodeIgniter\CodeIgniter->runController(Object(App\Controllers\Classes))
 4 SYSTEMPATH/CodeIgniter.php(349): CodeIgniter\CodeIgniter->handleRequest(null, Object(Config\Cache), false)
 5 FCPATH/index.php(55): CodeIgniter\CodeIgniter->run()
 6 SYSTEMPATH/Commands/Server/rewrite.php(43): require_once('FCPATH/index.php')
CRITICAL - 2022-08-19 11:13:50 --> Unmatched '}'
in APPPATH/Controllers/Classes.php on line 81.
 1 SYSTEMPATH/Autoloader/Autoloader.php(261): CodeIgniter\Autoloader\Autoloader->includeFile('APPPATH/Controllers/Classes.php')
 2 SYSTEMPATH/Autoloader/Autoloader.php(239): CodeIgniter\Autoloader\Autoloader->loadInNamespace('App\\Controllers\\Classes')
 3 [internal function]: CodeIgniter\Autoloader\Autoloader->loadClass('App\\Controllers\\Classes')
 4 SYSTEMPATH/CodeIgniter.php(846): class_exists('\\App\\Controllers\\Classes', true)
 5 SYSTEMPATH/CodeIgniter.php(453): CodeIgniter\CodeIgniter->startController()
 6 SYSTEMPATH/CodeIgniter.php(349): CodeIgniter\CodeIgniter->handleRequest(null, Object(Config\Cache), false)
 7 FCPATH/index.php(55): CodeIgniter\CodeIgniter->run()
 8 SYSTEMPATH/Commands/Server/rewrite.php(43): require_once('FCPATH/index.php')
CRITICAL - 2022-08-19 11:13:58 --> syntax error, unexpected token "public", expecting end of file
in APPPATH/Controllers/Classes.php on line 82.
 1 SYSTEMPATH/Autoloader/Autoloader.php(261): CodeIgniter\Autoloader\Autoloader->includeFile('APPPATH/Controllers/Classes.php')
 2 SYSTEMPATH/Autoloader/Autoloader.php(239): CodeIgniter\Autoloader\Autoloader->loadInNamespace('App\\Controllers\\Classes')
 3 [internal function]: CodeIgniter\Autoloader\Autoloader->loadClass('App\\Controllers\\Classes')
 4 SYSTEMPATH/CodeIgniter.php(846): class_exists('\\App\\Controllers\\Classes', true)
 5 SYSTEMPATH/CodeIgniter.php(453): CodeIgniter\CodeIgniter->startController()
 6 SYSTEMPATH/CodeIgniter.php(349): CodeIgniter\CodeIgniter->handleRequest(null, Object(Config\Cache), false)
 7 FCPATH/index.php(55): CodeIgniter\CodeIgniter->run()
 8 SYSTEMPATH/Commands/Server/rewrite.php(43): require_once('FCPATH/index.php')
CRITICAL - 2022-08-19 11:14:26 --> Undefined property: App\Controllers\Classes::$input
in APPPATH/Controllers/Classes.php on line 22.
 1 APPPATH/Controllers/Classes.php(22): CodeIgniter\Debug\Exceptions->errorHandler(2, 'Undefined property: App\\Controllers\\Classes::$input', 'APPPATH/Controllers/Classes.php', 22)
 2 SYSTEMPATH/CodeIgniter.php(896): App\Controllers\Classes->upload()
 3 SYSTEMPATH/CodeIgniter.php(466): CodeIgniter\CodeIgniter->runController(Object(App\Controllers\Classes))
 4 SYSTEMPATH/CodeIgniter.php(349): CodeIgniter\CodeIgniter->handleRequest(null, Object(Config\Cache), false)
 5 FCPATH/index.php(55): CodeIgniter\CodeIgniter->run()
 6 SYSTEMPATH/Commands/Server/rewrite.php(43): require_once('FCPATH/index.php')
CRITICAL - 2022-08-19 11:15:17 --> Undefined property: App\Controllers\Classes::$error
in APPPATH/Controllers/Classes.php on line 74.
 1 APPPATH/Controllers/Classes.php(74): CodeIgniter\Debug\Exceptions->errorHandler(2, 'Undefined property: App\\Controllers\\Classes::$error', 'APPPATH/Controllers/Classes.php', 74)
 2 SYSTEMPATH/CodeIgniter.php(896): App\Controllers\Classes->upload()
 3 SYSTEMPATH/CodeIgniter.php(466): CodeIgniter\CodeIgniter->runController(Object(App\Controllers\Classes))
 4 SYSTEMPATH/CodeIgniter.php(349): CodeIgniter\CodeIgniter->handleRequest(null, Object(Config\Cache), false)
 5 FCPATH/index.php(55): CodeIgniter\CodeIgniter->run()
 6 SYSTEMPATH/Commands/Server/rewrite.php(43): require_once('FCPATH/index.php')
CRITICAL - 2022-08-19 11:18:48 --> Undefined property: App\Controllers\Classes::$error
in APPPATH/Controllers/Classes.php on line 74.
 1 APPPATH/Controllers/Classes.php(74): CodeIgniter\Debug\Exceptions->errorHandler(2, 'Undefined property: App\\Controllers\\Classes::$error', 'APPPATH/Controllers/Classes.php', 74)
 2 SYSTEMPATH/CodeIgniter.php(896): App\Controllers\Classes->upload()
 3 SYSTEMPATH/CodeIgniter.php(466): CodeIgniter\CodeIgniter->runController(Object(App\Controllers\Classes))
 4 SYSTEMPATH/CodeIgniter.php(349): CodeIgniter\CodeIgniter->handleRequest(null, Object(Config\Cache), false)
 5 FCPATH/index.php(55): CodeIgniter\CodeIgniter->run()
 6 SYSTEMPATH/Commands/Server/rewrite.php(43): require_once('FCPATH/index.php')
CRITICAL - 2022-08-19 11:19:54 --> syntax error, unexpected token "public"
in APPPATH/Controllers/Classes.php on line 80.
 1 SYSTEMPATH/Autoloader/Autoloader.php(261): CodeIgniter\Autoloader\Autoloader->includeFile('APPPATH/Controllers/Classes.php')
 2 SYSTEMPATH/Autoloader/Autoloader.php(239): CodeIgniter\Autoloader\Autoloader->loadInNamespace('App\\Controllers\\Classes')
 3 [internal function]: CodeIgniter\Autoloader\Autoloader->loadClass('App\\Controllers\\Classes')
 4 SYSTEMPATH/CodeIgniter.php(846): class_exists('\\App\\Controllers\\Classes', true)
 5 SYSTEMPATH/CodeIgniter.php(453): CodeIgniter\CodeIgniter->startController()
 6 SYSTEMPATH/CodeIgniter.php(349): CodeIgniter\CodeIgniter->handleRequest(null, Object(Config\Cache), false)
 7 FCPATH/index.php(55): CodeIgniter\CodeIgniter->run()
 8 SYSTEMPATH/Commands/Server/rewrite.php(43): require_once('FCPATH/index.php')
CRITICAL - 2022-08-19 11:41:24 --> Undefined property: App\Controllers\Classes::$load_
in APPPATH/Controllers/Classes.php on line 27.
 1 APPPATH/Controllers/Classes.php(27): CodeIgniter\Debug\Exceptions->errorHandler(2, 'Undefined property: App\\Controllers\\Classes::$load_', 'APPPATH/Controllers/Classes.php', 27)
 2 SYSTEMPATH/CodeIgniter.php(896): App\Controllers\Classes->upload()
 3 SYSTEMPATH/CodeIgniter.php(466): CodeIgniter\CodeIgniter->runController(Object(App\Controllers\Classes))
 4 SYSTEMPATH/CodeIgniter.php(349): CodeIgniter\CodeIgniter->handleRequest(null, Object(Config\Cache), false)
 5 FCPATH/index.php(55): CodeIgniter\CodeIgniter->run()
 6 SYSTEMPATH/Commands/Server/rewrite.php(43): require_once('FCPATH/index.php')
CRITICAL - 2022-08-19 11:41:48 --> Undefined property: App\Controllers\Classes::$load
in APPPATH/Controllers/Classes.php on line 27.
 1 APPPATH/Controllers/Classes.php(27): CodeIgniter\Debug\Exceptions->errorHandler(2, 'Undefined property: App\\Controllers\\Classes::$load', 'APPPATH/Controllers/Classes.php', 27)
 2 SYSTEMPATH/CodeIgniter.php(896): App\Controllers\Classes->upload()
 3 SYSTEMPATH/CodeIgniter.php(466): CodeIgniter\CodeIgniter->runController(Object(App\Controllers\Classes))
 4 SYSTEMPATH/CodeIgniter.php(349): CodeIgniter\CodeIgniter->handleRequest(null, Object(Config\Cache), false)
 5 FCPATH/index.php(55): CodeIgniter\CodeIgniter->run()
 6 SYSTEMPATH/Commands/Server/rewrite.php(43): require_once('FCPATH/index.php')
CRITICAL - 2022-08-19 11:43:50 --> Undefined property: App\Controllers\Classes::$load
in APPPATH/Controllers/Classes.php on line 27.
 1 APPPATH/Controllers/Classes.php(27): CodeIgniter\Debug\Exceptions->errorHandler(2, 'Undefined property: App\\Controllers\\Classes::$load', 'APPPATH/Controllers/Classes.php', 27)
 2 SYSTEMPATH/CodeIgniter.php(896): App\Controllers\Classes->upload()
 3 SYSTEMPATH/CodeIgniter.php(466): CodeIgniter\CodeIgniter->runController(Object(App\Controllers\Classes))
 4 SYSTEMPATH/CodeIgniter.php(349): CodeIgniter\CodeIgniter->handleRequest(null, Object(Config\Cache), false)
 5 FCPATH/index.php(55): CodeIgniter\CodeIgniter->run()
 6 SYSTEMPATH/Commands/Server/rewrite.php(43): require_once('FCPATH/index.php')
CRITICAL - 2022-08-19 11:43:52 --> Call to undefined function form_open_multipart()
in APPPATH/Views/Classes/uploadView.php on line 10.
 1 SYSTEMPATH/View/View.php(213): include()
 2 SYSTEMPATH/View/View.php(216): CodeIgniter\View\View->CodeIgniter\View\{closure}()
 3 SYSTEMPATH/Common.php(1135): CodeIgniter\View\View->render('Classes/uploadView', [], true)
 4 APPPATH/Controllers/Classes.php(12): view('Classes/uploadView')
 5 SYSTEMPATH/CodeIgniter.php(896): App\Controllers\Classes->uploadView()
 6 SYSTEMPATH/CodeIgniter.php(466): CodeIgniter\CodeIgniter->runController(Object(App\Controllers\Classes))
 7 SYSTEMPATH/CodeIgniter.php(349): CodeIgniter\CodeIgniter->handleRequest(null, Object(Config\Cache), false)
 8 FCPATH/index.php(55): CodeIgniter\CodeIgniter->run()
 9 SYSTEMPATH/Commands/Server/rewrite.php(43): require_once('FCPATH/index.php')
CRITICAL - 2022-08-19 11:43:55 --> Call to undefined function form_open_multipart()
in APPPATH/Views/Classes/uploadView.php on line 10.
 1 SYSTEMPATH/View/View.php(213): include()
 2 SYSTEMPATH/View/View.php(216): CodeIgniter\View\View->CodeIgniter\View\{closure}()
 3 SYSTEMPATH/Common.php(1135): CodeIgniter\View\View->render('Classes/uploadView', [], true)
 4 APPPATH/Controllers/Classes.php(12): view('Classes/uploadView')
 5 SYSTEMPATH/CodeIgniter.php(896): App\Controllers\Classes->uploadView()
 6 SYSTEMPATH/CodeIgniter.php(466): CodeIgniter\CodeIgniter->runController(Object(App\Controllers\Classes))
 7 SYSTEMPATH/CodeIgniter.php(349): CodeIgniter\CodeIgniter->handleRequest(null, Object(Config\Cache), false)
 8 FCPATH/index.php(55): CodeIgniter\CodeIgniter->run()
 9 SYSTEMPATH/Commands/Server/rewrite.php(43): require_once('FCPATH/index.php')
CRITICAL - 2022-08-19 11:47:37 --> Call to undefined function form_open_multipart()
in APPPATH/Views/Classes/uploadView.php on line 10.
 1 SYSTEMPATH/View/View.php(213): include()
 2 SYSTEMPATH/View/View.php(216): CodeIgniter\View\View->CodeIgniter\View\{closure}()
 3 SYSTEMPATH/Common.php(1135): CodeIgniter\View\View->render('Classes/uploadView', [], true)
 4 APPPATH/Controllers/Classes.php(12): view('Classes/uploadView')
 5 SYSTEMPATH/CodeIgniter.php(896): App\Controllers\Classes->uploadView()
 6 SYSTEMPATH/CodeIgniter.php(466): CodeIgniter\CodeIgniter->runController(Object(App\Controllers\Classes))
 7 SYSTEMPATH/CodeIgniter.php(349): CodeIgniter\CodeIgniter->handleRequest(null, Object(Config\Cache), false)
 8 FCPATH/index.php(55): CodeIgniter\CodeIgniter->run()
 9 SYSTEMPATH/Commands/Server/rewrite.php(43): require_once('FCPATH/index.php')
CRITICAL - 2022-08-19 11:51:25 --> Call to undefined function form_open_multipart()
in APPPATH/Views/Classes/uploadView.php on line 10.
 1 SYSTEMPATH/View/View.php(213): include()
 2 SYSTEMPATH/View/View.php(216): CodeIgniter\View\View->CodeIgniter\View\{closure}()
 3 SYSTEMPATH/Common.php(1135): CodeIgniter\View\View->render('Classes/uploadView', [], true)
 4 APPPATH/Controllers/Classes.php(12): view('Classes/uploadView')
 5 SYSTEMPATH/CodeIgniter.php(896): App\Controllers\Classes->uploadView()
 6 SYSTEMPATH/CodeIgniter.php(466): CodeIgniter\CodeIgniter->runController(Object(App\Controllers\Classes))
 7 SYSTEMPATH/CodeIgniter.php(349): CodeIgniter\CodeIgniter->handleRequest(null, Object(Config\Cache), false)
 8 FCPATH/index.php(55): CodeIgniter\CodeIgniter->run()
 9 SYSTEMPATH/Commands/Server/rewrite.php(43): require_once('FCPATH/index.php')
CRITICAL - 2022-08-19 11:52:35 --> base_url(): Argument #2 ($scheme) must be of type ?string, array given, called in /Applications/XAMPP/xamppfiles/htdocs/namaste-hub/app/Controllers/Classes.php on line 25
in SYSTEMPATH/Helpers/url_helper.php on line 101.
 1 APPPATH/Controllers/Classes.php(25): base_url('/video', [...])
 2 SYSTEMPATH/CodeIgniter.php(896): App\Controllers\Classes->upload()
 3 SYSTEMPATH/CodeIgniter.php(466): CodeIgniter\CodeIgniter->runController(Object(App\Controllers\Classes))
 4 SYSTEMPATH/CodeIgniter.php(349): CodeIgniter\CodeIgniter->handleRequest(null, Object(Config\Cache), false)
 5 FCPATH/index.php(55): CodeIgniter\CodeIgniter->run()
 6 SYSTEMPATH/Commands/Server/rewrite.php(43): require_once('FCPATH/index.php')
CRITICAL - 2022-08-19 11:53:08 --> base_url(): Argument #2 ($scheme) must be of type ?string, array given, called in /Applications/XAMPP/xamppfiles/htdocs/namaste-hub/app/Controllers/Classes.php on line 25
in SYSTEMPATH/Helpers/url_helper.php on line 101.
 1 APPPATH/Controllers/Classes.php(25): base_url('/video', [...])
 2 SYSTEMPATH/CodeIgniter.php(896): App\Controllers\Classes->upload()
 3 SYSTEMPATH/CodeIgniter.php(466): CodeIgniter\CodeIgniter->runController(Object(App\Controllers\Classes))
 4 SYSTEMPATH/CodeIgniter.php(349): CodeIgniter\CodeIgniter->handleRequest(null, Object(Config\Cache), false)
 5 FCPATH/index.php(55): CodeIgniter\CodeIgniter->run()
 6 SYSTEMPATH/Commands/Server/rewrite.php(43): require_once('FCPATH/index.php')
ERROR - 2022-08-19 12:00:05 --> Column 'video' cannot be null
CRITICAL - 2022-08-19 12:00:05 --> Column 'video' cannot be null
in SYSTEMPATH/Database/MySQLi/Connection.php on line 292.
 1 SYSTEMPATH/Database/MySQLi/Connection.php(292): mysqli->query('INSERT INTO `Classes` (`video`, `name`, `description`) VALUES (NULL, \'Yoga With Owner\', \'Yoga is great\')', 0)
 2 SYSTEMPATH/Database/BaseConnection.php(695): CodeIgniter\Database\MySQLi\Connection->execute('INSERT INTO `Classes` (`video`, `name`, `description`) VALUES (NULL, \'Yoga With Owner\', \'Yoga is great\')')
 3 SYSTEMPATH/Database/BaseConnection.php(609): CodeIgniter\Database\BaseConnection->simpleQuery('INSERT INTO `Classes` (`video`, `name`, `description`) VALUES (NULL, \'Yoga With Owner\', \'Yoga is great\')')
 4 SYSTEMPATH/Database/BaseBuilder.php(1904): CodeIgniter\Database\BaseConnection->query('INSERT INTO `Classes` (`video`, `name`, `description`) VALUES (:video:, :name:, :description:)', [...], false)
 5 SYSTEMPATH/Model.php(278): CodeIgniter\Database\BaseBuilder->insert()
 6 SYSTEMPATH/BaseModel.php(738): CodeIgniter\Model->doInsert([...])
 7 SYSTEMPATH/Model.php(666): CodeIgniter\BaseModel->insert([...], true)
 8 APPPATH/Controllers/Classes.php(29): CodeIgniter\Model->insert([...])
 9 SYSTEMPATH/CodeIgniter.php(896): App\Controllers\Classes->upload()
10 SYSTEMPATH/CodeIgniter.php(466): CodeIgniter\CodeIgniter->runController(Object(App\Controllers\Classes))
11 SYSTEMPATH/CodeIgniter.php(349): CodeIgniter\CodeIgniter->handleRequest(null, Object(Config\Cache), false)
12 FCPATH/index.php(55): CodeIgniter\CodeIgniter->run()
13 SYSTEMPATH/Commands/Server/rewrite.php(43): require_once('FCPATH/index.php')
CRITICAL - 2022-08-19 12:15:46 --> Undefined variable $data
in APPPATH/Views/Classes/video.php on line 1.
 1 APPPATH/Views/Classes/video.php(1): CodeIgniter\Debug\Exceptions->errorHandler(2, 'Undefined variable $data', 'APPPATH/Views/Classes/video.php', 1)
 2 SYSTEMPATH/View/View.php(213): include('APPPATH/Views/Classes/video.php')
 3 SYSTEMPATH/View/View.php(216): CodeIgniter\View\View->CodeIgniter\View\{closure}()
 4 SYSTEMPATH/Common.php(1135): CodeIgniter\View\View->render('Classes/video', [], true)
 5 APPPATH/Controllers/Classes.php(25): view('Classes/video', [...])
 6 SYSTEMPATH/CodeIgniter.php(896): App\Controllers\Classes->upload()
 7 SYSTEMPATH/CodeIgniter.php(466): CodeIgniter\CodeIgniter->runController(Object(App\Controllers\Classes))
 8 SYSTEMPATH/CodeIgniter.php(349): CodeIgniter\CodeIgniter->handleRequest(null, Object(Config\Cache), false)
 9 FCPATH/index.php(55): CodeIgniter\CodeIgniter->run()
10 SYSTEMPATH/Commands/Server/rewrite.php(43): require_once('FCPATH/index.php')
CRITICAL - 2022-08-19 12:18:21 --> Undefined variable $data
in APPPATH/Views/Classes/video.php on line 1.
 1 APPPATH/Views/Classes/video.php(1): CodeIgniter\Debug\Exceptions->errorHandler(2, 'Undefined variable $data', 'APPPATH/Views/Classes/video.php', 1)
 2 SYSTEMPATH/View/View.php(213): include('APPPATH/Views/Classes/video.php')
 3 SYSTEMPATH/View/View.php(216): CodeIgniter\View\View->CodeIgniter\View\{closure}()
 4 SYSTEMPATH/Common.php(1135): CodeIgniter\View\View->render('Classes/video', [], true)
 5 APPPATH/Controllers/Classes.php(25): view('Classes/video', [...])
 6 SYSTEMPATH/CodeIgniter.php(896): App\Controllers\Classes->upload()
 7 SYSTEMPATH/CodeIgniter.php(466): CodeIgniter\CodeIgniter->runController(Object(App\Controllers\Classes))
 8 SYSTEMPATH/CodeIgniter.php(349): CodeIgniter\CodeIgniter->handleRequest(null, Object(Config\Cache), false)
 9 FCPATH/index.php(55): CodeIgniter\CodeIgniter->run()
10 SYSTEMPATH/Commands/Server/rewrite.php(43): require_once('FCPATH/index.php')
CRITICAL - 2022-08-19 12:18:43 --> Undefined variable $table
in APPPATH/Views/Classes/video.php on line 1.
 1 APPPATH/Views/Classes/video.php(1): CodeIgniter\Debug\Exceptions->errorHandler(2, 'Undefined variable $table', 'APPPATH/Views/Classes/video.php', 1)
 2 SYSTEMPATH/View/View.php(213): include('APPPATH/Views/Classes/video.php')
 3 SYSTEMPATH/View/View.php(216): CodeIgniter\View\View->CodeIgniter\View\{closure}()
 4 SYSTEMPATH/Common.php(1135): CodeIgniter\View\View->render('Classes/video', [], true)
 5 APPPATH/Controllers/Classes.php(25): view('Classes/video', [...])
 6 SYSTEMPATH/CodeIgniter.php(896): App\Controllers\Classes->upload()
 7 SYSTEMPATH/CodeIgniter.php(466): CodeIgniter\CodeIgniter->runController(Object(App\Controllers\Classes))
 8 SYSTEMPATH/CodeIgniter.php(349): CodeIgniter\CodeIgniter->handleRequest(null, Object(Config\Cache), false)
 9 FCPATH/index.php(55): CodeIgniter\CodeIgniter->run()
10 SYSTEMPATH/Commands/Server/rewrite.php(43): require_once('FCPATH/index.php')
CRITICAL - 2022-08-19 12:21:06 --> Undefined variable $table
in APPPATH/Views/Classes/video.php on line 1.
 1 APPPATH/Views/Classes/video.php(1): CodeIgniter\Debug\Exceptions->errorHandler(2, 'Undefined variable $table', 'APPPATH/Views/Classes/video.php', 1)
 2 SYSTEMPATH/View/View.php(213): include('APPPATH/Views/Classes/video.php')
 3 SYSTEMPATH/View/View.php(216): CodeIgniter\View\View->CodeIgniter\View\{closure}()
 4 SYSTEMPATH/Common.php(1135): CodeIgniter\View\View->render('Classes/video', [], true)
 5 APPPATH/Controllers/Classes.php(25): view('Classes/video', [...])
 6 SYSTEMPATH/CodeIgniter.php(896): App\Controllers\Classes->upload()
 7 SYSTEMPATH/CodeIgniter.php(466): CodeIgniter\CodeIgniter->runController(Object(App\Controllers\Classes))
 8 SYSTEMPATH/CodeIgniter.php(349): CodeIgniter\CodeIgniter->handleRequest(null, Object(Config\Cache), false)
 9 FCPATH/index.php(55): CodeIgniter\CodeIgniter->run()
10 SYSTEMPATH/Commands/Server/rewrite.php(43): require_once('FCPATH/index.php')
CRITICAL - 2022-08-19 12:25:37 --> Cannot access offset of type string on string
in APPPATH/Views/Classes/video.php on line 1.
 1 SYSTEMPATH/View/View.php(213): include()
 2 SYSTEMPATH/View/View.php(216): CodeIgniter\View\View->CodeIgniter\View\{closure}()
 3 SYSTEMPATH/Common.php(1135): CodeIgniter\View\View->render('Classes/video', [], true)
 4 APPPATH/Controllers/Classes.php(25): view('Classes/video', [...])
 5 SYSTEMPATH/CodeIgniter.php(896): App\Controllers\Classes->upload()
 6 SYSTEMPATH/CodeIgniter.php(466): CodeIgniter\CodeIgniter->runController(Object(App\Controllers\Classes))
 7 SYSTEMPATH/CodeIgniter.php(349): CodeIgniter\CodeIgniter->handleRequest(null, Object(Config\Cache), false)
 8 FCPATH/index.php(55): CodeIgniter\CodeIgniter->run()
 9 SYSTEMPATH/Commands/Server/rewrite.php(43): require_once('FCPATH/index.php')
CRITICAL - 2022-08-19 12:30:15 --> Undefined array key "description"
in APPPATH/Views/Classes/video.php on line 3.
 1 APPPATH/Views/Classes/video.php(3): CodeIgniter\Debug\Exceptions->errorHandler(2, 'Undefined array key "description"', 'APPPATH/Views/Classes/video.php', 3)
 2 SYSTEMPATH/View/View.php(213): include('APPPATH/Views/Classes/video.php')
 3 SYSTEMPATH/View/View.php(216): CodeIgniter\View\View->CodeIgniter\View\{closure}()
 4 SYSTEMPATH/Common.php(1135): CodeIgniter\View\View->render('Classes/video', [], true)
 5 APPPATH/Controllers/Classes.php(28): view('Classes/video', [...])
 6 SYSTEMPATH/CodeIgniter.php(896): App\Controllers\Classes->upload()
 7 SYSTEMPATH/CodeIgniter.php(466): CodeIgniter\CodeIgniter->runController(Object(App\Controllers\Classes))
 8 SYSTEMPATH/CodeIgniter.php(349): CodeIgniter\CodeIgniter->handleRequest(null, Object(Config\Cache), false)
 9 FCPATH/index.php(55): CodeIgniter\CodeIgniter->run()
10 SYSTEMPATH/Commands/Server/rewrite.php(43): require_once('FCPATH/index.php')
CRITICAL - 2022-08-19 12:30:19 --> Undefined array key "description"
in APPPATH/Views/Classes/video.php on line 3.
 1 APPPATH/Views/Classes/video.php(3): CodeIgniter\Debug\Exceptions->errorHandler(2, 'Undefined array key "description"', 'APPPATH/Views/Classes/video.php', 3)
 2 SYSTEMPATH/View/View.php(213): include('APPPATH/Views/Classes/video.php')
 3 SYSTEMPATH/View/View.php(216): CodeIgniter\View\View->CodeIgniter\View\{closure}()
 4 SYSTEMPATH/Common.php(1135): CodeIgniter\View\View->render('Classes/video', [], true)
 5 APPPATH/Controllers/Classes.php(28): view('Classes/video', [...])
 6 SYSTEMPATH/CodeIgniter.php(896): App\Controllers\Classes->upload()
 7 SYSTEMPATH/CodeIgniter.php(466): CodeIgniter\CodeIgniter->runController(Object(App\Controllers\Classes))
 8 SYSTEMPATH/CodeIgniter.php(349): CodeIgniter\CodeIgniter->handleRequest(null, Object(Config\Cache), false)
 9 FCPATH/index.php(55): CodeIgniter\CodeIgniter->run()
10 SYSTEMPATH/Commands/Server/rewrite.php(43): require_once('FCPATH/index.php')
CRITICAL - 2022-08-19 13:15:12 --> Class "App\Controllers\videoModel" not found
in APPPATH/Controllers/Classes.php on line 41.
 1 SYSTEMPATH/CodeIgniter.php(896): App\Controllers\Classes->classes()
 2 SYSTEMPATH/CodeIgniter.php(466): CodeIgniter\CodeIgniter->runController(Object(App\Controllers\Classes))
 3 SYSTEMPATH/CodeIgniter.php(349): CodeIgniter\CodeIgniter->handleRequest(null, Object(Config\Cache), false)
 4 FCPATH/index.php(55): CodeIgniter\CodeIgniter->run()
 5 SYSTEMPATH/Commands/Server/rewrite.php(43): require_once('FCPATH/index.php')
CRITICAL - 2022-08-19 13:15:32 --> CodeIgniter\Model::__construct(): Argument #1 ($db) must be of type ?CodeIgniter\Database\ConnectionInterface, int given, called in /Applications/XAMPP/xamppfiles/htdocs/namaste-hub/app/Controllers/Classes.php on line 41
in SYSTEMPATH/Model.php on line 131.
 1 APPPATH/Controllers/Classes.php(41): CodeIgniter\Model->__construct(0)
 2 SYSTEMPATH/CodeIgniter.php(896): App\Controllers\Classes->classes()
 3 SYSTEMPATH/CodeIgniter.php(466): CodeIgniter\CodeIgniter->runController(Object(App\Controllers\Classes))
 4 SYSTEMPATH/CodeIgniter.php(349): CodeIgniter\CodeIgniter->handleRequest(null, Object(Config\Cache), false)
 5 FCPATH/index.php(55): CodeIgniter\CodeIgniter->run()
 6 SYSTEMPATH/Commands/Server/rewrite.php(43): require_once('FCPATH/index.php')
CRITICAL - 2022-08-19 13:52:40 --> Undefined variable $video
in APPPATH/Views/Classes/video.php on line 7.
 1 APPPATH/Views/Classes/video.php(7): CodeIgniter\Debug\Exceptions->errorHandler(2, 'Undefined variable $video', 'APPPATH/Views/Classes/video.php', 7)
 2 SYSTEMPATH/View/View.php(213): include('APPPATH/Views/Classes/video.php')
 3 SYSTEMPATH/View/View.php(216): CodeIgniter\View\View->CodeIgniter\View\{closure}()
 4 SYSTEMPATH/Common.php(1135): CodeIgniter\View\View->render('Classes/video', [], true)
 5 APPPATH/Controllers/Classes.php(37): view('Classes/video')
 6 SYSTEMPATH/CodeIgniter.php(896): App\Controllers\Classes->video()
 7 SYSTEMPATH/CodeIgniter.php(466): CodeIgniter\CodeIgniter->runController(Object(App\Controllers\Classes))
 8 SYSTEMPATH/CodeIgniter.php(349): CodeIgniter\CodeIgniter->handleRequest(null, Object(Config\Cache), false)
 9 FCPATH/index.php(55): CodeIgniter\CodeIgniter->run()
10 SYSTEMPATH/Commands/Server/rewrite.php(43): require_once('FCPATH/index.php')
CRITICAL - 2022-08-19 14:01:10 --> Class "App\Filters\LoggedInAuth" not found
in SYSTEMPATH/Filters/Filters.php on line 166.
 1 SYSTEMPATH/CodeIgniter.php(440): CodeIgniter\Filters\Filters->run('classes', 'before')
 2 SYSTEMPATH/CodeIgniter.php(349): CodeIgniter\CodeIgniter->handleRequest(null, Object(Config\Cache), false)
 3 FCPATH/index.php(55): CodeIgniter\CodeIgniter->run()
 4 SYSTEMPATH/Commands/Server/rewrite.php(43): require_once('FCPATH/index.php')
CRITICAL - 2022-08-19 14:01:52 --> Class "App\Filters\LoggedInAuth" not found
in SYSTEMPATH/Filters/Filters.php on line 166.
 1 SYSTEMPATH/CodeIgniter.php(440): CodeIgniter\Filters\Filters->run('classes', 'before')
 2 SYSTEMPATH/CodeIgniter.php(349): CodeIgniter\CodeIgniter->handleRequest(null, Object(Config\Cache), false)
 3 FCPATH/index.php(55): CodeIgniter\CodeIgniter->run()
 4 SYSTEMPATH/Commands/Server/rewrite.php(43): require_once('FCPATH/index.php')
CRITICAL - 2022-08-19 14:16:45 --> Undefined variable $email
in APPPATH/Views/Users/login.php on line 20.
 1 APPPATH/Views/Users/login.php(20): CodeIgniter\Debug\Exceptions->errorHandler(2, 'Undefined variable $email', 'APPPATH/Views/Users/login.php', 20)
 2 SYSTEMPATH/View/View.php(213): include('APPPATH/Views/Users/login.php')
 3 SYSTEMPATH/View/View.php(216): CodeIgniter\View\View->CodeIgniter\View\{closure}()
 4 SYSTEMPATH/Common.php(1135): CodeIgniter\View\View->render('Users/login', [], true)
 5 APPPATH/Controllers/Login.php(11): view('Users/login')
 6 SYSTEMPATH/CodeIgniter.php(896): App\Controllers\Login->login()
 7 SYSTEMPATH/CodeIgniter.php(466): CodeIgniter\CodeIgniter->runController(Object(App\Controllers\Login))
 8 SYSTEMPATH/CodeIgniter.php(349): CodeIgniter\CodeIgniter->handleRequest(null, Object(Config\Cache), false)
 9 FCPATH/index.php(55): CodeIgniter\CodeIgniter->run()
10 SYSTEMPATH/Commands/Server/rewrite.php(43): require_once('FCPATH/index.php')
CRITICAL - 2022-08-19 14:23:46 --> Undefined variable $session
in APPPATH/Controllers/UserAccount.php on line 138.
 1 APPPATH/Controllers/UserAccount.php(138): CodeIgniter\Debug\Exceptions->errorHandler(2, 'Undefined variable $session', 'APPPATH/Controllers/UserAccount.php', 138)
 2 SYSTEMPATH/CodeIgniter.php(896): App\Controllers\UserAccount->addUser()
 3 SYSTEMPATH/CodeIgniter.php(466): CodeIgniter\CodeIgniter->runController(Object(App\Controllers\UserAccount))
 4 SYSTEMPATH/CodeIgniter.php(349): CodeIgniter\CodeIgniter->handleRequest(null, Object(Config\Cache), false)
 5 FCPATH/index.php(55): CodeIgniter\CodeIgniter->run()
 6 SYSTEMPATH/Commands/Server/rewrite.php(43): require_once('FCPATH/index.php')
CRITICAL - 2022-08-19 14:24:35 --> Undefined variable $email
in APPPATH/Views/Users/login.php on line 20.
 1 APPPATH/Views/Users/login.php(20): CodeIgniter\Debug\Exceptions->errorHandler(2, 'Undefined variable $email', 'APPPATH/Views/Users/login.php', 20)
 2 SYSTEMPATH/View/View.php(213): include('APPPATH/Views/Users/login.php')
 3 SYSTEMPATH/View/View.php(216): CodeIgniter\View\View->CodeIgniter\View\{closure}()
 4 SYSTEMPATH/Common.php(1135): CodeIgniter\View\View->render('Users/login', [], true)
 5 APPPATH/Controllers/Login.php(11): view('Users/login')
 6 SYSTEMPATH/CodeIgniter.php(896): App\Controllers\Login->login()
 7 SYSTEMPATH/CodeIgniter.php(466): CodeIgniter\CodeIgniter->runController(Object(App\Controllers\Login))
 8 SYSTEMPATH/CodeIgniter.php(349): CodeIgniter\CodeIgniter->handleRequest(null, Object(Config\Cache), false)
 9 FCPATH/index.php(55): CodeIgniter\CodeIgniter->run()
10 SYSTEMPATH/Commands/Server/rewrite.php(43): require_once('FCPATH/index.php')
